

Microchip MPLAB XC8 Assembler V2.41 build 20230208172133 
                                                                                               Wed Aug 02 23:55:35 2023

Microchip MPLAB XC8 C Compiler v2.41 (Free license) build 20230208172133 Og1 
     1                           	processor	16F887
     2                           	pagewidth 120
     3                           	opt	flic
     4                           	psect	cinit,global,class=CODE,merge=1,delta=2
     5                           	psect	cstackCOMMON,global,class=COMMON,space=1,delta=1,noexec
     6                           	psect	maintext,global,class=CODE,split=1,delta=2
     7                           	psect	text1,local,class=CODE,merge=1,delta=2
     8                           	psect	text2,local,class=CODE,merge=1,delta=2
     9                           	psect	text3,local,class=CODE,merge=1,delta=2
    10                           	psect	text4,local,class=CODE,merge=1,delta=2
    11                           	psect	text5,local,class=CODE,merge=1,delta=2
    12                           	psect	intentry,global,class=CODE,delta=2
    13                           	psect	text6,local,class=CODE,merge=1,delta=2
    14                           	psect	text7,local,class=CODE,merge=1,delta=2
    15                           	psect	text8,local,class=CODE,merge=1,delta=2
    16                           	psect	config,global,abs,ovrld,class=CONFIG,space=4,delta=2,noexec
    17                           	dabs	1,0x7E,2
    18     0000                     
    19                           ; Generated 22/03/2023 GMT
    20                           ; 
    21                           ; Copyright © 2023, Microchip Technology Inc. and its subsidiaries ("Microchip")
    22                           ; All rights reserved.
    23                           ; 
    24                           ; This software is developed by Microchip Technology Inc. and its subsidiaries ("Microch
      +                          ip").
    25                           ; 
    26                           ; Redistribution and use in source and binary forms, with or without modification, are
    27                           ; permitted provided that the following conditions are met:
    28                           ; 
    29                           ;     1. Redistributions of source code must retain the above copyright notice, this lis
      +                          t of
    30                           ;        conditions and the following disclaimer.
    31                           ; 
    32                           ;     2. Redistributions in binary form must reproduce the above copyright notice, this 
      +                          list
    33                           ;        of conditions and the following disclaimer in the documentation and/or other
    34                           ;        materials provided with the distribution. Publication is not required when
    35                           ;        this file is used in an embedded application.
    36                           ; 
    37                           ;     3. Microchip's name may not be used to endorse or promote products derived from th
      +                          is
    38                           ;        software without specific prior written permission.
    39                           ; 
    40                           ; THIS SOFTWARE IS PROVIDED BY MICROCHIP "AS IS" AND ANY EXPRESS OR IMPLIED WARRANTIES,
    41                           ; INCLUDING, BUT NOT LIMITED TO, THE IMPLIED WARRANTIES OF MERCHANTABILITY AND FITNESS F
      +                          OR
    42                           ; PURPOSE ARE DISCLAIMED.  IN NO EVENT SHALL MICROCHIP BE LIABLE FOR ANY DIRECT, INDIREC
      +                          T,
    43                           ; INCIDENTAL, SPECIAL, EXEMPLARY, OR CONSEQUENTIAL DAMAGES (INCLUDING BUT NOT LIMITED TO
    44                           ; PROCUREMENT OF SUBSTITUTE GOODS OR SERVICES; LOSS OF USE, DATA OR PROFITS; OR BUSINESS
    45                           ; INTERRUPTION) HOWSOEVER CAUSED AND ON ANY THEORY OF LIABILITY, WHETHER IN CONTRACT, ST
      +                          RICT
    46                           ; LIABILITY, OR TORT (INCLUDING NEGLIGENCE OR OTHERWISE) ARISING IN ANY WAY OUT OF THE U
      +                          SE OF
    47                           ; THIS SOFTWARE, EVEN IF ADVISED OF THE POSSIBILITY OF SUCH DAMAGE.
    48                           ; 
    49                           ; 
    50                           ; Code-generator required, PIC16F887 Definitions
    51                           ; 
    52                           ; SFR Addresses
    53     0000                     	;# 
    54     0001                     	;# 
    55     0002                     	;# 
    56     0003                     	;# 
    57     0004                     	;# 
    58     0005                     	;# 
    59     0006                     	;# 
    60     0007                     	;# 
    61     0008                     	;# 
    62     0009                     	;# 
    63     000A                     	;# 
    64     000B                     	;# 
    65     000C                     	;# 
    66     000D                     	;# 
    67     000E                     	;# 
    68     000E                     	;# 
    69     000F                     	;# 
    70     0010                     	;# 
    71     0011                     	;# 
    72     0012                     	;# 
    73     0013                     	;# 
    74     0014                     	;# 
    75     0015                     	;# 
    76     0015                     	;# 
    77     0016                     	;# 
    78     0017                     	;# 
    79     0018                     	;# 
    80     0019                     	;# 
    81     001A                     	;# 
    82     001B                     	;# 
    83     001B                     	;# 
    84     001C                     	;# 
    85     001D                     	;# 
    86     001E                     	;# 
    87     001F                     	;# 
    88     0081                     	;# 
    89     0085                     	;# 
    90     0086                     	;# 
    91     0087                     	;# 
    92     0088                     	;# 
    93     0089                     	;# 
    94     008C                     	;# 
    95     008D                     	;# 
    96     008E                     	;# 
    97     008F                     	;# 
    98     0090                     	;# 
    99     0091                     	;# 
   100     0092                     	;# 
   101     0093                     	;# 
   102     0093                     	;# 
   103     0093                     	;# 
   104     0094                     	;# 
   105     0095                     	;# 
   106     0096                     	;# 
   107     0097                     	;# 
   108     0098                     	;# 
   109     0099                     	;# 
   110     009A                     	;# 
   111     009B                     	;# 
   112     009C                     	;# 
   113     009D                     	;# 
   114     009E                     	;# 
   115     009F                     	;# 
   116     0105                     	;# 
   117     0107                     	;# 
   118     0108                     	;# 
   119     0109                     	;# 
   120     010C                     	;# 
   121     010C                     	;# 
   122     010D                     	;# 
   123     010E                     	;# 
   124     010F                     	;# 
   125     0185                     	;# 
   126     0187                     	;# 
   127     0188                     	;# 
   128     0189                     	;# 
   129     018C                     	;# 
   130     018D                     	;# 
   131     0000                     	;# 
   132     0001                     	;# 
   133     0002                     	;# 
   134     0003                     	;# 
   135     0004                     	;# 
   136     0005                     	;# 
   137     0006                     	;# 
   138     0007                     	;# 
   139     0008                     	;# 
   140     0009                     	;# 
   141     000A                     	;# 
   142     000B                     	;# 
   143     000C                     	;# 
   144     000D                     	;# 
   145     000E                     	;# 
   146     000E                     	;# 
   147     000F                     	;# 
   148     0010                     	;# 
   149     0011                     	;# 
   150     0012                     	;# 
   151     0013                     	;# 
   152     0014                     	;# 
   153     0015                     	;# 
   154     0015                     	;# 
   155     0016                     	;# 
   156     0017                     	;# 
   157     0018                     	;# 
   158     0019                     	;# 
   159     001A                     	;# 
   160     001B                     	;# 
   161     001B                     	;# 
   162     001C                     	;# 
   163     001D                     	;# 
   164     001E                     	;# 
   165     001F                     	;# 
   166     0081                     	;# 
   167     0085                     	;# 
   168     0086                     	;# 
   169     0087                     	;# 
   170     0088                     	;# 
   171     0089                     	;# 
   172     008C                     	;# 
   173     008D                     	;# 
   174     008E                     	;# 
   175     008F                     	;# 
   176     0090                     	;# 
   177     0091                     	;# 
   178     0092                     	;# 
   179     0093                     	;# 
   180     0093                     	;# 
   181     0093                     	;# 
   182     0094                     	;# 
   183     0095                     	;# 
   184     0096                     	;# 
   185     0097                     	;# 
   186     0098                     	;# 
   187     0099                     	;# 
   188     009A                     	;# 
   189     009B                     	;# 
   190     009C                     	;# 
   191     009D                     	;# 
   192     009E                     	;# 
   193     009F                     	;# 
   194     0105                     	;# 
   195     0107                     	;# 
   196     0108                     	;# 
   197     0109                     	;# 
   198     010C                     	;# 
   199     010C                     	;# 
   200     010D                     	;# 
   201     010E                     	;# 
   202     010F                     	;# 
   203     0185                     	;# 
   204     0187                     	;# 
   205     0188                     	;# 
   206     0189                     	;# 
   207     018C                     	;# 
   208     018D                     	;# 
   209     0000                     	;# 
   210     0001                     	;# 
   211     0002                     	;# 
   212     0003                     	;# 
   213     0004                     	;# 
   214     0005                     	;# 
   215     0006                     	;# 
   216     0007                     	;# 
   217     0008                     	;# 
   218     0009                     	;# 
   219     000A                     	;# 
   220     000B                     	;# 
   221     000C                     	;# 
   222     000D                     	;# 
   223     000E                     	;# 
   224     000E                     	;# 
   225     000F                     	;# 
   226     0010                     	;# 
   227     0011                     	;# 
   228     0012                     	;# 
   229     0013                     	;# 
   230     0014                     	;# 
   231     0015                     	;# 
   232     0015                     	;# 
   233     0016                     	;# 
   234     0017                     	;# 
   235     0018                     	;# 
   236     0019                     	;# 
   237     001A                     	;# 
   238     001B                     	;# 
   239     001B                     	;# 
   240     001C                     	;# 
   241     001D                     	;# 
   242     001E                     	;# 
   243     001F                     	;# 
   244     0081                     	;# 
   245     0085                     	;# 
   246     0086                     	;# 
   247     0087                     	;# 
   248     0088                     	;# 
   249     0089                     	;# 
   250     008C                     	;# 
   251     008D                     	;# 
   252     008E                     	;# 
   253     008F                     	;# 
   254     0090                     	;# 
   255     0091                     	;# 
   256     0092                     	;# 
   257     0093                     	;# 
   258     0093                     	;# 
   259     0093                     	;# 
   260     0094                     	;# 
   261     0095                     	;# 
   262     0096                     	;# 
   263     0097                     	;# 
   264     0098                     	;# 
   265     0099                     	;# 
   266     009A                     	;# 
   267     009B                     	;# 
   268     009C                     	;# 
   269     009D                     	;# 
   270     009E                     	;# 
   271     009F                     	;# 
   272     0105                     	;# 
   273     0107                     	;# 
   274     0108                     	;# 
   275     0109                     	;# 
   276     010C                     	;# 
   277     010C                     	;# 
   278     010D                     	;# 
   279     010E                     	;# 
   280     010F                     	;# 
   281     0185                     	;# 
   282     0187                     	;# 
   283     0188                     	;# 
   284     0189                     	;# 
   285     018C                     	;# 
   286     018D                     	;# 
   287     0000                     	;# 
   288     0001                     	;# 
   289     0002                     	;# 
   290     0003                     	;# 
   291     0004                     	;# 
   292     0005                     	;# 
   293     0006                     	;# 
   294     0007                     	;# 
   295     0008                     	;# 
   296     0009                     	;# 
   297     000A                     	;# 
   298     000B                     	;# 
   299     000C                     	;# 
   300     000D                     	;# 
   301     000E                     	;# 
   302     000E                     	;# 
   303     000F                     	;# 
   304     0010                     	;# 
   305     0011                     	;# 
   306     0012                     	;# 
   307     0013                     	;# 
   308     0014                     	;# 
   309     0015                     	;# 
   310     0015                     	;# 
   311     0016                     	;# 
   312     0017                     	;# 
   313     0018                     	;# 
   314     0019                     	;# 
   315     001A                     	;# 
   316     001B                     	;# 
   317     001B                     	;# 
   318     001C                     	;# 
   319     001D                     	;# 
   320     001E                     	;# 
   321     001F                     	;# 
   322     0081                     	;# 
   323     0085                     	;# 
   324     0086                     	;# 
   325     0087                     	;# 
   326     0088                     	;# 
   327     0089                     	;# 
   328     008C                     	;# 
   329     008D                     	;# 
   330     008E                     	;# 
   331     008F                     	;# 
   332     0090                     	;# 
   333     0091                     	;# 
   334     0092                     	;# 
   335     0093                     	;# 
   336     0093                     	;# 
   337     0093                     	;# 
   338     0094                     	;# 
   339     0095                     	;# 
   340     0096                     	;# 
   341     0097                     	;# 
   342     0098                     	;# 
   343     0099                     	;# 
   344     009A                     	;# 
   345     009B                     	;# 
   346     009C                     	;# 
   347     009D                     	;# 
   348     009E                     	;# 
   349     009F                     	;# 
   350     0105                     	;# 
   351     0107                     	;# 
   352     0108                     	;# 
   353     0109                     	;# 
   354     010C                     	;# 
   355     010C                     	;# 
   356     010D                     	;# 
   357     010E                     	;# 
   358     010F                     	;# 
   359     0185                     	;# 
   360     0187                     	;# 
   361     0188                     	;# 
   362     0189                     	;# 
   363     018C                     	;# 
   364     018D                     	;# 
   365     0013                     _SSPBUF	set	19
   366     0014                     _SSPCON	set	20
   367     0005                     _PORTA	set	5
   368     0006                     _PORTB	set	6
   369     001E                     _ADRESH	set	30
   370     001F                     _ADCON0bits	set	31
   371     005E                     _PEIE	set	94
   372     005F                     _GIE	set	95
   373     0063                     _SSPIF	set	99
   374     00F8                     _ADON	set	248
   375     0094                     _SSPSTATbits	set	148
   376     0094                     _SSPSTAT	set	148
   377     008F                     _OSCCONbits	set	143
   378     0086                     _TRISB	set	134
   379     0085                     _TRISA	set	133
   380     009E                     _ADRESL	set	158
   381     043B                     _TRISC3	set	1083
   382     043D                     _TRISC5	set	1085
   383     0463                     _SSPIE	set	1123
   384     0478                     _SCS	set	1144
   385     04FD                     _VCFG1	set	1277
   386     04FC                     _VCFG0	set	1276
   387     04FF                     _ADFM	set	1279
   388     0189                     _ANSELH	set	393
   389     0188                     _ANSEL	set	392
   390                           
   391                           	psect	cinit
   392     000F                     start_initialization:	
   393                           ; #config settings
   394                           
   395     000F                     __initialization:
   396     000F                     end_of_initialization:	
   397                           ;End of C runtime variable initialization code
   398                           
   399     000F                     __end_of__initialization:
   400     000F  0183               	clrf	3
   401     0010  120A  118A  28BD   	ljmp	_main	;jump to C main() function
   402                           
   403                           	psect	cstackCOMMON
   404     0070                     __pcstackCOMMON:
   405     0070                     ?_spiRead:
   406     0070                     ??_spiRead:	
   407                           ; 1 bytes @ 0x0
   408                           
   409     0070                     ?_spiWrite:	
   410                           ; 1 bytes @ 0x0
   411                           
   412     0070                     ??_spiWrite:	
   413                           ; 1 bytes @ 0x0
   414                           
   415     0070                     ?_setup:	
   416                           ; 1 bytes @ 0x0
   417                           
   418     0070                     ?_isr:	
   419                           ; 1 bytes @ 0x0
   420                           
   421     0070                     ?_spiReceiveWait:	
   422                           ; 1 bytes @ 0x0
   423                           
   424     0070                     ??_spiReceiveWait:	
   425                           ; 1 bytes @ 0x0
   426                           
   427     0070                     ?_main:	
   428                           ; 1 bytes @ 0x0
   429                           
   430     0070                     spiWrite@dat:	
   431                           ; 2 bytes @ 0x0
   432                           
   433                           
   434                           ; 1 bytes @ 0x0
   435     0070                     	ds	1
   436     0071                     ??_isr:
   437                           
   438                           ; 1 bytes @ 0x1
   439     0071                     	ds	2
   440     0073                     ?_spiInit:
   441     0073                     ?_adc_init:	
   442                           ; 1 bytes @ 0x3
   443                           
   444     0073                     ?_adc_read:	
   445                           ; 1 bytes @ 0x3
   446                           
   447     0073                     adc_init@R:	
   448                           ; 2 bytes @ 0x3
   449                           
   450     0073                     spiInit@sDataSample:	
   451                           ; 1 bytes @ 0x3
   452                           
   453                           
   454                           ; 1 bytes @ 0x3
   455     0073                     	ds	1
   456     0074                     adc_init@clock:
   457     0074                     spiInit@sClockIdle:	
   458                           ; 1 bytes @ 0x4
   459                           
   460                           
   461                           ; 1 bytes @ 0x4
   462     0074                     	ds	1
   463     0075                     ??_adc_read:
   464     0075                     adc_init@channel:	
   465                           ; 1 bytes @ 0x5
   466                           
   467     0075                     spiInit@sTransmitEdge:	
   468                           ; 1 bytes @ 0x5
   469                           
   470                           
   471                           ; 1 bytes @ 0x5
   472     0075                     	ds	1
   473     0076                     ??_spiInit:
   474     0076                     ??_adc_init:	
   475                           ; 1 bytes @ 0x6
   476                           
   477     0076                     spiInit@sType:	
   478                           ; 1 bytes @ 0x6
   479                           
   480                           
   481                           ; 1 bytes @ 0x6
   482     0076                     	ds	2
   483     0078                     adc_init@J:
   484                           
   485                           ; 1 bytes @ 0x8
   486     0078                     	ds	1
   487     0079                     ??_setup:
   488     0079                     ??_main:	
   489                           ; 1 bytes @ 0x9
   490                           
   491                           
   492                           ; 1 bytes @ 0x9
   493     0079                     	ds	2
   494                           
   495                           	psect	maintext
   496     00BD                     __pmaintext:	
   497 ;;
   498 ;;Main: autosize = 0, tempsize = 2, incstack = 0, save=0
   499 ;;
   500 ;; *************** function _main *****************
   501 ;; Defined at:
   502 ;;		line 56 in file "Prelab3_Slave.c"
   503 ;; Parameters:    Size  Location     Type
   504 ;;		None
   505 ;; Auto vars:     Size  Location     Type
   506 ;;		None
   507 ;; Return value:  Size  Location     Type
   508 ;;                  2   84[None  ] int 
   509 ;; Registers used:
   510 ;;		wreg, fsr0l, fsr0h, status,2, status,0, pclath, cstack
   511 ;; Tracked objects:
   512 ;;		On entry : B00/0
   513 ;;		On exit  : 0/0
   514 ;;		Unchanged: 0/0
   515 ;; Data sizes:     COMMON   BANK0   BANK1   BANK3   BANK2
   516 ;;      Params:         0       0       0       0       0
   517 ;;      Locals:         0       0       0       0       0
   518 ;;      Temps:          2       0       0       0       0
   519 ;;      Totals:         2       0       0       0       0
   520 ;;Total ram usage:        2 bytes
   521 ;; Hardware stack levels required when called: 5
   522 ;; This function calls:
   523 ;;		_adc_read
   524 ;;		_setup
   525 ;; This function is called by:
   526 ;;		Startup code after reset
   527 ;; This function uses a non-reentrant model
   528 ;;
   529                           
   530     00BD                     _main:	
   531                           ;psect for function _main
   532                           
   533     00BD                     l893:	
   534                           ;incstack = 0
   535                           ; Regs used in _main: [wreg-fsr0h+status,2+status,0+pclath+cstack]
   536                           
   537     00BD  120A  118A  206D  120A  118A  	fcall	_setup
   538     00C2                     l895:
   539     00C2  300D               	movlw	13
   540     00C3  00FA               	movwf	??_main+1
   541     00C4  30FB               	movlw	251
   542     00C5  00F9               	movwf	??_main
   543     00C6                     u197:
   544     00C6  0BF9               	decfsz	??_main,f
   545     00C7  28C6               	goto	u197
   546     00C8  0BFA               	decfsz	??_main+1,f
   547     00C9  28C6               	goto	u197
   548     00CA  28CB               	nop2
   549     00CB                     l897:
   550     00CB  120A  118A  20EE  120A  118A  	fcall	_adc_read
   551     00D0  0874               	movf	?_adc_read+1,w
   552     00D1  1283               	bcf	3,5	;RP0=0, select bank0
   553     00D2  1303               	bcf	3,6	;RP1=0, select bank0
   554     00D3  0086               	movwf	6	;volatile
   555     00D4  28C2               	goto	l895
   556     00D5  120A  118A  280C   	ljmp	start
   557     00D8                     __end_of_main:
   558                           
   559                           	psect	text1
   560     006D                     __ptext1:	
   561 ;; *************** function _setup *****************
   562 ;; Defined at:
   563 ;;		line 66 in file "Prelab3_Slave.c"
   564 ;; Parameters:    Size  Location     Type
   565 ;;		None
   566 ;; Auto vars:     Size  Location     Type
   567 ;;		None
   568 ;; Return value:  Size  Location     Type
   569 ;;                  1    wreg      void 
   570 ;; Registers used:
   571 ;;		wreg, fsr0l, fsr0h, status,2, status,0, pclath, cstack
   572 ;; Tracked objects:
   573 ;;		On entry : 0/0
   574 ;;		On exit  : 0/0
   575 ;;		Unchanged: 0/0
   576 ;; Data sizes:     COMMON   BANK0   BANK1   BANK3   BANK2
   577 ;;      Params:         0       0       0       0       0
   578 ;;      Locals:         0       0       0       0       0
   579 ;;      Temps:          0       0       0       0       0
   580 ;;      Totals:         0       0       0       0       0
   581 ;;Total ram usage:        0 bytes
   582 ;; Hardware stack levels used: 1
   583 ;; Hardware stack levels required when called: 4
   584 ;; This function calls:
   585 ;;		_adc_init
   586 ;;		_spiInit
   587 ;; This function is called by:
   588 ;;		_main
   589 ;; This function uses a non-reentrant model
   590 ;;
   591                           
   592     006D                     _setup:	
   593                           ;psect for function _setup
   594                           
   595     006D                     l871:	
   596                           ;incstack = 0
   597                           ; Regs used in _setup: [wreg-fsr0h+status,2+status,0+pclath+cstack]
   598                           
   599     006D  3021               	movlw	33
   600     006E  1683               	bsf	3,5	;RP0=1, select bank1
   601     006F  1303               	bcf	3,6	;RP1=0, select bank1
   602     0070  0085               	movwf	5	;volatile
   603     0071                     l873:
   604     0071  1283               	bcf	3,5	;RP0=0, select bank0
   605     0072  1303               	bcf	3,6	;RP1=0, select bank0
   606     0073  0185               	clrf	5	;volatile
   607     0074                     l875:
   608     0074  3001               	movlw	1
   609     0075  1683               	bsf	3,5	;RP0=1, select bank3
   610     0076  1703               	bsf	3,6	;RP1=1, select bank3
   611     0077  0088               	movwf	8	;volatile
   612     0078  0189               	clrf	9	;volatile
   613     0079  1683               	bsf	3,5	;RP0=1, select bank1
   614     007A  1303               	bcf	3,6	;RP1=0, select bank1
   615     007B  0186               	clrf	6	;volatile
   616     007C  1283               	bcf	3,5	;RP0=0, select bank0
   617     007D  1303               	bcf	3,6	;RP1=0, select bank0
   618     007E  0186               	clrf	6	;volatile
   619     007F                     l877:
   620     007F  3070               	movlw	112
   621     0080  1683               	bsf	3,5	;RP0=1, select bank1
   622     0081  1303               	bcf	3,6	;RP1=0, select bank1
   623     0082  048F               	iorwf	15,f	;volatile
   624     0083                     l879:
   625     0083  140F               	bsf	15,0	;volatile
   626     0084                     l881:
   627     0084  01F3               	clrf	adc_init@R
   628     0085  3008               	movlw	8
   629     0086  00F4               	movwf	adc_init@clock
   630     0087  01F5               	clrf	adc_init@channel
   631     0088  3000               	movlw	0
   632     0089  120A  118A  2013  120A  118A  	fcall	_adc_init
   633     008E                     l883:
   634     008E  178B               	bsf	11,7	;volatile
   635     008F                     l885:
   636     008F  170B               	bsf	11,6	;volatile
   637     0090                     l887:
   638     0090  1683               	bsf	3,5	;RP0=1, select bank1
   639     0091  1303               	bcf	3,6	;RP1=0, select bank1
   640     0092  158C               	bsf	12,3	;volatile
   641     0093                     l889:
   642     0093  1283               	bcf	3,5	;RP0=0, select bank0
   643     0094  1303               	bcf	3,6	;RP1=0, select bank0
   644     0095  118C               	bcf	12,3	;volatile
   645     0096                     l891:
   646     0096  01F3               	clrf	spiInit@sDataSample
   647     0097  01F4               	clrf	spiInit@sClockIdle
   648     0098  01F5               	clrf	spiInit@sTransmitEdge
   649     0099  3024               	movlw	36
   650     009A  120A  118A  20D8  120A  118A  	fcall	_spiInit
   651     009F                     l91:
   652     009F  0008               	return
   653     00A0                     __end_of_setup:
   654                           
   655                           	psect	text2
   656     00D8                     __ptext2:	
   657 ;; *************** function _spiInit *****************
   658 ;; Defined at:
   659 ;;		line 12 in file "../../../LibreriasPIC/SPI.c"
   660 ;; Parameters:    Size  Location     Type
   661 ;;  sType           1    wreg     enum E1292
   662 ;;  sDataSample     1    3[COMMON] enum E1300
   663 ;;  sClockIdle      1    4[COMMON] enum E1304
   664 ;;  sTransmitEdg    1    5[COMMON] enum E1308
   665 ;; Auto vars:     Size  Location     Type
   666 ;;  sType           1    6[COMMON] enum E1292
   667 ;; Return value:  Size  Location     Type
   668 ;;                  1    wreg      void 
   669 ;; Registers used:
   670 ;;		wreg, status,2, status,0
   671 ;; Tracked objects:
   672 ;;		On entry : 0/0
   673 ;;		On exit  : 0/0
   674 ;;		Unchanged: 0/0
   675 ;; Data sizes:     COMMON   BANK0   BANK1   BANK3   BANK2
   676 ;;      Params:         3       0       0       0       0
   677 ;;      Locals:         1       0       0       0       0
   678 ;;      Temps:          0       0       0       0       0
   679 ;;      Totals:         4       0       0       0       0
   680 ;;Total ram usage:        4 bytes
   681 ;; Hardware stack levels used: 1
   682 ;; Hardware stack levels required when called: 3
   683 ;; This function calls:
   684 ;;		Nothing
   685 ;; This function is called by:
   686 ;;		_setup
   687 ;; This function uses a non-reentrant model
   688 ;;
   689                           
   690     00D8                     _spiInit:	
   691                           ;psect for function _spiInit
   692                           
   693                           
   694                           ;incstack = 0
   695                           ; Regs used in _spiInit: [wreg+status,2+status,0]
   696                           ;spiInit@sType stored from wreg
   697     00D8  00F6               	movwf	spiInit@sType
   698     00D9                     l855:
   699                           
   700                           ;../../../LibreriasPIC/SPI.c: 12: void spiInit(Spi_Type sType, Spi_Data_Sample sDataSamp
      +                          le, Spi_Clock_Idle sClockIdle, Spi_Transmit_Edge sTransmitEdge);../../../LibreriasPIC/SP
      +                          I.c: 13: {;../../../LibreriasPIC/SPI.c: 14:     TRISC5 = 0;
   701     00D9  1683               	bsf	3,5	;RP0=1, select bank1
   702     00DA  1303               	bcf	3,6	;RP1=0, select bank1
   703     00DB  1287               	bcf	7,5	;volatile
   704                           
   705                           ;../../../LibreriasPIC/SPI.c: 15:     if(sType & 0b00000100)
   706     00DC  1D76               	btfss	spiInit@sType,2
   707     00DD  28DF               	goto	u171
   708     00DE  28E0               	goto	u170
   709     00DF                     u171:
   710     00DF  28E4               	goto	l861
   711     00E0                     u170:
   712     00E0                     l857:
   713                           
   714                           ;../../../LibreriasPIC/SPI.c: 16:     {;../../../LibreriasPIC/SPI.c: 17:         SSPSTAT
      +                           = sTransmitEdge;
   715     00E0  0875               	movf	spiInit@sTransmitEdge,w
   716     00E1  0094               	movwf	20	;volatile
   717     00E2                     l859:
   718                           
   719                           ;../../../LibreriasPIC/SPI.c: 18:         TRISC3 = 1;
   720     00E2  1587               	bsf	7,3	;volatile
   721                           
   722                           ;../../../LibreriasPIC/SPI.c: 19:     }
   723     00E3  28E8               	goto	l107
   724     00E4                     l861:
   725                           
   726                           ;../../../LibreriasPIC/SPI.c: 21:     {;../../../LibreriasPIC/SPI.c: 22:         SSPSTAT
      +                           = sDataSample | sTransmitEdge;
   727     00E4  0873               	movf	spiInit@sDataSample,w
   728     00E5  0475               	iorwf	spiInit@sTransmitEdge,w
   729     00E6  0094               	movwf	20	;volatile
   730     00E7                     l863:
   731                           
   732                           ;../../../LibreriasPIC/SPI.c: 23:         TRISC3 = 0;
   733     00E7  1187               	bcf	7,3	;volatile
   734     00E8                     l107:	
   735                           ;../../../LibreriasPIC/SPI.c: 24:     }
   736                           
   737                           
   738                           ;../../../LibreriasPIC/SPI.c: 26:     SSPCON = sType | sClockIdle;
   739     00E8  0876               	movf	spiInit@sType,w
   740     00E9  0474               	iorwf	spiInit@sClockIdle,w
   741     00EA  1283               	bcf	3,5	;RP0=0, select bank0
   742     00EB  1303               	bcf	3,6	;RP1=0, select bank0
   743     00EC  0094               	movwf	20	;volatile
   744     00ED                     l108:
   745     00ED  0008               	return
   746     00EE                     __end_of_spiInit:
   747                           
   748                           	psect	text3
   749     0013                     __ptext3:	
   750 ;; *************** function _adc_init *****************
   751 ;; Defined at:
   752 ;;		line 4 in file "../../../LibreriasPIC/ADC_lib.c"
   753 ;; Parameters:    Size  Location     Type
   754 ;;  J               1    wreg     unsigned char 
   755 ;;  R               1    3[COMMON] unsigned char 
   756 ;;  clock           1    4[COMMON] unsigned char 
   757 ;;  channel         1    5[COMMON] unsigned char 
   758 ;; Auto vars:     Size  Location     Type
   759 ;;  J               1    8[COMMON] unsigned char 
   760 ;; Return value:  Size  Location     Type
   761 ;;                  1    wreg      void 
   762 ;; Registers used:
   763 ;;		wreg, fsr0l, fsr0h, status,2, status,0
   764 ;; Tracked objects:
   765 ;;		On entry : 0/0
   766 ;;		On exit  : 0/0
   767 ;;		Unchanged: 0/0
   768 ;; Data sizes:     COMMON   BANK0   BANK1   BANK3   BANK2
   769 ;;      Params:         3       0       0       0       0
   770 ;;      Locals:         1       0       0       0       0
   771 ;;      Temps:          2       0       0       0       0
   772 ;;      Totals:         6       0       0       0       0
   773 ;;Total ram usage:        6 bytes
   774 ;; Hardware stack levels used: 1
   775 ;; Hardware stack levels required when called: 3
   776 ;; This function calls:
   777 ;;		Nothing
   778 ;; This function is called by:
   779 ;;		_setup
   780 ;; This function uses a non-reentrant model
   781 ;;
   782                           
   783     0013                     _adc_init:	
   784                           ;psect for function _adc_init
   785                           
   786                           
   787                           ;incstack = 0
   788                           ; Regs used in _adc_init: [wreg-fsr0h+status,2+status,0]
   789                           ;adc_init@J stored from wreg
   790     0013  00F8               	movwf	adc_init@J
   791     0014                     l833:
   792                           
   793                           ;../../../LibreriasPIC/ADC_lib.c: 13:     ADFM = J;
   794     0014  1878               	btfsc	adc_init@J,0
   795     0015  2817               	goto	u111
   796     0016  281B               	goto	u110
   797     0017                     u111:
   798     0017  1683               	bsf	3,5	;RP0=1, select bank1
   799     0018  1303               	bcf	3,6	;RP1=0, select bank1
   800     0019  179F               	bsf	31,7	;volatile
   801     001A  281E               	goto	u124
   802     001B                     u110:
   803     001B  1683               	bsf	3,5	;RP0=1, select bank1
   804     001C  1303               	bcf	3,6	;RP1=0, select bank1
   805     001D  139F               	bcf	31,7	;volatile
   806     001E                     u124:
   807                           
   808                           ;../../../LibreriasPIC/ADC_lib.c: 14:     VCFG0 = R;
   809     001E  1873               	btfsc	adc_init@R,0
   810     001F  2821               	goto	u131
   811     0020  2825               	goto	u130
   812     0021                     u131:
   813     0021  1683               	bsf	3,5	;RP0=1, select bank1
   814     0022  1303               	bcf	3,6	;RP1=0, select bank1
   815     0023  161F               	bsf	31,4	;volatile
   816     0024  2828               	goto	u144
   817     0025                     u130:
   818     0025  1683               	bsf	3,5	;RP0=1, select bank1
   819     0026  1303               	bcf	3,6	;RP1=0, select bank1
   820     0027  121F               	bcf	31,4	;volatile
   821     0028                     u144:
   822                           
   823                           ;../../../LibreriasPIC/ADC_lib.c: 15:     VCFG1 = R;
   824     0028  1873               	btfsc	adc_init@R,0
   825     0029  282B               	goto	u151
   826     002A  282F               	goto	u150
   827     002B                     u151:
   828     002B  1683               	bsf	3,5	;RP0=1, select bank1
   829     002C  1303               	bcf	3,6	;RP1=0, select bank1
   830     002D  169F               	bsf	31,5	;volatile
   831     002E  2832               	goto	u164
   832     002F                     u150:
   833     002F  1683               	bsf	3,5	;RP0=1, select bank1
   834     0030  1303               	bcf	3,6	;RP1=0, select bank1
   835     0031  129F               	bcf	31,5	;volatile
   836     0032                     u164:
   837                           
   838                           ;../../../LibreriasPIC/ADC_lib.c: 17:     switch(clock){
   839     0032  284B               	goto	l845
   840     0033                     l835:
   841                           
   842                           ;../../../LibreriasPIC/ADC_lib.c: 19:             ADCON0bits.ADCS = 0b00;
   843     0033  303F               	movlw	-193
   844     0034  1283               	bcf	3,5	;RP0=0, select bank0
   845     0035  1303               	bcf	3,6	;RP1=0, select bank0
   846     0036  059F               	andwf	31,f	;volatile
   847                           
   848                           ;../../../LibreriasPIC/ADC_lib.c: 21:             break;
   849     0037  2861               	goto	l847
   850     0038                     l837:
   851                           
   852                           ;../../../LibreriasPIC/ADC_lib.c: 23:             ADCON0bits.ADCS = 0b01;
   853     0038  1283               	bcf	3,5	;RP0=0, select bank0
   854     0039  1303               	bcf	3,6	;RP1=0, select bank0
   855     003A  081F               	movf	31,w	;volatile
   856     003B  393F               	andlw	-193
   857     003C  3840               	iorlw	64
   858     003D  009F               	movwf	31	;volatile
   859                           
   860                           ;../../../LibreriasPIC/ADC_lib.c: 25:             break;
   861     003E  2861               	goto	l847
   862     003F                     l839:
   863                           
   864                           ;../../../LibreriasPIC/ADC_lib.c: 27:             ADCON0bits.ADCS = 0b10;
   865     003F  1283               	bcf	3,5	;RP0=0, select bank0
   866     0040  1303               	bcf	3,6	;RP1=0, select bank0
   867     0041  081F               	movf	31,w	;volatile
   868     0042  393F               	andlw	-193
   869     0043  3880               	iorlw	128
   870     0044  009F               	movwf	31	;volatile
   871                           
   872                           ;../../../LibreriasPIC/ADC_lib.c: 29:             break;
   873     0045  2861               	goto	l847
   874     0046                     l841:
   875                           
   876                           ;../../../LibreriasPIC/ADC_lib.c: 31:             ADCON0bits.ADCS = 0b11;
   877     0046  30C0               	movlw	192
   878     0047  1283               	bcf	3,5	;RP0=0, select bank0
   879     0048  1303               	bcf	3,6	;RP1=0, select bank0
   880     0049  049F               	iorwf	31,f	;volatile
   881                           
   882                           ;../../../LibreriasPIC/ADC_lib.c: 33:             break;
   883     004A  2861               	goto	l847
   884     004B                     l845:
   885     004B  0874               	movf	adc_init@clock,w
   886     004C  00F6               	movwf	??_adc_init
   887     004D  01F7               	clrf	??_adc_init+1
   888                           
   889                           ; Switch on 2 bytes has been partitioned into a top level switch of size 1, and 1 sub-sw
      +                          itches
   890                           ; Switch size 1, requested type "simple"
   891                           ; Number of cases is 1, Range of values is 0 to 0
   892                           ; switch strategies available:
   893                           ; Name         Instructions Cycles
   894                           ; simple_byte            4     3 (average)
   895                           ; direct_byte           11     8 (fixed)
   896                           ; jumptable            260     6 (fixed)
   897                           ;	Chosen strategy is simple_byte
   898     004E  0877               	movf	??_adc_init+1,w
   899     004F  3A00               	xorlw	0	; case 0
   900     0050  1903               	skipnz
   901     0051  2853               	goto	l919
   902     0052  2861               	goto	l847
   903     0053                     l919:
   904                           
   905                           ; Switch size 1, requested type "simple"
   906                           ; Number of cases is 4, Range of values is 1 to 20
   907                           ; switch strategies available:
   908                           ; Name         Instructions Cycles
   909                           ; simple_byte           13     7 (average)
   910                           ; direct_byte           71    11 (fixed)
   911                           ; jumptable            263     9 (fixed)
   912                           ;	Chosen strategy is simple_byte
   913     0053  0876               	movf	??_adc_init,w
   914     0054  3A01               	xorlw	1	; case 1
   915     0055  1903               	skipnz
   916     0056  2833               	goto	l835
   917     0057  3A05               	xorlw	5	; case 4
   918     0058  1903               	skipnz
   919     0059  2838               	goto	l837
   920     005A  3A0C               	xorlw	12	; case 8
   921     005B  1903               	skipnz
   922     005C  283F               	goto	l839
   923     005D  3A1C               	xorlw	28	; case 20
   924     005E  1903               	skipnz
   925     005F  2846               	goto	l841
   926     0060  2861               	goto	l847
   927     0061                     l847:
   928                           
   929                           ;../../../LibreriasPIC/ADC_lib.c: 35:     ADCON0bits.CHS = channel;
   930     0061  0875               	movf	adc_init@channel,w
   931     0062  00F6               	movwf	??_adc_init
   932     0063  0DF6               	rlf	??_adc_init,f
   933     0064  0DF6               	rlf	??_adc_init,f
   934     0065  1283               	bcf	3,5	;RP0=0, select bank0
   935     0066  081F               	movf	31,w	;volatile
   936     0067  0676               	xorwf	??_adc_init,w
   937     0068  39C3               	andlw	-61
   938     0069  0676               	xorwf	??_adc_init,w
   939     006A  009F               	movwf	31	;volatile
   940     006B                     l849:
   941                           
   942                           ;../../../LibreriasPIC/ADC_lib.c: 38:     ADON = 1;
   943     006B  141F               	bsf	31,0	;volatile
   944     006C                     l23:
   945     006C  0008               	return
   946     006D                     __end_of_adc_init:
   947                           
   948                           	psect	text4
   949     00EE                     __ptext4:	
   950 ;; *************** function _adc_read *****************
   951 ;; Defined at:
   952 ;;		line 42 in file "../../../LibreriasPIC/ADC_lib.c"
   953 ;; Parameters:    Size  Location     Type
   954 ;;		None
   955 ;; Auto vars:     Size  Location     Type
   956 ;;		None
   957 ;; Return value:  Size  Location     Type
   958 ;;                  2    3[COMMON] unsigned int 
   959 ;; Registers used:
   960 ;;		wreg
   961 ;; Tracked objects:
   962 ;;		On entry : 0/0
   963 ;;		On exit  : 0/0
   964 ;;		Unchanged: 0/0
   965 ;; Data sizes:     COMMON   BANK0   BANK1   BANK3   BANK2
   966 ;;      Params:         2       0       0       0       0
   967 ;;      Locals:         0       0       0       0       0
   968 ;;      Temps:          0       0       0       0       0
   969 ;;      Totals:         2       0       0       0       0
   970 ;;Total ram usage:        2 bytes
   971 ;; Hardware stack levels used: 1
   972 ;; Hardware stack levels required when called: 3
   973 ;; This function calls:
   974 ;;		Nothing
   975 ;; This function is called by:
   976 ;;		_main
   977 ;; This function uses a non-reentrant model
   978 ;;
   979                           
   980     00EE                     _adc_read:	
   981                           ;psect for function _adc_read
   982                           
   983     00EE                     l865:	
   984                           ;incstack = 0
   985                           ; Regs used in _adc_read: [wreg]
   986                           
   987                           
   988                           ;../../../LibreriasPIC/ADC_lib.c: 43:     ADCON0bits.GO = 1;
   989     00EE  1283               	bcf	3,5	;RP0=0, select bank0
   990     00EF  1303               	bcf	3,6	;RP1=0, select bank0
   991     00F0  149F               	bsf	31,1	;volatile
   992     00F1                     l26:	
   993                           ;../../../LibreriasPIC/ADC_lib.c: 44:     while(ADCON0bits.GO);
   994                           
   995     00F1  189F               	btfsc	31,1	;volatile
   996     00F2  28F4               	goto	u181
   997     00F3  28F5               	goto	u180
   998     00F4                     u181:
   999     00F4  28F1               	goto	l26
  1000     00F5                     u180:
  1001     00F5                     l867:
  1002                           
  1003                           ;../../../LibreriasPIC/ADC_lib.c: 45:     return (ADRESH<<8) | ADRESL;
  1004     00F5  081E               	movf	30,w	;volatile
  1005     00F6  00F4               	movwf	?_adc_read+1
  1006     00F7  1683               	bsf	3,5	;RP0=1, select bank1
  1007     00F8  1303               	bcf	3,6	;RP1=0, select bank1
  1008     00F9  081E               	movf	30,w	;volatile
  1009     00FA  00F3               	movwf	?_adc_read
  1010     00FB                     l29:
  1011     00FB  0008               	return
  1012     00FC                     __end_of_adc_read:
  1013                           
  1014                           	psect	text5
  1015     00A0                     __ptext5:	
  1016 ;; *************** function _isr *****************
  1017 ;; Defined at:
  1018 ;;		line 43 in file "Prelab3_Slave.c"
  1019 ;; Parameters:    Size  Location     Type
  1020 ;;		None
  1021 ;; Auto vars:     Size  Location     Type
  1022 ;;		None
  1023 ;; Return value:  Size  Location     Type
  1024 ;;                  1    wreg      void 
  1025 ;; Registers used:
  1026 ;;		wreg, status,2, status,0, pclath, cstack
  1027 ;; Tracked objects:
  1028 ;;		On entry : 0/0
  1029 ;;		On exit  : 0/0
  1030 ;;		Unchanged: 0/0
  1031 ;; Data sizes:     COMMON   BANK0   BANK1   BANK3   BANK2
  1032 ;;      Params:         0       0       0       0       0
  1033 ;;      Locals:         0       0       0       0       0
  1034 ;;      Temps:          2       0       0       0       0
  1035 ;;      Totals:         2       0       0       0       0
  1036 ;;Total ram usage:        2 bytes
  1037 ;; Hardware stack levels used: 1
  1038 ;; Hardware stack levels required when called: 2
  1039 ;; This function calls:
  1040 ;;		_spiRead
  1041 ;;		_spiWrite
  1042 ;; This function is called by:
  1043 ;;		Interrupt level 1
  1044 ;; This function uses a non-reentrant model
  1045 ;;
  1046                           
  1047     00A0                     _isr:	
  1048                           ;psect for function _isr
  1049                           
  1050     00A0                     i1l793:
  1051                           
  1052                           ;Prelab3_Slave.c: 44:     adc_init(0, 0, 8, 0);
  1053     00A0  1283               	bcf	3,5	;RP0=0, select bank0
  1054     00A1  1303               	bcf	3,6	;RP1=0, select bank0
  1055     00A2  1D8C               	btfss	12,3	;volatile
  1056     00A3  28A5               	goto	u10_21
  1057     00A4  28A6               	goto	u10_20
  1058     00A5                     u10_21:
  1059     00A5  28B6               	goto	i1l80
  1060     00A6                     u10_20:
  1061     00A6                     i1l795:
  1062                           
  1063                           ;Prelab3_Slave.c: 45: 
  1064     00A6  120A  118A  20FC  120A  118A  	fcall	_spiRead
  1065     00AB                     i1l797:
  1066                           
  1067                           ;Prelab3_Slave.c: 46: 
  1068     00AB  1283               	bcf	3,5	;RP0=0, select bank0
  1069     00AC  1303               	bcf	3,6	;RP1=0, select bank0
  1070     00AD  0806               	movf	6,w	;volatile
  1071     00AE  120A  118A  210C  120A  118A  	fcall	_spiWrite
  1072     00B3                     i1l799:
  1073                           
  1074                           ;Prelab3_Slave.c: 47:     GIE = 1;
  1075     00B3  1283               	bcf	3,5	;RP0=0, select bank0
  1076     00B4  1303               	bcf	3,6	;RP1=0, select bank0
  1077     00B5  118C               	bcf	12,3	;volatile
  1078     00B6                     i1l80:
  1079     00B6  0872               	movf	??_isr+1,w
  1080     00B7  008A               	movwf	10
  1081     00B8  0E71               	swapf	??_isr,w
  1082     00B9  0083               	movwf	3
  1083     00BA  0EFE               	swapf	btemp,f
  1084     00BB  0E7E               	swapf	btemp,w
  1085     00BC  0009               	retfie
  1086     00BD                     __end_of_isr:
  1087                           
  1088                           	psect	intentry
  1089     0004                     __pintentry:	
  1090                           ;incstack = 0
  1091                           ; Regs used in _isr: [wreg+status,2+status,0+pclath+cstack]
  1092                           
  1093     0004                     interrupt_function:
  1094     007E                     saved_w	set	btemp
  1095     0004  00FE               	movwf	btemp
  1096     0005  0E03               	swapf	3,w
  1097     0006  00F1               	movwf	??_isr
  1098     0007  080A               	movf	10,w
  1099     0008  00F2               	movwf	??_isr+1
  1100     0009  120A  118A  28A0   	ljmp	_isr
  1101                           
  1102                           	psect	text6
  1103     010C                     __ptext6:	
  1104 ;; *************** function _spiWrite *****************
  1105 ;; Defined at:
  1106 ;;		line 34 in file "../../../LibreriasPIC/SPI.c"
  1107 ;; Parameters:    Size  Location     Type
  1108 ;;  dat             1    wreg     unsigned char 
  1109 ;; Auto vars:     Size  Location     Type
  1110 ;;  dat             1    0[COMMON] unsigned char 
  1111 ;; Return value:  Size  Location     Type
  1112 ;;                  1    wreg      void 
  1113 ;; Registers used:
  1114 ;;		wreg
  1115 ;; Tracked objects:
  1116 ;;		On entry : 0/0
  1117 ;;		On exit  : 0/0
  1118 ;;		Unchanged: 0/0
  1119 ;; Data sizes:     COMMON   BANK0   BANK1   BANK3   BANK2
  1120 ;;      Params:         0       0       0       0       0
  1121 ;;      Locals:         1       0       0       0       0
  1122 ;;      Temps:          0       0       0       0       0
  1123 ;;      Totals:         1       0       0       0       0
  1124 ;;Total ram usage:        1 bytes
  1125 ;; Hardware stack levels used: 1
  1126 ;; This function calls:
  1127 ;;		Nothing
  1128 ;; This function is called by:
  1129 ;;		_isr
  1130 ;; This function uses a non-reentrant model
  1131 ;;
  1132                           
  1133     010C                     _spiWrite:	
  1134                           ;psect for function _spiWrite
  1135                           
  1136                           
  1137                           ;incstack = 0
  1138                           ; Regs used in _spiWrite: [wreg]
  1139                           ;spiWrite@dat stored from wreg
  1140     010C  00F0               	movwf	spiWrite@dat
  1141     010D                     i1l763:
  1142                           
  1143                           ;../../../LibreriasPIC/SPI.c: 34: void spiWrite(char dat);../../../LibreriasPIC/SPI.c: 3
      +                          5: {;../../../LibreriasPIC/SPI.c: 36:     SSPBUF = dat;
  1144     010D  0870               	movf	spiWrite@dat,w
  1145     010E  1283               	bcf	3,5	;RP0=0, select bank0
  1146     010F  1303               	bcf	3,6	;RP1=0, select bank0
  1147     0110  0093               	movwf	19	;volatile
  1148     0111                     i1l117:
  1149     0111  0008               	return
  1150     0112                     __end_of_spiWrite:
  1151                           
  1152                           	psect	text7
  1153     00FC                     __ptext7:	
  1154 ;; *************** function _spiRead *****************
  1155 ;; Defined at:
  1156 ;;		line 47 in file "../../../LibreriasPIC/SPI.c"
  1157 ;; Parameters:    Size  Location     Type
  1158 ;;		None
  1159 ;; Auto vars:     Size  Location     Type
  1160 ;;		None
  1161 ;; Return value:  Size  Location     Type
  1162 ;;                  1    wreg      unsigned char 
  1163 ;; Registers used:
  1164 ;;		wreg, status,2, status,0, pclath, cstack
  1165 ;; Tracked objects:
  1166 ;;		On entry : 0/0
  1167 ;;		On exit  : 0/0
  1168 ;;		Unchanged: 0/0
  1169 ;; Data sizes:     COMMON   BANK0   BANK1   BANK3   BANK2
  1170 ;;      Params:         0       0       0       0       0
  1171 ;;      Locals:         0       0       0       0       0
  1172 ;;      Temps:          0       0       0       0       0
  1173 ;;      Totals:         0       0       0       0       0
  1174 ;;Total ram usage:        0 bytes
  1175 ;; Hardware stack levels used: 1
  1176 ;; Hardware stack levels required when called: 1
  1177 ;; This function calls:
  1178 ;;		_spiReceiveWait
  1179 ;; This function is called by:
  1180 ;;		_isr
  1181 ;; This function uses a non-reentrant model
  1182 ;;
  1183                           
  1184     00FC                     _spiRead:	
  1185                           ;psect for function _spiRead
  1186                           
  1187     00FC                     i1l757:	
  1188                           ;incstack = 0
  1189                           ; Regs used in _spiRead: [wreg+status,2+status,0+pclath+cstack]
  1190                           
  1191                           
  1192                           ;../../../LibreriasPIC/SPI.c: 49:     spiReceiveWait();
  1193     00FC  120A  118A  2105  120A  118A  	fcall	_spiReceiveWait
  1194     0101                     i1l759:
  1195                           
  1196                           ;../../../LibreriasPIC/SPI.c: 50:     return(SSPBUF);
  1197     0101  1283               	bcf	3,5	;RP0=0, select bank0
  1198     0102  1303               	bcf	3,6	;RP1=0, select bank0
  1199     0103  0813               	movf	19,w	;volatile
  1200     0104                     i1l125:
  1201     0104  0008               	return
  1202     0105                     __end_of_spiRead:
  1203                           
  1204                           	psect	text8
  1205     0105                     __ptext8:	
  1206 ;; *************** function _spiReceiveWait *****************
  1207 ;; Defined at:
  1208 ;;		line 29 in file "../../../LibreriasPIC/SPI.c"
  1209 ;; Parameters:    Size  Location     Type
  1210 ;;		None
  1211 ;; Auto vars:     Size  Location     Type
  1212 ;;		None
  1213 ;; Return value:  Size  Location     Type
  1214 ;;                  1    wreg      void 
  1215 ;; Registers used:
  1216 ;;		None
  1217 ;; Tracked objects:
  1218 ;;		On entry : 0/0
  1219 ;;		On exit  : 0/0
  1220 ;;		Unchanged: 0/0
  1221 ;; Data sizes:     COMMON   BANK0   BANK1   BANK3   BANK2
  1222 ;;      Params:         0       0       0       0       0
  1223 ;;      Locals:         0       0       0       0       0
  1224 ;;      Temps:          0       0       0       0       0
  1225 ;;      Totals:         0       0       0       0       0
  1226 ;;Total ram usage:        0 bytes
  1227 ;; Hardware stack levels used: 1
  1228 ;; This function calls:
  1229 ;;		Nothing
  1230 ;; This function is called by:
  1231 ;;		_spiRead
  1232 ;; This function uses a non-reentrant model
  1233 ;;
  1234                           
  1235     0105                     _spiReceiveWait:	
  1236                           ;psect for function _spiReceiveWait
  1237                           
  1238     0105                     i1l749:	
  1239                           ;incstack = 0
  1240                           ; Regs used in _spiReceiveWait: []
  1241                           
  1242     0105                     i1l111:	
  1243                           ;../../../LibreriasPIC/SPI.c: 31:     while ( !SSPSTATbits.BF );
  1244                           
  1245     0105  1683               	bsf	3,5	;RP0=1, select bank1
  1246     0106  1303               	bcf	3,6	;RP1=0, select bank1
  1247     0107  1C14               	btfss	20,0	;volatile
  1248     0108  290A               	goto	u8_21
  1249     0109  290B               	goto	u8_20
  1250     010A                     u8_21:
  1251     010A  2905               	goto	i1l111
  1252     010B                     u8_20:
  1253     010B                     i1l114:
  1254     010B  0008               	return
  1255     010C                     __end_of_spiReceiveWait:
  1256     007E                     btemp	set	126	;btemp
  1257     007E                     wtemp0	set	126
  1258                           
  1259                           	psect	config
  1260                           
  1261                           ;Config register CONFIG1 @ 0x2007
  1262                           ;	Oscillator Selection bits
  1263                           ;	FOSC = INTRC_NOCLKOUT, INTOSCIO oscillator: I/O function on RA6/OSC2/CLKOUT pin, I/O f
      +                          unction on RA7/OSC1/CLKIN
  1264                           ;	Watchdog Timer Enable bit
  1265                           ;	WDTE = OFF, WDT disabled and can be enabled by SWDTEN bit of the WDTCON register
  1266                           ;	Power-up Timer Enable bit
  1267                           ;	PWRTE = OFF, PWRT disabled
  1268                           ;	RE3/MCLR pin function select bit
  1269                           ;	MCLRE = OFF, RE3/MCLR pin function is digital input, MCLR internally tied to VDD
  1270                           ;	Code Protection bit
  1271                           ;	CP = OFF, Program memory code protection is disabled
  1272                           ;	Data Code Protection bit
  1273                           ;	CPD = OFF, Data memory code protection is disabled
  1274                           ;	Brown Out Reset Selection bits
  1275                           ;	BOREN = OFF, BOR disabled
  1276                           ;	Internal External Switchover bit
  1277                           ;	IESO = OFF, Internal/External Switchover mode is disabled
  1278                           ;	Fail-Safe Clock Monitor Enabled bit
  1279                           ;	FCMEN = OFF, Fail-Safe Clock Monitor is disabled
  1280                           ;	Low Voltage Programming Enable bit
  1281                           ;	LVP = OFF, RB3 pin has digital I/O, HV on MCLR must be used for programming
  1282                           ;	In-Circuit Debugger Mode bit
  1283                           ;	DEBUG = 0x1, unprogrammed default
  1284     2007                     	org	8199
  1285     2007  20D4               	dw	8404
  1286                           
  1287                           ;Config register CONFIG2 @ 0x2008
  1288                           ;	Brown-out Reset Selection bit
  1289                           ;	BOR4V = BOR40V, Brown-out Reset set to 4.0V
  1290                           ;	Flash Program Memory Self Write Enable bits
  1291                           ;	WRT = OFF, Write protection off
  1292     2008                     	org	8200
  1293     2008  3FFF               	dw	16383

Data Sizes:
    Strings     0
    Constant    0
    Data        0
    BSS         0
    Persistent  0
    Stack       0

Auto Spaces:
    Space          Size  Autos    Used
    COMMON           14     11      11
    BANK0            80      0       0
    BANK1            80      0       0
    BANK3            96      0       0
    BANK2            96      0       0

Pointer List with Targets:

    None.

Critical Paths under _main in COMMON

    _setup->_adc_init

Critical Paths under _isr in COMMON

    _isr->_spiWrite

Critical Paths under _main in BANK0

    None.

Critical Paths under _isr in BANK0

    None.

Critical Paths under _main in BANK1

    None.

Critical Paths under _isr in BANK1

    None.

Critical Paths under _main in BANK3

    None.

Critical Paths under _isr in BANK3

    None.

Critical Paths under _main in BANK2

    None.

Critical Paths under _isr in BANK2

    None.

Call Graph Tables:

 ---------------------------------------------------------------------------------
 (Depth) Function   	        Calls       Base Space   Used Autos Params    Refs
 ---------------------------------------------------------------------------------
 (0) _main                                                 2     2      0     698
                                              9 COMMON     2     2      0
                           _adc_read
                              _setup
 ---------------------------------------------------------------------------------
 (1) _setup                                                0     0      0     698
                           _adc_init
                            _spiInit
 ---------------------------------------------------------------------------------
 (2) _spiInit                                              4     1      3     360
                                              3 COMMON     4     1      3
 ---------------------------------------------------------------------------------
 (2) _adc_init                                             6     3      3     338
                                              3 COMMON     6     3      3
 ---------------------------------------------------------------------------------
 (1) _adc_read                                             2     0      2       0
                                              3 COMMON     2     0      2
 ---------------------------------------------------------------------------------
 Estimated maximum stack depth 2
 ---------------------------------------------------------------------------------
 (Depth) Function   	        Calls       Base Space   Used Autos Params    Refs
 ---------------------------------------------------------------------------------
 (3) _isr                                                  2     2      0      15
                                              1 COMMON     2     2      0
                            _spiRead
                           _spiWrite
 ---------------------------------------------------------------------------------
 (4) _spiWrite                                             1     1      0      15
                                              0 COMMON     1     1      0
 ---------------------------------------------------------------------------------
 (4) _spiRead                                              0     0      0       0
                     _spiReceiveWait
 ---------------------------------------------------------------------------------
 (5) _spiReceiveWait                                       0     0      0       0
 ---------------------------------------------------------------------------------
 Estimated maximum stack depth 5
 ---------------------------------------------------------------------------------

 Call Graph Graphs:

 _main (ROOT)
   _adc_read
   _setup
     _adc_init
     _spiInit

 _isr (ROOT)
   _spiRead
     _spiReceiveWait
   _spiWrite

 Address spaces:
Name               Size   Autos  Total    Cost      Usage
BITCOMMON            E      0       0       0        0.0%
EEDATA             100      0       0       0        0.0%
NULL                 0      0       0       0        0.0%
CODE                 0      0       0       0        0.0%
COMMON               E      B       B       1       78.6%
BITSFR0              0      0       0       1        0.0%
SFR0                 0      0       0       1        0.0%
BITSFR1              0      0       0       2        0.0%
SFR1                 0      0       0       2        0.0%
STACK                0      0       0       2        0.0%
ABS                  0      0       0       3        0.0%
BITBANK0            50      0       0       4        0.0%
BITSFR3              0      0       0       4        0.0%
SFR3                 0      0       0       4        0.0%
BANK0               50      0       0       5        0.0%
BITSFR2              0      0       0       5        0.0%
SFR2                 0      0       0       5        0.0%
BITBANK1            50      0       0       6        0.0%
BANK1               50      0       0       7        0.0%
BITBANK3            60      0       0       8        0.0%
BANK3               60      0       0       9        0.0%
BITBANK2            60      0       0      10        0.0%
BANK2               60      0       0      11        0.0%
DATA                 0      0       0      12        0.0%


Microchip Technology PIC Macro Assembler V2.41 build 20230208172133 
Symbol Table                                                                                   Wed Aug 02 23:55:35 2023

            _SSPSTATbits 0094                       l23 006C                       l26 00F1  
                     l29 00FB                       l91 009F                      l107 00E8  
                    l108 00ED                      l841 0046                      l833 0014  
                    l835 0033                      l837 0038                      l845 004B  
                    l861 00E4                      l919 0053                      l839 003F  
                    l847 0061                      l863 00E7                      l855 00D9  
                    l871 006D                      l865 00EE                      l849 006B  
                    l857 00E0                      l881 0084                      l873 0071  
                    l867 00F5                      l859 00E2                      l891 0096  
                    l883 008E                      l875 0074                      l885 008F  
                    l877 007F                      l893 00BD                      l887 0090  
                    l879 0083                      l895 00C2                      l889 0093  
                    l897 00CB                      _GIE 005F                      u110 001B  
                    u111 0017                      u130 0025                      u131 0021  
                    u124 001E                      u150 002F                      u151 002B  
                    u144 0028                      u170 00E0                      u171 00DF  
                    u180 00F5                      u164 0032                      u181 00F4  
                    u197 00C6                      _SCS 0478                      _isr 00A0  
                   _ADFM 04FF                     ?_isr 0070                     _ADON 00F8  
                   _PEIE 005E                     i1l80 00B6                     u8_20 010B  
                   u8_21 010A                     _main 00BD                     btemp 007E  
                   start 000C                    ??_isr 0071                    ?_main 0070  
                  _ANSEL 0188                    i1l111 0105                    i1l114 010B  
                  i1l125 0104                    i1l117 0111                    i1l763 010D  
                  i1l749 0105                    i1l757 00FC                    i1l759 0101  
                  i1l793 00A0                    i1l795 00A6                    i1l797 00AB  
                  i1l799 00B3                    _VCFG0 04FC                    _VCFG1 04FD  
                  u10_20 00A6                    u10_21 00A5                    _PORTA 0005  
                  _PORTB 0006                    _TRISA 0085                    _TRISB 0086  
                  _SSPIE 0463                    _SSPIF 0063                    _setup 006D  
                  pclath 000A          __end_of_spiInit 00EE          __end_of_spiRead 0105  
                  status 0003                    wtemp0 007E          __initialization 000F  
           __end_of_main 00D8                   ??_main 0079                   _ADRESH 001E  
                 _ADRESL 009E                   ?_setup 0070                   _ANSELH 0189  
       __end_of_adc_init 006D         __end_of_adc_read 00FC                   _TRISC3 043B  
                 _TRISC5 043D                   _SSPCON 0014                   _SSPBUF 0013  
                 saved_w 007E         __end_of_spiWrite 0112                ??_spiInit 0076  
              ??_spiRead 0070  __end_of__initialization 000F           __pcstackCOMMON 0070  
          __end_of_setup 00A0                  ??_setup 0079               __pmaintext 00BD  
             __pintentry 0004                ?_adc_init 0073                ?_adc_read 0073  
                _SSPSTAT 0094                ?_spiWrite 0070               ??_adc_init 0076  
             ??_adc_read 0075                  __ptext1 006D                  __ptext2 00D8  
                __ptext3 0013                  __ptext4 00EE                  __ptext5 00A0  
                __ptext6 010C                  __ptext7 00FC                  __ptext8 0105  
                _spiInit 00D8                  _spiRead 00FC     end_of_initialization 000F  
             ??_spiWrite 0070              spiWrite@dat 0070           _spiReceiveWait 0105  
    start_initialization 000F              __end_of_isr 00BD   __end_of_spiReceiveWait 010C  
        adc_init@channel 0075                ___latbits 0002            adc_init@clock 0074  
              adc_init@J 0078                adc_init@R 0073          ?_spiReceiveWait 0070  
               ?_spiInit 0073                 ?_spiRead 0070     spiInit@sTransmitEdge 0075  
      interrupt_function 0004       spiInit@sDataSample 0073               _ADCON0bits 001F  
               _adc_init 0013                 _adc_read 00EE                 _spiWrite 010C  
           spiInit@sType 0076        spiInit@sClockIdle 0074                 intlevel1 0000  
       ??_spiReceiveWait 0070               _OSCCONbits 008F  
