

Microchip MPLAB XC8 Assembler V2.41 build 20230208172133 
                                                                                               Tue Aug 01 15:09:30 2023

Microchip MPLAB XC8 C Compiler v2.41 (Free license) build 20230208172133 Og1 
     1                           	processor	16F887
     2                           	pagewidth 120
     3                           	opt	flic
     4                           	psect	cinit,global,class=CODE,merge=1,delta=2
     5                           	psect	cstackCOMMON,global,class=COMMON,space=1,delta=1,noexec
     6                           	psect	maintext,global,class=CODE,split=1,delta=2
     7                           	psect	text1,local,class=CODE,merge=1,delta=2
     8                           	psect	text2,local,class=CODE,merge=1,delta=2
     9                           	psect	text3,local,class=CODE,merge=1,delta=2
    10                           	psect	text4,local,class=CODE,merge=1,delta=2
    11                           	psect	text5,local,class=CODE,merge=1,delta=2
    12                           	psect	intentry,global,class=CODE,delta=2
    13                           	psect	text6,local,class=CODE,merge=1,delta=2
    14                           	psect	text7,local,class=CODE,merge=1,delta=2
    15                           	psect	text8,local,class=CODE,merge=1,delta=2
    16                           	psect	config,global,abs,ovrld,class=CONFIG,space=4,delta=2,noexec
    17                           	dabs	1,0x7E,2
    18     0000                     
    19                           ; Generated 22/03/2023 GMT
    20                           ; 
    21                           ; Copyright © 2023, Microchip Technology Inc. and its subsidiaries ("Microchip")
    22                           ; All rights reserved.
    23                           ; 
    24                           ; This software is developed by Microchip Technology Inc. and its subsidiaries ("Microch
      +                          ip").
    25                           ; 
    26                           ; Redistribution and use in source and binary forms, with or without modification, are
    27                           ; permitted provided that the following conditions are met:
    28                           ; 
    29                           ;     1. Redistributions of source code must retain the above copyright notice, this lis
      +                          t of
    30                           ;        conditions and the following disclaimer.
    31                           ; 
    32                           ;     2. Redistributions in binary form must reproduce the above copyright notice, this 
      +                          list
    33                           ;        of conditions and the following disclaimer in the documentation and/or other
    34                           ;        materials provided with the distribution. Publication is not required when
    35                           ;        this file is used in an embedded application.
    36                           ; 
    37                           ;     3. Microchip's name may not be used to endorse or promote products derived from th
      +                          is
    38                           ;        software without specific prior written permission.
    39                           ; 
    40                           ; THIS SOFTWARE IS PROVIDED BY MICROCHIP "AS IS" AND ANY EXPRESS OR IMPLIED WARRANTIES,
    41                           ; INCLUDING, BUT NOT LIMITED TO, THE IMPLIED WARRANTIES OF MERCHANTABILITY AND FITNESS F
      +                          OR
    42                           ; PURPOSE ARE DISCLAIMED.  IN NO EVENT SHALL MICROCHIP BE LIABLE FOR ANY DIRECT, INDIREC
      +                          T,
    43                           ; INCIDENTAL, SPECIAL, EXEMPLARY, OR CONSEQUENTIAL DAMAGES (INCLUDING BUT NOT LIMITED TO
    44                           ; PROCUREMENT OF SUBSTITUTE GOODS OR SERVICES; LOSS OF USE, DATA OR PROFITS; OR BUSINESS
    45                           ; INTERRUPTION) HOWSOEVER CAUSED AND ON ANY THEORY OF LIABILITY, WHETHER IN CONTRACT, ST
      +                          RICT
    46                           ; LIABILITY, OR TORT (INCLUDING NEGLIGENCE OR OTHERWISE) ARISING IN ANY WAY OUT OF THE U
      +                          SE OF
    47                           ; THIS SOFTWARE, EVEN IF ADVISED OF THE POSSIBILITY OF SUCH DAMAGE.
    48                           ; 
    49                           ; 
    50                           ; Code-generator required, PIC16F887 Definitions
    51                           ; 
    52                           ; SFR Addresses
    53     0000                     	;# 
    54     0001                     	;# 
    55     0002                     	;# 
    56     0003                     	;# 
    57     0004                     	;# 
    58     0005                     	;# 
    59     0006                     	;# 
    60     0007                     	;# 
    61     0008                     	;# 
    62     0009                     	;# 
    63     000A                     	;# 
    64     000B                     	;# 
    65     000C                     	;# 
    66     000D                     	;# 
    67     000E                     	;# 
    68     000E                     	;# 
    69     000F                     	;# 
    70     0010                     	;# 
    71     0011                     	;# 
    72     0012                     	;# 
    73     0013                     	;# 
    74     0014                     	;# 
    75     0015                     	;# 
    76     0015                     	;# 
    77     0016                     	;# 
    78     0017                     	;# 
    79     0018                     	;# 
    80     0019                     	;# 
    81     001A                     	;# 
    82     001B                     	;# 
    83     001B                     	;# 
    84     001C                     	;# 
    85     001D                     	;# 
    86     001E                     	;# 
    87     001F                     	;# 
    88     0081                     	;# 
    89     0085                     	;# 
    90     0086                     	;# 
    91     0087                     	;# 
    92     0088                     	;# 
    93     0089                     	;# 
    94     008C                     	;# 
    95     008D                     	;# 
    96     008E                     	;# 
    97     008F                     	;# 
    98     0090                     	;# 
    99     0091                     	;# 
   100     0092                     	;# 
   101     0093                     	;# 
   102     0093                     	;# 
   103     0093                     	;# 
   104     0094                     	;# 
   105     0095                     	;# 
   106     0096                     	;# 
   107     0097                     	;# 
   108     0098                     	;# 
   109     0099                     	;# 
   110     009A                     	;# 
   111     009B                     	;# 
   112     009C                     	;# 
   113     009D                     	;# 
   114     009E                     	;# 
   115     009F                     	;# 
   116     0105                     	;# 
   117     0107                     	;# 
   118     0108                     	;# 
   119     0109                     	;# 
   120     010C                     	;# 
   121     010C                     	;# 
   122     010D                     	;# 
   123     010E                     	;# 
   124     010F                     	;# 
   125     0185                     	;# 
   126     0187                     	;# 
   127     0188                     	;# 
   128     0189                     	;# 
   129     018C                     	;# 
   130     018D                     	;# 
   131     0000                     	;# 
   132     0001                     	;# 
   133     0002                     	;# 
   134     0003                     	;# 
   135     0004                     	;# 
   136     0005                     	;# 
   137     0006                     	;# 
   138     0007                     	;# 
   139     0008                     	;# 
   140     0009                     	;# 
   141     000A                     	;# 
   142     000B                     	;# 
   143     000C                     	;# 
   144     000D                     	;# 
   145     000E                     	;# 
   146     000E                     	;# 
   147     000F                     	;# 
   148     0010                     	;# 
   149     0011                     	;# 
   150     0012                     	;# 
   151     0013                     	;# 
   152     0014                     	;# 
   153     0015                     	;# 
   154     0015                     	;# 
   155     0016                     	;# 
   156     0017                     	;# 
   157     0018                     	;# 
   158     0019                     	;# 
   159     001A                     	;# 
   160     001B                     	;# 
   161     001B                     	;# 
   162     001C                     	;# 
   163     001D                     	;# 
   164     001E                     	;# 
   165     001F                     	;# 
   166     0081                     	;# 
   167     0085                     	;# 
   168     0086                     	;# 
   169     0087                     	;# 
   170     0088                     	;# 
   171     0089                     	;# 
   172     008C                     	;# 
   173     008D                     	;# 
   174     008E                     	;# 
   175     008F                     	;# 
   176     0090                     	;# 
   177     0091                     	;# 
   178     0092                     	;# 
   179     0093                     	;# 
   180     0093                     	;# 
   181     0093                     	;# 
   182     0094                     	;# 
   183     0095                     	;# 
   184     0096                     	;# 
   185     0097                     	;# 
   186     0098                     	;# 
   187     0099                     	;# 
   188     009A                     	;# 
   189     009B                     	;# 
   190     009C                     	;# 
   191     009D                     	;# 
   192     009E                     	;# 
   193     009F                     	;# 
   194     0105                     	;# 
   195     0107                     	;# 
   196     0108                     	;# 
   197     0109                     	;# 
   198     010C                     	;# 
   199     010C                     	;# 
   200     010D                     	;# 
   201     010E                     	;# 
   202     010F                     	;# 
   203     0185                     	;# 
   204     0187                     	;# 
   205     0188                     	;# 
   206     0189                     	;# 
   207     018C                     	;# 
   208     018D                     	;# 
   209     0000                     	;# 
   210     0001                     	;# 
   211     0002                     	;# 
   212     0003                     	;# 
   213     0004                     	;# 
   214     0005                     	;# 
   215     0006                     	;# 
   216     0007                     	;# 
   217     0008                     	;# 
   218     0009                     	;# 
   219     000A                     	;# 
   220     000B                     	;# 
   221     000C                     	;# 
   222     000D                     	;# 
   223     000E                     	;# 
   224     000E                     	;# 
   225     000F                     	;# 
   226     0010                     	;# 
   227     0011                     	;# 
   228     0012                     	;# 
   229     0013                     	;# 
   230     0014                     	;# 
   231     0015                     	;# 
   232     0015                     	;# 
   233     0016                     	;# 
   234     0017                     	;# 
   235     0018                     	;# 
   236     0019                     	;# 
   237     001A                     	;# 
   238     001B                     	;# 
   239     001B                     	;# 
   240     001C                     	;# 
   241     001D                     	;# 
   242     001E                     	;# 
   243     001F                     	;# 
   244     0081                     	;# 
   245     0085                     	;# 
   246     0086                     	;# 
   247     0087                     	;# 
   248     0088                     	;# 
   249     0089                     	;# 
   250     008C                     	;# 
   251     008D                     	;# 
   252     008E                     	;# 
   253     008F                     	;# 
   254     0090                     	;# 
   255     0091                     	;# 
   256     0092                     	;# 
   257     0093                     	;# 
   258     0093                     	;# 
   259     0093                     	;# 
   260     0094                     	;# 
   261     0095                     	;# 
   262     0096                     	;# 
   263     0097                     	;# 
   264     0098                     	;# 
   265     0099                     	;# 
   266     009A                     	;# 
   267     009B                     	;# 
   268     009C                     	;# 
   269     009D                     	;# 
   270     009E                     	;# 
   271     009F                     	;# 
   272     0105                     	;# 
   273     0107                     	;# 
   274     0108                     	;# 
   275     0109                     	;# 
   276     010C                     	;# 
   277     010C                     	;# 
   278     010D                     	;# 
   279     010E                     	;# 
   280     010F                     	;# 
   281     0185                     	;# 
   282     0187                     	;# 
   283     0188                     	;# 
   284     0189                     	;# 
   285     018C                     	;# 
   286     018D                     	;# 
   287     0000                     	;# 
   288     0001                     	;# 
   289     0002                     	;# 
   290     0003                     	;# 
   291     0004                     	;# 
   292     0005                     	;# 
   293     0006                     	;# 
   294     0007                     	;# 
   295     0008                     	;# 
   296     0009                     	;# 
   297     000A                     	;# 
   298     000B                     	;# 
   299     000C                     	;# 
   300     000D                     	;# 
   301     000E                     	;# 
   302     000E                     	;# 
   303     000F                     	;# 
   304     0010                     	;# 
   305     0011                     	;# 
   306     0012                     	;# 
   307     0013                     	;# 
   308     0014                     	;# 
   309     0015                     	;# 
   310     0015                     	;# 
   311     0016                     	;# 
   312     0017                     	;# 
   313     0018                     	;# 
   314     0019                     	;# 
   315     001A                     	;# 
   316     001B                     	;# 
   317     001B                     	;# 
   318     001C                     	;# 
   319     001D                     	;# 
   320     001E                     	;# 
   321     001F                     	;# 
   322     0081                     	;# 
   323     0085                     	;# 
   324     0086                     	;# 
   325     0087                     	;# 
   326     0088                     	;# 
   327     0089                     	;# 
   328     008C                     	;# 
   329     008D                     	;# 
   330     008E                     	;# 
   331     008F                     	;# 
   332     0090                     	;# 
   333     0091                     	;# 
   334     0092                     	;# 
   335     0093                     	;# 
   336     0093                     	;# 
   337     0093                     	;# 
   338     0094                     	;# 
   339     0095                     	;# 
   340     0096                     	;# 
   341     0097                     	;# 
   342     0098                     	;# 
   343     0099                     	;# 
   344     009A                     	;# 
   345     009B                     	;# 
   346     009C                     	;# 
   347     009D                     	;# 
   348     009E                     	;# 
   349     009F                     	;# 
   350     0105                     	;# 
   351     0107                     	;# 
   352     0108                     	;# 
   353     0109                     	;# 
   354     010C                     	;# 
   355     010C                     	;# 
   356     010D                     	;# 
   357     010E                     	;# 
   358     010F                     	;# 
   359     0185                     	;# 
   360     0187                     	;# 
   361     0188                     	;# 
   362     0189                     	;# 
   363     018C                     	;# 
   364     018D                     	;# 
   365     0005                     _PORTA	set	5
   366     0006                     _PORTB	set	6
   367     0008                     _PORTD	set	8
   368     0013                     _SSPBUF	set	19
   369     0014                     _SSPCON	set	20
   370     001E                     _ADRESH	set	30
   371     001F                     _ADCON0bits	set	31
   372     003A                     _RC2	set	58
   373     0063                     _SSPIF	set	99
   374     00F8                     _ADON	set	248
   375     008F                     _OSCCONbits	set	143
   376     0085                     _TRISA	set	133
   377     0094                     _SSPSTATbits	set	148
   378     0094                     _SSPSTAT	set	148
   379     009E                     _ADRESL	set	158
   380     043A                     _TRISC2	set	1082
   381     0478                     _SCS	set	1144
   382     043B                     _TRISC3	set	1083
   383     043D                     _TRISC5	set	1085
   384     04FD                     _VCFG1	set	1277
   385     04FC                     _VCFG0	set	1276
   386     04FF                     _ADFM	set	1279
   387     0189                     _ANSELH	set	393
   388     0188                     _ANSEL	set	392
   389                           
   390                           	psect	cinit
   391     000F                     start_initialization:	
   392                           ; #config settings
   393                           
   394     000F                     __initialization:
   395     000F                     end_of_initialization:	
   396                           ;End of C runtime variable initialization code
   397                           
   398     000F                     __end_of__initialization:
   399     000F  0183               	clrf	3
   400     0010  120A  118A  284E   	ljmp	_main	;jump to C main() function
   401                           
   402                           	psect	cstackCOMMON
   403     0070                     __pcstackCOMMON:
   404     0070                     ?_setup:
   405     0070                     ?_spiReceiveWait:	
   406                           ; 1 bytes @ 0x0
   407                           
   408     0070                     ?_spiWrite:	
   409                           ; 1 bytes @ 0x0
   410                           
   411     0070                     ??_spiWrite:	
   412                           ; 1 bytes @ 0x0
   413                           
   414     0070                     ?_spiRead:	
   415                           ; 1 bytes @ 0x0
   416                           
   417     0070                     ?_isr:	
   418                           ; 1 bytes @ 0x0
   419                           
   420     0070                     ?i1_spiReceiveWait:	
   421                           ; 1 bytes @ 0x0
   422                           
   423     0070                     ??i1_spiReceiveWait:	
   424                           ; 1 bytes @ 0x0
   425                           
   426     0070                     ?i1_spiRead:	
   427                           ; 1 bytes @ 0x0
   428                           
   429     0070                     ??i1_spiRead:	
   430                           ; 1 bytes @ 0x0
   431                           
   432     0070                     ?_main:	
   433                           ; 1 bytes @ 0x0
   434                           
   435     0070                     spiWrite@dat:	
   436                           ; 2 bytes @ 0x0
   437                           
   438                           
   439                           ; 1 bytes @ 0x0
   440     0070                     	ds	1
   441     0071                     ??_isr:
   442                           
   443                           ; 1 bytes @ 0x1
   444     0071                     	ds	2
   445     0073                     ?_spiInit:
   446     0073                     ??_spiReceiveWait:	
   447                           ; 1 bytes @ 0x3
   448                           
   449     0073                     ??_spiRead:	
   450                           ; 1 bytes @ 0x3
   451                           
   452     0073                     spiInit@sDataSample:	
   453                           ; 1 bytes @ 0x3
   454                           
   455                           
   456                           ; 1 bytes @ 0x3
   457     0073                     	ds	1
   458     0074                     spiInit@sClockIdle:
   459                           
   460                           ; 1 bytes @ 0x4
   461     0074                     	ds	1
   462     0075                     spiInit@sTransmitEdge:
   463                           
   464                           ; 1 bytes @ 0x5
   465     0075                     	ds	1
   466     0076                     ??_spiInit:
   467     0076                     spiInit@sType:	
   468                           ; 1 bytes @ 0x6
   469                           
   470                           
   471                           ; 1 bytes @ 0x6
   472     0076                     	ds	1
   473     0077                     ??_setup:
   474     0077                     ??_main:	
   475                           ; 1 bytes @ 0x7
   476                           
   477                           
   478                           ; 1 bytes @ 0x7
   479     0077                     	ds	2
   480                           
   481                           	psect	maintext
   482     004E                     __pmaintext:	
   483 ;;
   484 ;;Main: autosize = 0, tempsize = 2, incstack = 0, save=0
   485 ;;
   486 ;; *************** function _main *****************
   487 ;; Defined at:
   488 ;;		line 56 in file "../../../LibreriasPIC/Prelab3_Master.c"
   489 ;; Parameters:    Size  Location     Type
   490 ;;		None
   491 ;; Auto vars:     Size  Location     Type
   492 ;;		None
   493 ;; Return value:  Size  Location     Type
   494 ;;                  2  111[None  ] int 
   495 ;; Registers used:
   496 ;;		wreg, status,2, status,0, pclath, cstack
   497 ;; Tracked objects:
   498 ;;		On entry : B00/0
   499 ;;		On exit  : 0/0
   500 ;;		Unchanged: 0/0
   501 ;; Data sizes:     COMMON   BANK0   BANK1   BANK3   BANK2
   502 ;;      Params:         0       0       0       0       0
   503 ;;      Locals:         0       0       0       0       0
   504 ;;      Temps:          2       0       0       0       0
   505 ;;      Totals:         2       0       0       0       0
   506 ;;Total ram usage:        2 bytes
   507 ;; Hardware stack levels required when called: 5
   508 ;; This function calls:
   509 ;;		_setup
   510 ;;		_spiRead
   511 ;; This function is called by:
   512 ;;		Startup code after reset
   513 ;; This function uses a non-reentrant model
   514 ;;
   515                           
   516     004E                     _main:	
   517                           ;psect for function _main
   518                           
   519     004E                     l826:	
   520                           ;incstack = 0
   521                           ; Regs used in _main: [wreg+status,2+status,0+pclath+cstack]
   522                           
   523     004E  120A  118A  2031  120A  118A  	fcall	_setup
   524     0053                     l828:
   525     0053  301A               	movlw	26
   526     0054  00F8               	movwf	??_main+1
   527     0055  30F8               	movlw	248
   528     0056  00F7               	movwf	??_main
   529     0057                     u137:
   530     0057  0BF7               	decfsz	??_main,f
   531     0058  2857               	goto	u137
   532     0059  0BF8               	decfsz	??_main+1,f
   533     005A  2857               	goto	u137
   534     005B  0000               	nop
   535     005C                     l830:
   536     005C  120A  118A  207E  120A  118A  	fcall	_spiRead
   537     0061  1283               	bcf	3,5	;RP0=0, select bank0
   538     0062  1303               	bcf	3,6	;RP1=0, select bank0
   539     0063  0085               	movwf	5	;volatile
   540     0064  2853               	goto	l828
   541     0065  120A  118A  280C   	ljmp	start
   542     0068                     __end_of_main:
   543                           
   544                           	psect	text1
   545     007E                     __ptext1:	
   546 ;; *************** function _spiRead *****************
   547 ;; Defined at:
   548 ;;		line 47 in file "../../../LibreriasPIC/SPI.c"
   549 ;; Parameters:    Size  Location     Type
   550 ;;		None
   551 ;; Auto vars:     Size  Location     Type
   552 ;;		None
   553 ;; Return value:  Size  Location     Type
   554 ;;                  1    wreg      unsigned char 
   555 ;; Registers used:
   556 ;;		wreg, status,2, status,0, pclath, cstack
   557 ;; Tracked objects:
   558 ;;		On entry : 0/0
   559 ;;		On exit  : 0/0
   560 ;;		Unchanged: 0/0
   561 ;; Data sizes:     COMMON   BANK0   BANK1   BANK3   BANK2
   562 ;;      Params:         0       0       0       0       0
   563 ;;      Locals:         0       0       0       0       0
   564 ;;      Temps:          0       0       0       0       0
   565 ;;      Totals:         0       0       0       0       0
   566 ;;Total ram usage:        0 bytes
   567 ;; Hardware stack levels used: 1
   568 ;; Hardware stack levels required when called: 4
   569 ;; This function calls:
   570 ;;		_spiReceiveWait
   571 ;; This function is called by:
   572 ;;		_main
   573 ;; This function uses a non-reentrant model
   574 ;;
   575                           
   576     007E                     _spiRead:	
   577                           ;psect for function _spiRead
   578                           
   579     007E                     l726:	
   580                           ;incstack = 0
   581                           ; Regs used in _spiRead: [wreg+status,2+status,0+pclath+cstack]
   582                           
   583                           
   584                           ;../../../LibreriasPIC/SPI.c: 49:     spiReceiveWait();
   585     007E  120A  118A  2090  120A  118A  	fcall	_spiReceiveWait
   586     0083                     l728:
   587                           
   588                           ;../../../LibreriasPIC/SPI.c: 50:     return(SSPBUF);
   589     0083  1283               	bcf	3,5	;RP0=0, select bank0
   590     0084  1303               	bcf	3,6	;RP1=0, select bank0
   591     0085  0813               	movf	19,w	;volatile
   592     0086                     l69:
   593     0086  0008               	return
   594     0087                     __end_of_spiRead:
   595                           
   596                           	psect	text2
   597     0090                     __ptext2:	
   598 ;; *************** function _spiReceiveWait *****************
   599 ;; Defined at:
   600 ;;		line 29 in file "../../../LibreriasPIC/SPI.c"
   601 ;; Parameters:    Size  Location     Type
   602 ;;		None
   603 ;; Auto vars:     Size  Location     Type
   604 ;;		None
   605 ;; Return value:  Size  Location     Type
   606 ;;                  1    wreg      void 
   607 ;; Registers used:
   608 ;;		None
   609 ;; Tracked objects:
   610 ;;		On entry : 0/0
   611 ;;		On exit  : 0/0
   612 ;;		Unchanged: 0/0
   613 ;; Data sizes:     COMMON   BANK0   BANK1   BANK3   BANK2
   614 ;;      Params:         0       0       0       0       0
   615 ;;      Locals:         0       0       0       0       0
   616 ;;      Temps:          0       0       0       0       0
   617 ;;      Totals:         0       0       0       0       0
   618 ;;Total ram usage:        0 bytes
   619 ;; Hardware stack levels used: 1
   620 ;; Hardware stack levels required when called: 3
   621 ;; This function calls:
   622 ;;		Nothing
   623 ;; This function is called by:
   624 ;;		_spiRead
   625 ;; This function uses a non-reentrant model
   626 ;;
   627                           
   628     0090                     _spiReceiveWait:	
   629                           ;psect for function _spiReceiveWait
   630                           
   631     0090                     l720:	
   632                           ;incstack = 0
   633                           ; Regs used in _spiReceiveWait: []
   634                           
   635     0090                     l55:	
   636                           ;../../../LibreriasPIC/SPI.c: 31:     while ( !SSPSTATbits.BF );
   637                           
   638     0090  1683               	bsf	3,5	;RP0=1, select bank1
   639     0091  1303               	bcf	3,6	;RP1=0, select bank1
   640     0092  1C14               	btfss	20,0	;volatile
   641     0093  2895               	goto	u21
   642     0094  2896               	goto	u20
   643     0095                     u21:
   644     0095  2890               	goto	l55
   645     0096                     u20:
   646     0096                     l58:
   647     0096  0008               	return
   648     0097                     __end_of_spiReceiveWait:
   649                           
   650                           	psect	text3
   651     0031                     __ptext3:	
   652 ;; *************** function _setup *****************
   653 ;; Defined at:
   654 ;;		line 65 in file "../../../LibreriasPIC/Prelab3_Master.c"
   655 ;; Parameters:    Size  Location     Type
   656 ;;		None
   657 ;; Auto vars:     Size  Location     Type
   658 ;;		None
   659 ;; Return value:  Size  Location     Type
   660 ;;                  1    wreg      void 
   661 ;; Registers used:
   662 ;;		wreg, status,2, status,0, pclath, cstack
   663 ;; Tracked objects:
   664 ;;		On entry : 0/0
   665 ;;		On exit  : 0/0
   666 ;;		Unchanged: 0/0
   667 ;; Data sizes:     COMMON   BANK0   BANK1   BANK3   BANK2
   668 ;;      Params:         0       0       0       0       0
   669 ;;      Locals:         0       0       0       0       0
   670 ;;      Temps:          0       0       0       0       0
   671 ;;      Totals:         0       0       0       0       0
   672 ;;Total ram usage:        0 bytes
   673 ;; Hardware stack levels used: 1
   674 ;; Hardware stack levels required when called: 4
   675 ;; This function calls:
   676 ;;		_spiInit
   677 ;; This function is called by:
   678 ;;		_main
   679 ;; This function uses a non-reentrant model
   680 ;;
   681                           
   682     0031                     _setup:	
   683                           ;psect for function _setup
   684                           
   685     0031                     l814:	
   686                           ;incstack = 0
   687                           ; Regs used in _setup: [wreg+status,2+status,0+pclath+cstack]
   688                           
   689     0031  1683               	bsf	3,5	;RP0=1, select bank3
   690     0032  1703               	bsf	3,6	;RP1=1, select bank3
   691     0033  0188               	clrf	8	;volatile
   692     0034  0189               	clrf	9	;volatile
   693     0035  1683               	bsf	3,5	;RP0=1, select bank1
   694     0036  1303               	bcf	3,6	;RP1=0, select bank1
   695     0037  0185               	clrf	5	;volatile
   696     0038  1283               	bcf	3,5	;RP0=0, select bank0
   697     0039  1303               	bcf	3,6	;RP1=0, select bank0
   698     003A  0185               	clrf	5	;volatile
   699     003B                     l816:
   700     003B  3070               	movlw	112
   701     003C  1683               	bsf	3,5	;RP0=1, select bank1
   702     003D  1303               	bcf	3,6	;RP1=0, select bank1
   703     003E  048F               	iorwf	15,f	;volatile
   704     003F                     l818:
   705     003F  140F               	bsf	15,0	;volatile
   706     0040                     l820:
   707     0040  1107               	bcf	7,2	;volatile
   708     0041                     l822:
   709     0041  1283               	bcf	3,5	;RP0=0, select bank0
   710     0042  1303               	bcf	3,6	;RP1=0, select bank0
   711     0043  1107               	bcf	7,2	;volatile
   712     0044                     l824:
   713     0044  01F3               	clrf	spiInit@sDataSample
   714     0045  01F4               	clrf	spiInit@sClockIdle
   715     0046  01F5               	clrf	spiInit@sTransmitEdge
   716     0047  3020               	movlw	32
   717     0048  120A  118A  2068  120A  118A  	fcall	_spiInit
   718     004D                     l118:
   719     004D  0008               	return
   720     004E                     __end_of_setup:
   721                           
   722                           	psect	text4
   723     0068                     __ptext4:	
   724 ;; *************** function _spiInit *****************
   725 ;; Defined at:
   726 ;;		line 12 in file "../../../LibreriasPIC/SPI.c"
   727 ;; Parameters:    Size  Location     Type
   728 ;;  sType           1    wreg     enum E1292
   729 ;;  sDataSample     1    3[COMMON] enum E1300
   730 ;;  sClockIdle      1    4[COMMON] enum E1304
   731 ;;  sTransmitEdg    1    5[COMMON] enum E1308
   732 ;; Auto vars:     Size  Location     Type
   733 ;;  sType           1    6[COMMON] enum E1292
   734 ;; Return value:  Size  Location     Type
   735 ;;                  1    wreg      void 
   736 ;; Registers used:
   737 ;;		wreg, status,2, status,0
   738 ;; Tracked objects:
   739 ;;		On entry : 0/0
   740 ;;		On exit  : 0/0
   741 ;;		Unchanged: 0/0
   742 ;; Data sizes:     COMMON   BANK0   BANK1   BANK3   BANK2
   743 ;;      Params:         3       0       0       0       0
   744 ;;      Locals:         1       0       0       0       0
   745 ;;      Temps:          0       0       0       0       0
   746 ;;      Totals:         4       0       0       0       0
   747 ;;Total ram usage:        4 bytes
   748 ;; Hardware stack levels used: 1
   749 ;; Hardware stack levels required when called: 3
   750 ;; This function calls:
   751 ;;		Nothing
   752 ;; This function is called by:
   753 ;;		_setup
   754 ;; This function uses a non-reentrant model
   755 ;;
   756                           
   757     0068                     _spiInit:	
   758                           ;psect for function _spiInit
   759                           
   760                           
   761                           ;incstack = 0
   762                           ; Regs used in _spiInit: [wreg+status,2+status,0]
   763                           ;spiInit@sType stored from wreg
   764     0068  00F6               	movwf	spiInit@sType
   765     0069                     l804:
   766                           
   767                           ;../../../LibreriasPIC/SPI.c: 12: void spiInit(Spi_Type sType, Spi_Data_Sample sDataSamp
      +                          le, Spi_Clock_Idle sClockIdle, Spi_Transmit_Edge sTransmitEdge);../../../LibreriasPIC/SP
      +                          I.c: 13: {;../../../LibreriasPIC/SPI.c: 14:     TRISC5 = 0;
   768     0069  1683               	bsf	3,5	;RP0=1, select bank1
   769     006A  1303               	bcf	3,6	;RP1=0, select bank1
   770     006B  1287               	bcf	7,5	;volatile
   771                           
   772                           ;../../../LibreriasPIC/SPI.c: 15:     if(sType & 0b00000100)
   773     006C  1D76               	btfss	spiInit@sType,2
   774     006D  286F               	goto	u121
   775     006E  2870               	goto	u120
   776     006F                     u121:
   777     006F  2874               	goto	l810
   778     0070                     u120:
   779     0070                     l806:
   780                           
   781                           ;../../../LibreriasPIC/SPI.c: 16:     {;../../../LibreriasPIC/SPI.c: 17:         SSPSTAT
      +                           = sTransmitEdge;
   782     0070  0875               	movf	spiInit@sTransmitEdge,w
   783     0071  0094               	movwf	20	;volatile
   784     0072                     l808:
   785                           
   786                           ;../../../LibreriasPIC/SPI.c: 18:         TRISC3 = 1;
   787     0072  1587               	bsf	7,3	;volatile
   788                           
   789                           ;../../../LibreriasPIC/SPI.c: 19:     }
   790     0073  2878               	goto	l51
   791     0074                     l810:
   792                           
   793                           ;../../../LibreriasPIC/SPI.c: 21:     {;../../../LibreriasPIC/SPI.c: 22:         SSPSTAT
      +                           = sDataSample | sTransmitEdge;
   794     0074  0873               	movf	spiInit@sDataSample,w
   795     0075  0475               	iorwf	spiInit@sTransmitEdge,w
   796     0076  0094               	movwf	20	;volatile
   797     0077                     l812:
   798                           
   799                           ;../../../LibreriasPIC/SPI.c: 23:         TRISC3 = 0;
   800     0077  1187               	bcf	7,3	;volatile
   801     0078                     l51:	
   802                           ;../../../LibreriasPIC/SPI.c: 24:     }
   803                           
   804                           
   805                           ;../../../LibreriasPIC/SPI.c: 26:     SSPCON = sType | sClockIdle;
   806     0078  0876               	movf	spiInit@sType,w
   807     0079  0474               	iorwf	spiInit@sClockIdle,w
   808     007A  1283               	bcf	3,5	;RP0=0, select bank0
   809     007B  1303               	bcf	3,6	;RP1=0, select bank0
   810     007C  0094               	movwf	20	;volatile
   811     007D                     l52:
   812     007D  0008               	return
   813     007E                     __end_of_spiInit:
   814                           
   815                           	psect	text5
   816     0013                     __ptext5:	
   817 ;; *************** function _isr *****************
   818 ;; Defined at:
   819 ;;		line 42 in file "../../../LibreriasPIC/Prelab3_Master.c"
   820 ;; Parameters:    Size  Location     Type
   821 ;;		None
   822 ;; Auto vars:     Size  Location     Type
   823 ;;		None
   824 ;; Return value:  Size  Location     Type
   825 ;;                  1    wreg      void 
   826 ;; Registers used:
   827 ;;		wreg, status,2, status,0, pclath, cstack
   828 ;; Tracked objects:
   829 ;;		On entry : 0/0
   830 ;;		On exit  : 0/0
   831 ;;		Unchanged: 0/0
   832 ;; Data sizes:     COMMON   BANK0   BANK1   BANK3   BANK2
   833 ;;      Params:         0       0       0       0       0
   834 ;;      Locals:         0       0       0       0       0
   835 ;;      Temps:          2       0       0       0       0
   836 ;;      Totals:         2       0       0       0       0
   837 ;;Total ram usage:        2 bytes
   838 ;; Hardware stack levels used: 1
   839 ;; Hardware stack levels required when called: 2
   840 ;; This function calls:
   841 ;;		_spiWrite
   842 ;;		i1_spiRead
   843 ;; This function is called by:
   844 ;;		Interrupt level 1
   845 ;; This function uses a non-reentrant model
   846 ;;
   847                           
   848     0013                     _isr:	
   849                           ;psect for function _isr
   850                           
   851     0013                     i1l790:
   852                           
   853                           ;../../../LibreriasPIC/Prelab3_Master.c: 43:     RC2 = 0;
   854     0013  1283               	bcf	3,5	;RP0=0, select bank0
   855     0014  1303               	bcf	3,6	;RP1=0, select bank0
   856     0015  1D8C               	btfss	12,3	;volatile
   857     0016  2818               	goto	u11_21
   858     0017  2819               	goto	u11_20
   859     0018                     u11_21:
   860     0018  282A               	goto	i1l107
   861     0019                     u11_20:
   862     0019                     i1l792:
   863                           
   864                           ;../../../LibreriasPIC/Prelab3_Master.c: 44:     spiInit(SPI_MASTER_OSC_DIV4, SPI_DATA_S
      +                          AMPLE_MIDDLE, SPI_CLOCK_IDLE_LOW, SPI_IDLE_2_ACTIVE);
   865     0019  120A  118A  2087  120A  118A  	fcall	i1_spiRead
   866     001E  1283               	bcf	3,5	;RP0=0, select bank0
   867     001F  1303               	bcf	3,6	;RP1=0, select bank0
   868     0020  0088               	movwf	8	;volatile
   869                           
   870                           ;../../../LibreriasPIC/Prelab3_Master.c: 45: }
   871     0021  0806               	movf	6,w	;volatile
   872     0022  120A  118A  209E  120A  118A  	fcall	_spiWrite
   873     0027                     i1l794:
   874     0027  1283               	bcf	3,5	;RP0=0, select bank0
   875     0028  1303               	bcf	3,6	;RP1=0, select bank0
   876     0029  118C               	bcf	12,3	;volatile
   877     002A                     i1l107:
   878     002A  0872               	movf	??_isr+1,w
   879     002B  008A               	movwf	10
   880     002C  0E71               	swapf	??_isr,w
   881     002D  0083               	movwf	3
   882     002E  0EFE               	swapf	btemp,f
   883     002F  0E7E               	swapf	btemp,w
   884     0030  0009               	retfie
   885     0031                     __end_of_isr:
   886                           
   887                           	psect	intentry
   888     0004                     __pintentry:	
   889                           ;incstack = 0
   890                           ; Regs used in _isr: [wreg+status,2+status,0+pclath+cstack]
   891                           
   892     0004                     interrupt_function:
   893     007E                     saved_w	set	btemp
   894     0004  00FE               	movwf	btemp
   895     0005  0E03               	swapf	3,w
   896     0006  00F1               	movwf	??_isr
   897     0007  080A               	movf	10,w
   898     0008  00F2               	movwf	??_isr+1
   899     0009  120A  118A  2813   	ljmp	_isr
   900                           
   901                           	psect	text6
   902     0087                     __ptext6:	
   903 ;; *************** function i1_spiRead *****************
   904 ;; Defined at:
   905 ;;		line 47 in file "../../../LibreriasPIC/SPI.c"
   906 ;; Parameters:    Size  Location     Type
   907 ;;		None
   908 ;; Auto vars:     Size  Location     Type
   909 ;;		None
   910 ;; Return value:  Size  Location     Type
   911 ;;                  1    wreg      unsigned char 
   912 ;; Registers used:
   913 ;;		wreg, status,2, status,0, pclath, cstack
   914 ;; Tracked objects:
   915 ;;		On entry : 0/0
   916 ;;		On exit  : 0/0
   917 ;;		Unchanged: 0/0
   918 ;; Data sizes:     COMMON   BANK0   BANK1   BANK3   BANK2
   919 ;;      Params:         0       0       0       0       0
   920 ;;      Locals:         0       0       0       0       0
   921 ;;      Temps:          0       0       0       0       0
   922 ;;      Totals:         0       0       0       0       0
   923 ;;Total ram usage:        0 bytes
   924 ;; Hardware stack levels used: 1
   925 ;; Hardware stack levels required when called: 1
   926 ;; This function calls:
   927 ;;		i1_spiReceiveWait
   928 ;; This function is called by:
   929 ;;		_isr
   930 ;; This function uses a non-reentrant model
   931 ;;
   932                           
   933     0087                     i1_spiRead:	
   934                           ;psect for function i1_spiRead
   935                           
   936     0087                     i1l744:	
   937                           ;incstack = 0
   938                           ; Regs used in i1_spiRead: [wreg+status,2+status,0+pclath+cstack]
   939                           
   940                           
   941                           ;../../../LibreriasPIC/SPI.c: 49:     spiReceiveWait();
   942     0087  120A  118A  2097  120A  118A  	fcall	i1_spiReceiveWait
   943     008C                     i1l746:
   944                           
   945                           ;../../../LibreriasPIC/SPI.c: 50:     return(SSPBUF);
   946     008C  1283               	bcf	3,5	;RP0=0, select bank0
   947     008D  1303               	bcf	3,6	;RP1=0, select bank0
   948     008E  0813               	movf	19,w	;volatile
   949     008F                     i1l69:
   950     008F  0008               	return
   951     0090                     __end_ofi1_spiRead:
   952                           
   953                           	psect	text7
   954     0097                     __ptext7:	
   955 ;; *************** function i1_spiReceiveWait *****************
   956 ;; Defined at:
   957 ;;		line 29 in file "../../../LibreriasPIC/SPI.c"
   958 ;; Parameters:    Size  Location     Type
   959 ;;		None
   960 ;; Auto vars:     Size  Location     Type
   961 ;;		None
   962 ;; Return value:  Size  Location     Type
   963 ;;                  1    wreg      void 
   964 ;; Registers used:
   965 ;;		None
   966 ;; Tracked objects:
   967 ;;		On entry : 0/0
   968 ;;		On exit  : 0/0
   969 ;;		Unchanged: 0/0
   970 ;; Data sizes:     COMMON   BANK0   BANK1   BANK3   BANK2
   971 ;;      Params:         0       0       0       0       0
   972 ;;      Locals:         0       0       0       0       0
   973 ;;      Temps:          0       0       0       0       0
   974 ;;      Totals:         0       0       0       0       0
   975 ;;Total ram usage:        0 bytes
   976 ;; Hardware stack levels used: 1
   977 ;; This function calls:
   978 ;;		Nothing
   979 ;; This function is called by:
   980 ;;		i1_spiRead
   981 ;; This function uses a non-reentrant model
   982 ;;
   983                           
   984     0097                     i1_spiReceiveWait:	
   985                           ;psect for function i1_spiReceiveWait
   986                           
   987     0097                     i1l722:	
   988                           ;incstack = 0
   989                           ; Regs used in i1_spiReceiveWait: []
   990                           
   991     0097                     i1l55:	
   992                           ;../../../LibreriasPIC/SPI.c: 31:     while ( !SSPSTATbits.BF );
   993                           
   994     0097  1683               	bsf	3,5	;RP0=1, select bank1
   995     0098  1303               	bcf	3,6	;RP1=0, select bank1
   996     0099  1C14               	btfss	20,0	;volatile
   997     009A  289C               	goto	u3_21
   998     009B  289D               	goto	u3_20
   999     009C                     u3_21:
  1000     009C  2897               	goto	i1l55
  1001     009D                     u3_20:
  1002     009D                     i1l58:
  1003     009D  0008               	return
  1004     009E                     __end_ofi1_spiReceiveWait:
  1005                           
  1006                           	psect	text8
  1007     009E                     __ptext8:	
  1008 ;; *************** function _spiWrite *****************
  1009 ;; Defined at:
  1010 ;;		line 34 in file "../../../LibreriasPIC/SPI.c"
  1011 ;; Parameters:    Size  Location     Type
  1012 ;;  dat             1    wreg     unsigned char 
  1013 ;; Auto vars:     Size  Location     Type
  1014 ;;  dat             1    0[COMMON] unsigned char 
  1015 ;; Return value:  Size  Location     Type
  1016 ;;                  1    wreg      void 
  1017 ;; Registers used:
  1018 ;;		wreg
  1019 ;; Tracked objects:
  1020 ;;		On entry : 0/0
  1021 ;;		On exit  : 0/0
  1022 ;;		Unchanged: 0/0
  1023 ;; Data sizes:     COMMON   BANK0   BANK1   BANK3   BANK2
  1024 ;;      Params:         0       0       0       0       0
  1025 ;;      Locals:         1       0       0       0       0
  1026 ;;      Temps:          0       0       0       0       0
  1027 ;;      Totals:         1       0       0       0       0
  1028 ;;Total ram usage:        1 bytes
  1029 ;; Hardware stack levels used: 1
  1030 ;; This function calls:
  1031 ;;		Nothing
  1032 ;; This function is called by:
  1033 ;;		_isr
  1034 ;; This function uses a non-reentrant model
  1035 ;;
  1036                           
  1037     009E                     _spiWrite:	
  1038                           ;psect for function _spiWrite
  1039                           
  1040                           
  1041                           ;incstack = 0
  1042                           ; Regs used in _spiWrite: [wreg]
  1043                           ;spiWrite@dat stored from wreg
  1044     009E  00F0               	movwf	spiWrite@dat
  1045     009F                     i1l724:
  1046                           
  1047                           ;../../../LibreriasPIC/SPI.c: 34: void spiWrite(char dat);../../../LibreriasPIC/SPI.c: 3
      +                          5: {;../../../LibreriasPIC/SPI.c: 36:     SSPBUF = dat;
  1048     009F  0870               	movf	spiWrite@dat,w
  1049     00A0  1283               	bcf	3,5	;RP0=0, select bank0
  1050     00A1  1303               	bcf	3,6	;RP1=0, select bank0
  1051     00A2  0093               	movwf	19	;volatile
  1052     00A3                     i1l61:
  1053     00A3  0008               	return
  1054     00A4                     __end_of_spiWrite:
  1055     007E                     btemp	set	126	;btemp
  1056     007E                     wtemp0	set	126
  1057                           
  1058                           	psect	config
  1059                           
  1060                           ;Config register CONFIG1 @ 0x2007
  1061                           ;	Oscillator Selection bits
  1062                           ;	FOSC = INTRC_NOCLKOUT, INTOSCIO oscillator: I/O function on RA6/OSC2/CLKOUT pin, I/O f
      +                          unction on RA7/OSC1/CLKIN
  1063                           ;	Watchdog Timer Enable bit
  1064                           ;	WDTE = OFF, WDT disabled and can be enabled by SWDTEN bit of the WDTCON register
  1065                           ;	Power-up Timer Enable bit
  1066                           ;	PWRTE = OFF, PWRT disabled
  1067                           ;	RE3/MCLR pin function select bit
  1068                           ;	MCLRE = OFF, RE3/MCLR pin function is digital input, MCLR internally tied to VDD
  1069                           ;	Code Protection bit
  1070                           ;	CP = OFF, Program memory code protection is disabled
  1071                           ;	Data Code Protection bit
  1072                           ;	CPD = OFF, Data memory code protection is disabled
  1073                           ;	Brown Out Reset Selection bits
  1074                           ;	BOREN = OFF, BOR disabled
  1075                           ;	Internal External Switchover bit
  1076                           ;	IESO = OFF, Internal/External Switchover mode is disabled
  1077                           ;	Fail-Safe Clock Monitor Enabled bit
  1078                           ;	FCMEN = OFF, Fail-Safe Clock Monitor is disabled
  1079                           ;	Low Voltage Programming Enable bit
  1080                           ;	LVP = ON, RB3/PGM pin has PGM function, low voltage programming enabled
  1081                           ;	In-Circuit Debugger Mode bit
  1082                           ;	DEBUG = 0x1, unprogrammed default
  1083     2007                     	org	8199
  1084     2007  30D4               	dw	12500
  1085                           
  1086                           ;Config register CONFIG2 @ 0x2008
  1087                           ;	Brown-out Reset Selection bit
  1088                           ;	BOR4V = BOR40V, Brown-out Reset set to 4.0V
  1089                           ;	Flash Program Memory Self Write Enable bits
  1090                           ;	WRT = OFF, Write protection off
  1091     2008                     	org	8200
  1092     2008  3FFF               	dw	16383

Data Sizes:
    Strings     0
    Constant    0
    Data        0
    BSS         0
    Persistent  0
    Stack       0

Auto Spaces:
    Space          Size  Autos    Used
    COMMON           14      9       9
    BANK0            80      0       0
    BANK1            80      0       0
    BANK3            96      0       0
    BANK2            96      0       0

Pointer List with Targets:

    None.

Critical Paths under _main in COMMON

    _setup->_spiInit

Critical Paths under _isr in COMMON

    _isr->_spiWrite

Critical Paths under _main in BANK0

    None.

Critical Paths under _isr in BANK0

    None.

Critical Paths under _main in BANK1

    None.

Critical Paths under _isr in BANK1

    None.

Critical Paths under _main in BANK3

    None.

Critical Paths under _isr in BANK3

    None.

Critical Paths under _main in BANK2

    None.

Critical Paths under _isr in BANK2

    None.

Call Graph Tables:

 ---------------------------------------------------------------------------------
 (Depth) Function   	        Calls       Base Space   Used Autos Params    Refs
 ---------------------------------------------------------------------------------
 (0) _main                                                 2     2      0     360
                                              7 COMMON     2     2      0
                              _setup
                            _spiRead
 ---------------------------------------------------------------------------------
 (1) _spiRead                                              0     0      0       0
                     _spiReceiveWait
 ---------------------------------------------------------------------------------
 (2) _spiReceiveWait                                       0     0      0       0
 ---------------------------------------------------------------------------------
 (1) _setup                                                0     0      0     360
                            _spiInit
 ---------------------------------------------------------------------------------
 (2) _spiInit                                              4     1      3     360
                                              3 COMMON     4     1      3
 ---------------------------------------------------------------------------------
 Estimated maximum stack depth 2
 ---------------------------------------------------------------------------------
 (Depth) Function   	        Calls       Base Space   Used Autos Params    Refs
 ---------------------------------------------------------------------------------
 (3) _isr                                                  2     2      0      15
                                              1 COMMON     2     2      0
                           _spiWrite
                          i1_spiRead
 ---------------------------------------------------------------------------------
 (4) i1_spiRead                                            0     0      0       0
                   i1_spiReceiveWait
 ---------------------------------------------------------------------------------
 (5) i1_spiReceiveWait                                     0     0      0       0
 ---------------------------------------------------------------------------------
 (4) _spiWrite                                             1     1      0      15
                                              0 COMMON     1     1      0
 ---------------------------------------------------------------------------------
 Estimated maximum stack depth 5
 ---------------------------------------------------------------------------------

 Call Graph Graphs:

 _main (ROOT)
   _setup
     _spiInit
   _spiRead
     _spiReceiveWait

 _isr (ROOT)
   _spiWrite
   i1_spiRead
     i1_spiReceiveWait

 Address spaces:
Name               Size   Autos  Total    Cost      Usage
BITCOMMON            E      0       0       0        0.0%
EEDATA             100      0       0       0        0.0%
NULL                 0      0       0       0        0.0%
CODE                 0      0       0       0        0.0%
COMMON               E      9       9       1       64.3%
BITSFR0              0      0       0       1        0.0%
SFR0                 0      0       0       1        0.0%
BITSFR1              0      0       0       2        0.0%
SFR1                 0      0       0       2        0.0%
STACK                0      0       0       2        0.0%
ABS                  0      0       0       3        0.0%
BITBANK0            50      0       0       4        0.0%
BITSFR3              0      0       0       4        0.0%
SFR3                 0      0       0       4        0.0%
BANK0               50      0       0       5        0.0%
BITSFR2              0      0       0       5        0.0%
SFR2                 0      0       0       5        0.0%
BITBANK1            50      0       0       6        0.0%
BANK1               50      0       0       7        0.0%
BITBANK3            60      0       0       8        0.0%
BANK3               60      0       0       9        0.0%
BITBANK2            60      0       0      10        0.0%
BANK2               60      0       0      11        0.0%
DATA                 0      0       0      12        0.0%


Microchip Technology PIC Macro Assembler V2.41 build 20230208172133 
Symbol Table                                                                                   Tue Aug 01 15:09:30 2023

             _SSPSTATbits 0094                        l51 0078                        l52 007D  
                      l55 0090                        l58 0096                        l69 0086  
                      u20 0096                        u21 0095                       l118 004D  
                     l720 0090                       l810 0074                       l812 0077  
                     l804 0069                       l820 0040                       l806 0070  
                     l822 0041                       l814 0031                       l726 007E  
                     l830 005C                       l808 0072                       l824 0044  
                     l816 003B                       l728 0083                       l818 003F  
                     l826 004E                       l828 0053                       _RC2 003A  
                     u120 0070                       u121 006F                       u137 0057  
                     _SCS 0478                       _isr 0013                      _ADFM 04FF  
                    ?_isr 0070                      _ADON 00F8                      i1l61 00A3  
                    i1l55 0097                      i1l58 009D                      i1l69 008F  
                    u3_20 009D                      u3_21 009C                      _main 004E  
                    btemp 007E                      start 000C  __end_ofi1_spiReceiveWait 009E  
                   ??_isr 0071                     ?_main 0070                     _ANSEL 0188  
                   i1l107 002A                     i1l722 0097                     i1l724 009F  
                   i1l744 0087                     i1l746 008C                     i1l790 0013  
                   i1l792 0019                     i1l794 0027                     _VCFG0 04FC  
                   _VCFG1 04FD                     u11_20 0019                     u11_21 0018  
                   _PORTA 0005                     _PORTB 0006                     _PORTD 0008  
                   _TRISA 0085                     _SSPIF 0063                     _setup 0031  
                   pclath 000A           __end_of_spiInit 007E           __end_of_spiRead 0087  
                   status 0003                     wtemp0 007E           __initialization 000F  
            __end_of_main 0068                    ??_main 0077                    _ADRESH 001E  
                  _ADRESL 009E                    ?_setup 0070                    _ANSELH 0189  
                  _TRISC2 043A                    _TRISC3 043B                    _TRISC5 043D  
                  _SSPCON 0014                    _SSPBUF 0013                    saved_w 007E  
        __end_of_spiWrite 00A4                 ??_spiInit 0076                 ??_spiRead 0073  
       __end_ofi1_spiRead 0090   __end_of__initialization 000F            __pcstackCOMMON 0070  
           __end_of_setup 004E                   ??_setup 0077                __pmaintext 004E  
       ?i1_spiReceiveWait 0070                __pintentry 0004        ??i1_spiReceiveWait 0070  
                 _SSPSTAT 0094                 ?_spiWrite 0070                   __ptext1 007E  
                 __ptext2 0090                   __ptext3 0031                   __ptext4 0068  
                 __ptext5 0013                   __ptext6 0087                   __ptext7 0097  
                 __ptext8 009E                   _spiInit 0068                   _spiRead 007E  
    end_of_initialization 000F                ??_spiWrite 0070               spiWrite@dat 0070  
               i1_spiRead 0087            _spiReceiveWait 0090       start_initialization 000F  
             __end_of_isr 0031                ?i1_spiRead 0070    __end_of_spiReceiveWait 0097  
               ___latbits 0002           ?_spiReceiveWait 0070                  ?_spiInit 0073  
                ?_spiRead 0070      spiInit@sTransmitEdge 0075         interrupt_function 0004  
             ??i1_spiRead 0070        spiInit@sDataSample 0073                _ADCON0bits 001F  
        i1_spiReceiveWait 0097                  _spiWrite 009E              spiInit@sType 0076  
       spiInit@sClockIdle 0074                  intlevel1 0000          ??_spiReceiveWait 0073  
              _OSCCONbits 008F  
