

Microchip MPLAB XC8 Assembler V2.41 build 20230208172133 
                                                                                               Wed Aug 02 23:59:29 2023

Microchip MPLAB XC8 C Compiler v2.41 (Free license) build 20230208172133 Og1 
     1                           	processor	16F887
     2                           	pagewidth 120
     3                           	opt	flic
     4                           	psect	cinit,global,class=CODE,merge=1,delta=2
     5                           	psect	bssCOMMON,global,class=COMMON,space=1,delta=1,noexec
     6                           	psect	cstackCOMMON,global,class=COMMON,space=1,delta=1,noexec
     7                           	psect	cstackBANK0,global,class=BANK0,space=1,delta=1,noexec
     8                           	psect	maintext,global,class=CODE,split=1,delta=2
     9                           	psect	text1,local,class=CODE,merge=1,delta=2
    10                           	psect	text2,local,class=CODE,merge=1,delta=2
    11                           	psect	text3,local,class=CODE,merge=1,delta=2
    12                           	psect	text4,local,class=CODE,merge=1,delta=2
    13                           	psect	text5,local,class=CODE,merge=1,delta=2
    14                           	psect	text6,local,class=CODE,merge=1,delta=2
    15                           	psect	intentry,global,class=CODE,delta=2
    16                           	psect	text7,local,class=CODE,merge=1,delta=2
    17                           	psect	config,global,abs,ovrld,class=CONFIG,space=4,delta=2,noexec
    18                           	dabs	1,0x7E,2
    19     0000                     
    20                           ; Generated 22/03/2023 GMT
    21                           ; 
    22                           ; Copyright © 2023, Microchip Technology Inc. and its subsidiaries ("Microchip")
    23                           ; All rights reserved.
    24                           ; 
    25                           ; This software is developed by Microchip Technology Inc. and its subsidiaries ("Microch
      +                          ip").
    26                           ; 
    27                           ; Redistribution and use in source and binary forms, with or without modification, are
    28                           ; permitted provided that the following conditions are met:
    29                           ; 
    30                           ;     1. Redistributions of source code must retain the above copyright notice, this lis
      +                          t of
    31                           ;        conditions and the following disclaimer.
    32                           ; 
    33                           ;     2. Redistributions in binary form must reproduce the above copyright notice, this 
      +                          list
    34                           ;        of conditions and the following disclaimer in the documentation and/or other
    35                           ;        materials provided with the distribution. Publication is not required when
    36                           ;        this file is used in an embedded application.
    37                           ; 
    38                           ;     3. Microchip's name may not be used to endorse or promote products derived from th
      +                          is
    39                           ;        software without specific prior written permission.
    40                           ; 
    41                           ; THIS SOFTWARE IS PROVIDED BY MICROCHIP "AS IS" AND ANY EXPRESS OR IMPLIED WARRANTIES,
    42                           ; INCLUDING, BUT NOT LIMITED TO, THE IMPLIED WARRANTIES OF MERCHANTABILITY AND FITNESS F
      +                          OR
    43                           ; PURPOSE ARE DISCLAIMED.  IN NO EVENT SHALL MICROCHIP BE LIABLE FOR ANY DIRECT, INDIREC
      +                          T,
    44                           ; INCIDENTAL, SPECIAL, EXEMPLARY, OR CONSEQUENTIAL DAMAGES (INCLUDING BUT NOT LIMITED TO
    45                           ; PROCUREMENT OF SUBSTITUTE GOODS OR SERVICES; LOSS OF USE, DATA OR PROFITS; OR BUSINESS
    46                           ; INTERRUPTION) HOWSOEVER CAUSED AND ON ANY THEORY OF LIABILITY, WHETHER IN CONTRACT, ST
      +                          RICT
    47                           ; LIABILITY, OR TORT (INCLUDING NEGLIGENCE OR OTHERWISE) ARISING IN ANY WAY OUT OF THE U
      +                          SE OF
    48                           ; THIS SOFTWARE, EVEN IF ADVISED OF THE POSSIBILITY OF SUCH DAMAGE.
    49                           ; 
    50                           ; 
    51                           ; Code-generator required, PIC16F887 Definitions
    52                           ; 
    53                           ; SFR Addresses
    54     0000                     	;# 
    55     0001                     	;# 
    56     0002                     	;# 
    57     0003                     	;# 
    58     0004                     	;# 
    59     0005                     	;# 
    60     0006                     	;# 
    61     0007                     	;# 
    62     0008                     	;# 
    63     0009                     	;# 
    64     000A                     	;# 
    65     000B                     	;# 
    66     000C                     	;# 
    67     000D                     	;# 
    68     000E                     	;# 
    69     000E                     	;# 
    70     000F                     	;# 
    71     0010                     	;# 
    72     0011                     	;# 
    73     0012                     	;# 
    74     0013                     	;# 
    75     0014                     	;# 
    76     0015                     	;# 
    77     0015                     	;# 
    78     0016                     	;# 
    79     0017                     	;# 
    80     0018                     	;# 
    81     0019                     	;# 
    82     001A                     	;# 
    83     001B                     	;# 
    84     001B                     	;# 
    85     001C                     	;# 
    86     001D                     	;# 
    87     001E                     	;# 
    88     001F                     	;# 
    89     0081                     	;# 
    90     0085                     	;# 
    91     0086                     	;# 
    92     0087                     	;# 
    93     0088                     	;# 
    94     0089                     	;# 
    95     008C                     	;# 
    96     008D                     	;# 
    97     008E                     	;# 
    98     008F                     	;# 
    99     0090                     	;# 
   100     0091                     	;# 
   101     0092                     	;# 
   102     0093                     	;# 
   103     0093                     	;# 
   104     0093                     	;# 
   105     0094                     	;# 
   106     0095                     	;# 
   107     0096                     	;# 
   108     0097                     	;# 
   109     0098                     	;# 
   110     0099                     	;# 
   111     009A                     	;# 
   112     009B                     	;# 
   113     009C                     	;# 
   114     009D                     	;# 
   115     009E                     	;# 
   116     009F                     	;# 
   117     0105                     	;# 
   118     0107                     	;# 
   119     0108                     	;# 
   120     0109                     	;# 
   121     010C                     	;# 
   122     010C                     	;# 
   123     010D                     	;# 
   124     010E                     	;# 
   125     010F                     	;# 
   126     0185                     	;# 
   127     0187                     	;# 
   128     0188                     	;# 
   129     0189                     	;# 
   130     018C                     	;# 
   131     018D                     	;# 
   132     0000                     	;# 
   133     0001                     	;# 
   134     0002                     	;# 
   135     0003                     	;# 
   136     0004                     	;# 
   137     0005                     	;# 
   138     0006                     	;# 
   139     0007                     	;# 
   140     0008                     	;# 
   141     0009                     	;# 
   142     000A                     	;# 
   143     000B                     	;# 
   144     000C                     	;# 
   145     000D                     	;# 
   146     000E                     	;# 
   147     000E                     	;# 
   148     000F                     	;# 
   149     0010                     	;# 
   150     0011                     	;# 
   151     0012                     	;# 
   152     0013                     	;# 
   153     0014                     	;# 
   154     0015                     	;# 
   155     0015                     	;# 
   156     0016                     	;# 
   157     0017                     	;# 
   158     0018                     	;# 
   159     0019                     	;# 
   160     001A                     	;# 
   161     001B                     	;# 
   162     001B                     	;# 
   163     001C                     	;# 
   164     001D                     	;# 
   165     001E                     	;# 
   166     001F                     	;# 
   167     0081                     	;# 
   168     0085                     	;# 
   169     0086                     	;# 
   170     0087                     	;# 
   171     0088                     	;# 
   172     0089                     	;# 
   173     008C                     	;# 
   174     008D                     	;# 
   175     008E                     	;# 
   176     008F                     	;# 
   177     0090                     	;# 
   178     0091                     	;# 
   179     0092                     	;# 
   180     0093                     	;# 
   181     0093                     	;# 
   182     0093                     	;# 
   183     0094                     	;# 
   184     0095                     	;# 
   185     0096                     	;# 
   186     0097                     	;# 
   187     0098                     	;# 
   188     0099                     	;# 
   189     009A                     	;# 
   190     009B                     	;# 
   191     009C                     	;# 
   192     009D                     	;# 
   193     009E                     	;# 
   194     009F                     	;# 
   195     0105                     	;# 
   196     0107                     	;# 
   197     0108                     	;# 
   198     0109                     	;# 
   199     010C                     	;# 
   200     010C                     	;# 
   201     010D                     	;# 
   202     010E                     	;# 
   203     010F                     	;# 
   204     0185                     	;# 
   205     0187                     	;# 
   206     0188                     	;# 
   207     0189                     	;# 
   208     018C                     	;# 
   209     018D                     	;# 
   210     0000                     	;# 
   211     0001                     	;# 
   212     0002                     	;# 
   213     0003                     	;# 
   214     0004                     	;# 
   215     0005                     	;# 
   216     0006                     	;# 
   217     0007                     	;# 
   218     0008                     	;# 
   219     0009                     	;# 
   220     000A                     	;# 
   221     000B                     	;# 
   222     000C                     	;# 
   223     000D                     	;# 
   224     000E                     	;# 
   225     000E                     	;# 
   226     000F                     	;# 
   227     0010                     	;# 
   228     0011                     	;# 
   229     0012                     	;# 
   230     0013                     	;# 
   231     0014                     	;# 
   232     0015                     	;# 
   233     0015                     	;# 
   234     0016                     	;# 
   235     0017                     	;# 
   236     0018                     	;# 
   237     0019                     	;# 
   238     001A                     	;# 
   239     001B                     	;# 
   240     001B                     	;# 
   241     001C                     	;# 
   242     001D                     	;# 
   243     001E                     	;# 
   244     001F                     	;# 
   245     0081                     	;# 
   246     0085                     	;# 
   247     0086                     	;# 
   248     0087                     	;# 
   249     0088                     	;# 
   250     0089                     	;# 
   251     008C                     	;# 
   252     008D                     	;# 
   253     008E                     	;# 
   254     008F                     	;# 
   255     0090                     	;# 
   256     0091                     	;# 
   257     0092                     	;# 
   258     0093                     	;# 
   259     0093                     	;# 
   260     0093                     	;# 
   261     0094                     	;# 
   262     0095                     	;# 
   263     0096                     	;# 
   264     0097                     	;# 
   265     0098                     	;# 
   266     0099                     	;# 
   267     009A                     	;# 
   268     009B                     	;# 
   269     009C                     	;# 
   270     009D                     	;# 
   271     009E                     	;# 
   272     009F                     	;# 
   273     0105                     	;# 
   274     0107                     	;# 
   275     0108                     	;# 
   276     0109                     	;# 
   277     010C                     	;# 
   278     010C                     	;# 
   279     010D                     	;# 
   280     010E                     	;# 
   281     010F                     	;# 
   282     0185                     	;# 
   283     0187                     	;# 
   284     0188                     	;# 
   285     0189                     	;# 
   286     018C                     	;# 
   287     018D                     	;# 
   288     0000                     	;# 
   289     0001                     	;# 
   290     0002                     	;# 
   291     0003                     	;# 
   292     0004                     	;# 
   293     0005                     	;# 
   294     0006                     	;# 
   295     0007                     	;# 
   296     0008                     	;# 
   297     0009                     	;# 
   298     000A                     	;# 
   299     000B                     	;# 
   300     000C                     	;# 
   301     000D                     	;# 
   302     000E                     	;# 
   303     000E                     	;# 
   304     000F                     	;# 
   305     0010                     	;# 
   306     0011                     	;# 
   307     0012                     	;# 
   308     0013                     	;# 
   309     0014                     	;# 
   310     0015                     	;# 
   311     0015                     	;# 
   312     0016                     	;# 
   313     0017                     	;# 
   314     0018                     	;# 
   315     0019                     	;# 
   316     001A                     	;# 
   317     001B                     	;# 
   318     001B                     	;# 
   319     001C                     	;# 
   320     001D                     	;# 
   321     001E                     	;# 
   322     001F                     	;# 
   323     0081                     	;# 
   324     0085                     	;# 
   325     0086                     	;# 
   326     0087                     	;# 
   327     0088                     	;# 
   328     0089                     	;# 
   329     008C                     	;# 
   330     008D                     	;# 
   331     008E                     	;# 
   332     008F                     	;# 
   333     0090                     	;# 
   334     0091                     	;# 
   335     0092                     	;# 
   336     0093                     	;# 
   337     0093                     	;# 
   338     0093                     	;# 
   339     0094                     	;# 
   340     0095                     	;# 
   341     0096                     	;# 
   342     0097                     	;# 
   343     0098                     	;# 
   344     0099                     	;# 
   345     009A                     	;# 
   346     009B                     	;# 
   347     009C                     	;# 
   348     009D                     	;# 
   349     009E                     	;# 
   350     009F                     	;# 
   351     0105                     	;# 
   352     0107                     	;# 
   353     0108                     	;# 
   354     0109                     	;# 
   355     010C                     	;# 
   356     010C                     	;# 
   357     010D                     	;# 
   358     010E                     	;# 
   359     010F                     	;# 
   360     0185                     	;# 
   361     0187                     	;# 
   362     0188                     	;# 
   363     0189                     	;# 
   364     018C                     	;# 
   365     018D                     	;# 
   366     0000                     	;# 
   367     0001                     	;# 
   368     0002                     	;# 
   369     0003                     	;# 
   370     0004                     	;# 
   371     0005                     	;# 
   372     0006                     	;# 
   373     0007                     	;# 
   374     0008                     	;# 
   375     0009                     	;# 
   376     000A                     	;# 
   377     000B                     	;# 
   378     000C                     	;# 
   379     000D                     	;# 
   380     000E                     	;# 
   381     000E                     	;# 
   382     000F                     	;# 
   383     0010                     	;# 
   384     0011                     	;# 
   385     0012                     	;# 
   386     0013                     	;# 
   387     0014                     	;# 
   388     0015                     	;# 
   389     0015                     	;# 
   390     0016                     	;# 
   391     0017                     	;# 
   392     0018                     	;# 
   393     0019                     	;# 
   394     001A                     	;# 
   395     001B                     	;# 
   396     001B                     	;# 
   397     001C                     	;# 
   398     001D                     	;# 
   399     001E                     	;# 
   400     001F                     	;# 
   401     0081                     	;# 
   402     0085                     	;# 
   403     0086                     	;# 
   404     0087                     	;# 
   405     0088                     	;# 
   406     0089                     	;# 
   407     008C                     	;# 
   408     008D                     	;# 
   409     008E                     	;# 
   410     008F                     	;# 
   411     0090                     	;# 
   412     0091                     	;# 
   413     0092                     	;# 
   414     0093                     	;# 
   415     0093                     	;# 
   416     0093                     	;# 
   417     0094                     	;# 
   418     0095                     	;# 
   419     0096                     	;# 
   420     0097                     	;# 
   421     0098                     	;# 
   422     0099                     	;# 
   423     009A                     	;# 
   424     009B                     	;# 
   425     009C                     	;# 
   426     009D                     	;# 
   427     009E                     	;# 
   428     009F                     	;# 
   429     0105                     	;# 
   430     0107                     	;# 
   431     0108                     	;# 
   432     0109                     	;# 
   433     010C                     	;# 
   434     010C                     	;# 
   435     010D                     	;# 
   436     010E                     	;# 
   437     010F                     	;# 
   438     0185                     	;# 
   439     0187                     	;# 
   440     0188                     	;# 
   441     0189                     	;# 
   442     018C                     	;# 
   443     018D                     	;# 
   444     0005                     _PORTA	set	5
   445     0008                     _PORTD	set	8
   446     0013                     _SSPBUF	set	19
   447     0014                     _SSPCON	set	20
   448     001E                     _ADRESH	set	30
   449     001F                     _ADCON0bits	set	31
   450     005B                     _RBIE	set	91
   451     005E                     _PEIE	set	94
   452     005F                     _GIE	set	95
   453     0031                     _RB1	set	49
   454     0030                     _RB0	set	48
   455     0058                     _RBIF	set	88
   456     0063                     _SSPIF	set	99
   457     00F8                     _ADON	set	248
   458     0096                     _IOCB	set	150
   459     0095                     _WPUB	set	149
   460     008F                     _OSCCONbits	set	143
   461     0086                     _TRISB	set	134
   462     0088                     _TRISD	set	136
   463     0085                     _TRISA	set	133
   464     0094                     _SSPSTATbits	set	148
   465     0094                     _SSPSTAT	set	148
   466     009E                     _ADRESL	set	158
   467     040F                     _nRBPU	set	1039
   468     0463                     _SSPIE	set	1123
   469     0478                     _SCS	set	1144
   470     043B                     _TRISC3	set	1083
   471     043D                     _TRISC5	set	1085
   472     04FD                     _VCFG1	set	1277
   473     04FC                     _VCFG0	set	1276
   474     04FF                     _ADFM	set	1279
   475     0189                     _ANSELH	set	393
   476     0188                     _ANSEL	set	392
   477                           
   478                           	psect	cinit
   479     0011                     start_initialization:	
   480                           ; #config settings
   481                           
   482     0011                     __initialization:
   483                           
   484                           ; Clear objects allocated to COMMON
   485     0011  01F8               	clrf	__pbssCOMMON& (0+127)
   486     0012  01F9               	clrf	(__pbssCOMMON+1)& (0+127)
   487     0013                     end_of_initialization:	
   488                           ;End of C runtime variable initialization code
   489                           
   490     0013                     __end_of__initialization:
   491     0013  0183               	clrf	3
   492     0014  120A  118A  28E6   	ljmp	_main	;jump to C main() function
   493                           
   494                           	psect	bssCOMMON
   495     0078                     __pbssCOMMON:
   496     0078                     _request:
   497     0078                     	ds	1
   498     0079                     _potval:
   499     0079                     	ds	1
   500                           
   501                           	psect	cstackCOMMON
   502     0070                     __pcstackCOMMON:
   503     0070                     ?_setup:
   504     0070                     ?_iocb_init:	
   505                           ; 1 bytes @ 0x0
   506                           
   507     0070                     ?_spiWrite:	
   508                           ; 1 bytes @ 0x0
   509                           
   510     0070                     ??_spiWrite:	
   511                           ; 1 bytes @ 0x0
   512                           
   513     0070                     ?_isr:	
   514                           ; 1 bytes @ 0x0
   515                           
   516     0070                     ?_main:	
   517                           ; 1 bytes @ 0x0
   518                           
   519     0070                     spiWrite@dat:	
   520                           ; 2 bytes @ 0x0
   521                           
   522                           
   523                           ; 1 bytes @ 0x0
   524     0070                     	ds	1
   525     0071                     ??_isr:
   526                           
   527                           ; 1 bytes @ 0x1
   528     0071                     	ds	3
   529     0074                     ??_iocb_init:
   530     0074                     ?_adc_init:	
   531                           ; 1 bytes @ 0x4
   532                           
   533     0074                     ?_spiInit:	
   534                           ; 1 bytes @ 0x4
   535                           
   536     0074                     ?_adc_read:	
   537                           ; 1 bytes @ 0x4
   538                           
   539     0074                     adc_init@R:	
   540                           ; 2 bytes @ 0x4
   541                           
   542     0074                     spiInit@sDataSample:	
   543                           ; 1 bytes @ 0x4
   544                           
   545     0074                     iocb_init@pinesB:	
   546                           ; 1 bytes @ 0x4
   547                           
   548                           
   549                           ; 1 bytes @ 0x4
   550     0074                     	ds	1
   551     0075                     adc_init@clock:
   552     0075                     spiInit@sClockIdle:	
   553                           ; 1 bytes @ 0x5
   554                           
   555                           
   556                           ; 1 bytes @ 0x5
   557     0075                     	ds	1
   558     0076                     ??_adc_read:
   559     0076                     adc_init@channel:	
   560                           ; 1 bytes @ 0x6
   561                           
   562     0076                     spiInit@sTransmitEdge:	
   563                           ; 1 bytes @ 0x6
   564                           
   565                           
   566                           ; 1 bytes @ 0x6
   567     0076                     	ds	1
   568     0077                     ??_spiInit:
   569     0077                     adc_init@J:	
   570                           ; 1 bytes @ 0x7
   571                           
   572     0077                     spiInit@sType:	
   573                           ; 1 bytes @ 0x7
   574                           
   575                           
   576                           ; 1 bytes @ 0x7
   577     0077                     	ds	1
   578     0078                     ??_setup:
   579                           
   580                           	psect	cstackBANK0
   581     0020                     __pcstackBANK0:	
   582                           ; 1 bytes @ 0x8
   583                           
   584     0020                     ??_adc_init:
   585                           
   586                           ; 1 bytes @ 0x0
   587     0020                     	ds	2
   588     0022                     ??_main:
   589                           
   590                           ; 1 bytes @ 0x2
   591     0022                     	ds	2
   592                           
   593                           	psect	maintext
   594     00E6                     __pmaintext:	
   595 ;;
   596 ;;Main: autosize = 0, tempsize = 2, incstack = 0, save=0
   597 ;;
   598 ;; *************** function _main *****************
   599 ;; Defined at:
   600 ;;		line 70 in file "Prelab3_Slave1.c"
   601 ;; Parameters:    Size  Location     Type
   602 ;;		None
   603 ;; Auto vars:     Size  Location     Type
   604 ;;		None
   605 ;; Return value:  Size  Location     Type
   606 ;;                  2  136[None  ] int 
   607 ;; Registers used:
   608 ;;		wreg, fsr0l, fsr0h, status,2, status,0, btemp+1, pclath, cstack
   609 ;; Tracked objects:
   610 ;;		On entry : B00/0
   611 ;;		On exit  : 0/0
   612 ;;		Unchanged: 0/0
   613 ;; Data sizes:     COMMON   BANK0   BANK1   BANK3   BANK2
   614 ;;      Params:         0       0       0       0       0
   615 ;;      Locals:         0       0       0       0       0
   616 ;;      Temps:          0       2       0       0       0
   617 ;;      Totals:         0       2       0       0       0
   618 ;;Total ram usage:        2 bytes
   619 ;; Hardware stack levels required when called: 4
   620 ;; This function calls:
   621 ;;		_adc_read
   622 ;;		_setup
   623 ;; This function is called by:
   624 ;;		Startup code after reset
   625 ;; This function uses a non-reentrant model
   626 ;;
   627                           
   628     00E6                     _main:	
   629                           ;psect for function _main
   630                           
   631     00E6                     l1034:	
   632                           ;incstack = 0
   633                           ; Regs used in _main: [wreg-fsr0h+status,2+status,0+btemp+1+pclath+cstack]
   634                           
   635     00E6  120A  118A  20AB  120A  118A  	fcall	_setup
   636     00EB                     l1036:
   637     00EB  300D               	movlw	13
   638     00EC  1283               	bcf	3,5	;RP0=0, select bank0
   639     00ED  1303               	bcf	3,6	;RP1=0, select bank0
   640     00EE  00A3               	movwf	??_main+1
   641     00EF  30FB               	movlw	251
   642     00F0  00A2               	movwf	??_main
   643     00F1                     u307:
   644     00F1  0BA2               	decfsz	??_main,f
   645     00F2  28F1               	goto	u307
   646     00F3  0BA3               	decfsz	??_main+1,f
   647     00F4  28F1               	goto	u307
   648     00F5                     l1038:
   649     00F5  120A  118A  2129  120A  118A  	fcall	_adc_read
   650     00FA  0875               	movf	?_adc_read+1,w
   651     00FB  00F9               	movwf	_potval
   652     00FC  28EB               	goto	l1036
   653     00FD  120A  118A  280E   	ljmp	start
   654     0100                     __end_of_main:
   655                           
   656                           	psect	text1
   657     00AB                     __ptext1:	
   658 ;; *************** function _setup *****************
   659 ;; Defined at:
   660 ;;		line 80 in file "Prelab3_Slave1.c"
   661 ;; Parameters:    Size  Location     Type
   662 ;;		None
   663 ;; Auto vars:     Size  Location     Type
   664 ;;		None
   665 ;; Return value:  Size  Location     Type
   666 ;;                  1    wreg      void 
   667 ;; Registers used:
   668 ;;		wreg, fsr0l, fsr0h, status,2, status,0, btemp+1, pclath, cstack
   669 ;; Tracked objects:
   670 ;;		On entry : 0/0
   671 ;;		On exit  : 0/0
   672 ;;		Unchanged: 0/0
   673 ;; Data sizes:     COMMON   BANK0   BANK1   BANK3   BANK2
   674 ;;      Params:         0       0       0       0       0
   675 ;;      Locals:         0       0       0       0       0
   676 ;;      Temps:          0       0       0       0       0
   677 ;;      Totals:         0       0       0       0       0
   678 ;;Total ram usage:        0 bytes
   679 ;; Hardware stack levels used: 1
   680 ;; Hardware stack levels required when called: 3
   681 ;; This function calls:
   682 ;;		_adc_init
   683 ;;		_iocb_init
   684 ;;		_spiInit
   685 ;; This function is called by:
   686 ;;		_main
   687 ;; This function uses a non-reentrant model
   688 ;;
   689                           
   690     00AB                     _setup:	
   691                           ;psect for function _setup
   692                           
   693     00AB                     l1008:	
   694                           ;incstack = 0
   695                           ; Regs used in _setup: [wreg-fsr0h+status,2+status,0+btemp+1+pclath+cstack]
   696                           
   697     00AB  3021               	movlw	33
   698     00AC  1683               	bsf	3,5	;RP0=1, select bank1
   699     00AD  1303               	bcf	3,6	;RP1=0, select bank1
   700     00AE  0085               	movwf	5	;volatile
   701     00AF                     l1010:
   702     00AF  1283               	bcf	3,5	;RP0=0, select bank0
   703     00B0  1303               	bcf	3,6	;RP1=0, select bank0
   704     00B1  0185               	clrf	5	;volatile
   705     00B2                     l1012:
   706     00B2  3001               	movlw	1
   707     00B3  1683               	bsf	3,5	;RP0=1, select bank3
   708     00B4  1703               	bsf	3,6	;RP1=1, select bank3
   709     00B5  0088               	movwf	8	;volatile
   710     00B6  0189               	clrf	9	;volatile
   711     00B7  1683               	bsf	3,5	;RP0=1, select bank1
   712     00B8  1303               	bcf	3,6	;RP1=0, select bank1
   713     00B9  0188               	clrf	8	;volatile
   714     00BA  1283               	bcf	3,5	;RP0=0, select bank0
   715     00BB  1303               	bcf	3,6	;RP1=0, select bank0
   716     00BC  0188               	clrf	8	;volatile
   717     00BD                     l1014:
   718     00BD  30FF               	movlw	255
   719     00BE  1683               	bsf	3,5	;RP0=1, select bank1
   720     00BF  1303               	bcf	3,6	;RP1=0, select bank1
   721     00C0  0086               	movwf	6	;volatile
   722     00C1                     l1016:
   723     00C1  3070               	movlw	112
   724     00C2  048F               	iorwf	15,f	;volatile
   725     00C3                     l1018:
   726     00C3  140F               	bsf	15,0	;volatile
   727     00C4                     l1020:
   728     00C4  01F4               	clrf	adc_init@R
   729     00C5  3008               	movlw	8
   730     00C6  00F5               	movwf	adc_init@clock
   731     00C7  01F6               	clrf	adc_init@channel
   732     00C8  3000               	movlw	0
   733     00C9  120A  118A  2017  120A  118A  	fcall	_adc_init
   734     00CE                     l1022:
   735     00CE  3003               	movlw	3
   736     00CF  120A  118A  2116  120A  118A  	fcall	_iocb_init
   737     00D4                     l1024:
   738     00D4  178B               	bsf	11,7	;volatile
   739     00D5                     l1026:
   740     00D5  170B               	bsf	11,6	;volatile
   741     00D6                     l1028:
   742     00D6  1683               	bsf	3,5	;RP0=1, select bank1
   743     00D7  1303               	bcf	3,6	;RP1=0, select bank1
   744     00D8  158C               	bsf	12,3	;volatile
   745     00D9                     l1030:
   746     00D9  1283               	bcf	3,5	;RP0=0, select bank0
   747     00DA  1303               	bcf	3,6	;RP1=0, select bank0
   748     00DB  118C               	bcf	12,3	;volatile
   749     00DC                     l1032:
   750     00DC  01F4               	clrf	spiInit@sDataSample
   751     00DD  01F5               	clrf	spiInit@sClockIdle
   752     00DE  01F6               	clrf	spiInit@sTransmitEdge
   753     00DF  3024               	movlw	36
   754     00E0  120A  118A  2100  120A  118A  	fcall	_spiInit
   755     00E5                     l143:
   756     00E5  0008               	return
   757     00E6                     __end_of_setup:
   758                           
   759                           	psect	text2
   760     0100                     __ptext2:	
   761 ;; *************** function _spiInit *****************
   762 ;; Defined at:
   763 ;;		line 12 in file "../../../LibreriasPIC/SPI.c"
   764 ;; Parameters:    Size  Location     Type
   765 ;;  sType           1    wreg     enum E1292
   766 ;;  sDataSample     1    4[COMMON] enum E1300
   767 ;;  sClockIdle      1    5[COMMON] enum E1304
   768 ;;  sTransmitEdg    1    6[COMMON] enum E1308
   769 ;; Auto vars:     Size  Location     Type
   770 ;;  sType           1    7[COMMON] enum E1292
   771 ;; Return value:  Size  Location     Type
   772 ;;                  1    wreg      void 
   773 ;; Registers used:
   774 ;;		wreg, status,2, status,0
   775 ;; Tracked objects:
   776 ;;		On entry : 0/0
   777 ;;		On exit  : 0/0
   778 ;;		Unchanged: 0/0
   779 ;; Data sizes:     COMMON   BANK0   BANK1   BANK3   BANK2
   780 ;;      Params:         3       0       0       0       0
   781 ;;      Locals:         1       0       0       0       0
   782 ;;      Temps:          0       0       0       0       0
   783 ;;      Totals:         4       0       0       0       0
   784 ;;Total ram usage:        4 bytes
   785 ;; Hardware stack levels used: 1
   786 ;; Hardware stack levels required when called: 2
   787 ;; This function calls:
   788 ;;		Nothing
   789 ;; This function is called by:
   790 ;;		_setup
   791 ;; This function uses a non-reentrant model
   792 ;;
   793                           
   794     0100                     _spiInit:	
   795                           ;psect for function _spiInit
   796                           
   797                           
   798                           ;incstack = 0
   799                           ; Regs used in _spiInit: [wreg+status,2+status,0]
   800                           ;spiInit@sType stored from wreg
   801     0100  00F7               	movwf	spiInit@sType
   802     0101                     l918:
   803                           
   804                           ;../../../LibreriasPIC/SPI.c: 12: void spiInit(Spi_Type sType, Spi_Data_Sample sDataSamp
      +                          le, Spi_Clock_Idle sClockIdle, Spi_Transmit_Edge sTransmitEdge);../../../LibreriasPIC/SP
      +                          I.c: 13: {;../../../LibreriasPIC/SPI.c: 14:     TRISC5 = 0;
   805     0101  1683               	bsf	3,5	;RP0=1, select bank1
   806     0102  1303               	bcf	3,6	;RP1=0, select bank1
   807     0103  1287               	bcf	7,5	;volatile
   808                           
   809                           ;../../../LibreriasPIC/SPI.c: 15:     if(sType & 0b00000100)
   810     0104  1D77               	btfss	spiInit@sType,2
   811     0105  2907               	goto	u221
   812     0106  2908               	goto	u220
   813     0107                     u221:
   814     0107  290C               	goto	l924
   815     0108                     u220:
   816     0108                     l920:
   817                           
   818                           ;../../../LibreriasPIC/SPI.c: 16:     {;../../../LibreriasPIC/SPI.c: 17:         SSPSTAT
      +                           = sTransmitEdge;
   819     0108  0876               	movf	spiInit@sTransmitEdge,w
   820     0109  0094               	movwf	20	;volatile
   821     010A                     l922:
   822                           
   823                           ;../../../LibreriasPIC/SPI.c: 18:         TRISC3 = 1;
   824     010A  1587               	bsf	7,3	;volatile
   825                           
   826                           ;../../../LibreriasPIC/SPI.c: 19:     }
   827     010B  2910               	goto	l51
   828     010C                     l924:
   829                           
   830                           ;../../../LibreriasPIC/SPI.c: 21:     {;../../../LibreriasPIC/SPI.c: 22:         SSPSTAT
      +                           = sDataSample | sTransmitEdge;
   831     010C  0874               	movf	spiInit@sDataSample,w
   832     010D  0476               	iorwf	spiInit@sTransmitEdge,w
   833     010E  0094               	movwf	20	;volatile
   834     010F                     l926:
   835                           
   836                           ;../../../LibreriasPIC/SPI.c: 23:         TRISC3 = 0;
   837     010F  1187               	bcf	7,3	;volatile
   838     0110                     l51:	
   839                           ;../../../LibreriasPIC/SPI.c: 24:     }
   840                           
   841                           
   842                           ;../../../LibreriasPIC/SPI.c: 26:     SSPCON = sType | sClockIdle;
   843     0110  0877               	movf	spiInit@sType,w
   844     0111  0475               	iorwf	spiInit@sClockIdle,w
   845     0112  1283               	bcf	3,5	;RP0=0, select bank0
   846     0113  1303               	bcf	3,6	;RP1=0, select bank0
   847     0114  0094               	movwf	20	;volatile
   848     0115                     l52:
   849     0115  0008               	return
   850     0116                     __end_of_spiInit:
   851                           
   852                           	psect	text3
   853     0116                     __ptext3:	
   854 ;; *************** function _iocb_init *****************
   855 ;; Defined at:
   856 ;;		line 4 in file "iocb_init.c"
   857 ;; Parameters:    Size  Location     Type
   858 ;;  pinesB          1    wreg     unsigned char 
   859 ;; Auto vars:     Size  Location     Type
   860 ;;  pinesB          1    4[COMMON] unsigned char 
   861 ;; Return value:  Size  Location     Type
   862 ;;                  1    wreg      void 
   863 ;; Registers used:
   864 ;;		wreg, status,2, status,0, btemp+1
   865 ;; Tracked objects:
   866 ;;		On entry : 0/0
   867 ;;		On exit  : 0/0
   868 ;;		Unchanged: 0/0
   869 ;; Data sizes:     COMMON   BANK0   BANK1   BANK3   BANK2
   870 ;;      Params:         0       0       0       0       0
   871 ;;      Locals:         1       0       0       0       0
   872 ;;      Temps:          0       0       0       0       0
   873 ;;      Totals:         1       0       0       0       0
   874 ;;Total ram usage:        1 bytes
   875 ;; Hardware stack levels used: 1
   876 ;; Hardware stack levels required when called: 2
   877 ;; This function calls:
   878 ;;		Nothing
   879 ;; This function is called by:
   880 ;;		_setup
   881 ;; This function uses a non-reentrant model
   882 ;;
   883                           
   884     0116                     _iocb_init:	
   885                           ;psect for function _iocb_init
   886                           
   887                           
   888                           ;incstack = 0
   889                           ; Regs used in _iocb_init: [wreg+status,2+status,0+btemp+1]
   890                           ;iocb_init@pinesB stored from wreg
   891     0116  00F4               	movwf	iocb_init@pinesB
   892     0117                     l782:
   893                           
   894                           ;iocb_init.c: 5:     TRISB |= pinesB;
   895     0117  0874               	movf	iocb_init@pinesB,w	;volatile
   896     0118  00FF               	movwf	btemp+1
   897     0119  087F               	movf	btemp+1,w
   898     011A  1683               	bsf	3,5	;RP0=1, select bank1
   899     011B  1303               	bcf	3,6	;RP1=0, select bank1
   900     011C  0486               	iorwf	6,f	;volatile
   901     011D                     l784:
   902                           
   903                           ;iocb_init.c: 6:     nRBPU = 0;
   904     011D  1381               	bcf	1,7	;volatile
   905                           
   906                           ;iocb_init.c: 7:     WPUB &= pinesB;
   907     011E  0874               	movf	iocb_init@pinesB,w	;volatile
   908     011F  00FF               	movwf	btemp+1
   909     0120  087F               	movf	btemp+1,w
   910     0121  0595               	andwf	21,f	;volatile
   911     0122                     l786:
   912                           
   913                           ;iocb_init.c: 8:     RBIE = 1;
   914     0122  158B               	bsf	11,3	;volatile
   915                           
   916                           ;iocb_init.c: 9:     IOCB |= pinesB;
   917     0123  0874               	movf	iocb_init@pinesB,w	;volatile
   918     0124  00FF               	movwf	btemp+1
   919     0125  087F               	movf	btemp+1,w
   920     0126  0496               	iorwf	22,f	;volatile
   921     0127                     l788:
   922                           
   923                           ;iocb_init.c: 10:     GIE = 1;
   924     0127  178B               	bsf	11,7	;volatile
   925     0128                     l158:
   926     0128  0008               	return
   927     0129                     __end_of_iocb_init:
   928                           
   929                           	psect	text4
   930     0017                     __ptext4:	
   931 ;; *************** function _adc_init *****************
   932 ;; Defined at:
   933 ;;		line 4 in file "../../../LibreriasPIC/ADC_lib.c"
   934 ;; Parameters:    Size  Location     Type
   935 ;;  J               1    wreg     unsigned char 
   936 ;;  R               1    4[COMMON] unsigned char 
   937 ;;  clock           1    5[COMMON] unsigned char 
   938 ;;  channel         1    6[COMMON] unsigned char 
   939 ;; Auto vars:     Size  Location     Type
   940 ;;  J               1    7[COMMON] unsigned char 
   941 ;; Return value:  Size  Location     Type
   942 ;;                  1    wreg      void 
   943 ;; Registers used:
   944 ;;		wreg, fsr0l, fsr0h, status,2, status,0
   945 ;; Tracked objects:
   946 ;;		On entry : 0/0
   947 ;;		On exit  : 0/0
   948 ;;		Unchanged: 0/0
   949 ;; Data sizes:     COMMON   BANK0   BANK1   BANK3   BANK2
   950 ;;      Params:         3       0       0       0       0
   951 ;;      Locals:         1       0       0       0       0
   952 ;;      Temps:          0       2       0       0       0
   953 ;;      Totals:         4       2       0       0       0
   954 ;;Total ram usage:        6 bytes
   955 ;; Hardware stack levels used: 1
   956 ;; Hardware stack levels required when called: 2
   957 ;; This function calls:
   958 ;;		Nothing
   959 ;; This function is called by:
   960 ;;		_setup
   961 ;; This function uses a non-reentrant model
   962 ;;
   963                           
   964     0017                     _adc_init:	
   965                           ;psect for function _adc_init
   966                           
   967                           
   968                           ;incstack = 0
   969                           ; Regs used in _adc_init: [wreg-fsr0h+status,2+status,0]
   970                           ;adc_init@J stored from wreg
   971     0017  00F7               	movwf	adc_init@J
   972     0018                     l986:
   973                           
   974                           ;../../../LibreriasPIC/ADC_lib.c: 13:     ADFM = J;
   975     0018  1877               	btfsc	adc_init@J,0
   976     0019  281B               	goto	u241
   977     001A  281F               	goto	u240
   978     001B                     u241:
   979     001B  1683               	bsf	3,5	;RP0=1, select bank1
   980     001C  1303               	bcf	3,6	;RP1=0, select bank1
   981     001D  179F               	bsf	31,7	;volatile
   982     001E  2822               	goto	u254
   983     001F                     u240:
   984     001F  1683               	bsf	3,5	;RP0=1, select bank1
   985     0020  1303               	bcf	3,6	;RP1=0, select bank1
   986     0021  139F               	bcf	31,7	;volatile
   987     0022                     u254:
   988                           
   989                           ;../../../LibreriasPIC/ADC_lib.c: 14:     VCFG0 = R;
   990     0022  1874               	btfsc	adc_init@R,0
   991     0023  2825               	goto	u261
   992     0024  2829               	goto	u260
   993     0025                     u261:
   994     0025  1683               	bsf	3,5	;RP0=1, select bank1
   995     0026  1303               	bcf	3,6	;RP1=0, select bank1
   996     0027  161F               	bsf	31,4	;volatile
   997     0028  282C               	goto	u274
   998     0029                     u260:
   999     0029  1683               	bsf	3,5	;RP0=1, select bank1
  1000     002A  1303               	bcf	3,6	;RP1=0, select bank1
  1001     002B  121F               	bcf	31,4	;volatile
  1002     002C                     u274:
  1003                           
  1004                           ;../../../LibreriasPIC/ADC_lib.c: 15:     VCFG1 = R;
  1005     002C  1874               	btfsc	adc_init@R,0
  1006     002D  282F               	goto	u281
  1007     002E  2833               	goto	u280
  1008     002F                     u281:
  1009     002F  1683               	bsf	3,5	;RP0=1, select bank1
  1010     0030  1303               	bcf	3,6	;RP1=0, select bank1
  1011     0031  169F               	bsf	31,5	;volatile
  1012     0032  2836               	goto	u294
  1013     0033                     u280:
  1014     0033  1683               	bsf	3,5	;RP0=1, select bank1
  1015     0034  1303               	bcf	3,6	;RP1=0, select bank1
  1016     0035  129F               	bcf	31,5	;volatile
  1017     0036                     u294:
  1018                           
  1019                           ;../../../LibreriasPIC/ADC_lib.c: 17:     switch(clock){
  1020     0036  2847               	goto	l998
  1021     0037                     l988:
  1022                           
  1023                           ;../../../LibreriasPIC/ADC_lib.c: 19:             ADCON0bits.ADCS = 0b00;
  1024     0037  303F               	movlw	-193
  1025     0038  059F               	andwf	31,f	;volatile
  1026                           
  1027                           ;../../../LibreriasPIC/ADC_lib.c: 21:             break;
  1028     0039  285F               	goto	l1000
  1029     003A                     l990:
  1030                           
  1031                           ;../../../LibreriasPIC/ADC_lib.c: 23:             ADCON0bits.ADCS = 0b01;
  1032     003A  081F               	movf	31,w	;volatile
  1033     003B  393F               	andlw	-193
  1034     003C  3840               	iorlw	64
  1035     003D  009F               	movwf	31	;volatile
  1036                           
  1037                           ;../../../LibreriasPIC/ADC_lib.c: 25:             break;
  1038     003E  285F               	goto	l1000
  1039     003F                     l992:
  1040                           
  1041                           ;../../../LibreriasPIC/ADC_lib.c: 27:             ADCON0bits.ADCS = 0b10;
  1042     003F  081F               	movf	31,w	;volatile
  1043     0040  393F               	andlw	-193
  1044     0041  3880               	iorlw	128
  1045     0042  009F               	movwf	31	;volatile
  1046                           
  1047                           ;../../../LibreriasPIC/ADC_lib.c: 29:             break;
  1048     0043  285F               	goto	l1000
  1049     0044                     l994:
  1050                           
  1051                           ;../../../LibreriasPIC/ADC_lib.c: 31:             ADCON0bits.ADCS = 0b11;
  1052     0044  30C0               	movlw	192
  1053     0045  049F               	iorwf	31,f	;volatile
  1054                           
  1055                           ;../../../LibreriasPIC/ADC_lib.c: 33:             break;
  1056     0046  285F               	goto	l1000
  1057     0047                     l998:
  1058     0047  0875               	movf	adc_init@clock,w
  1059     0048  1283               	bcf	3,5	;RP0=0, select bank0
  1060     0049  1303               	bcf	3,6	;RP1=0, select bank0
  1061     004A  00A0               	movwf	??_adc_init
  1062     004B  01A1               	clrf	??_adc_init+1
  1063                           
  1064                           ; Switch on 2 bytes has been partitioned into a top level switch of size 1, and 1 sub-sw
      +                          itches
  1065                           ; Switch size 1, requested type "simple"
  1066                           ; Number of cases is 1, Range of values is 0 to 0
  1067                           ; switch strategies available:
  1068                           ; Name         Instructions Cycles
  1069                           ; simple_byte            4     3 (average)
  1070                           ; direct_byte           11     8 (fixed)
  1071                           ; jumptable            260     6 (fixed)
  1072                           ;	Chosen strategy is simple_byte
  1073     004C  0821               	movf	??_adc_init+1,w
  1074     004D  3A00               	xorlw	0	; case 0
  1075     004E  1903               	skipnz
  1076     004F  2851               	goto	l1060
  1077     0050  285F               	goto	l1000
  1078     0051                     l1060:
  1079                           
  1080                           ; Switch size 1, requested type "simple"
  1081                           ; Number of cases is 4, Range of values is 1 to 20
  1082                           ; switch strategies available:
  1083                           ; Name         Instructions Cycles
  1084                           ; simple_byte           13     7 (average)
  1085                           ; direct_byte           71    11 (fixed)
  1086                           ; jumptable            263     9 (fixed)
  1087                           ;	Chosen strategy is simple_byte
  1088     0051  0820               	movf	??_adc_init,w
  1089     0052  3A01               	xorlw	1	; case 1
  1090     0053  1903               	skipnz
  1091     0054  2837               	goto	l988
  1092     0055  3A05               	xorlw	5	; case 4
  1093     0056  1903               	skipnz
  1094     0057  283A               	goto	l990
  1095     0058  3A0C               	xorlw	12	; case 8
  1096     0059  1903               	skipnz
  1097     005A  283F               	goto	l992
  1098     005B  3A1C               	xorlw	28	; case 20
  1099     005C  1903               	skipnz
  1100     005D  2844               	goto	l994
  1101     005E  285F               	goto	l1000
  1102     005F                     l1000:
  1103                           
  1104                           ;../../../LibreriasPIC/ADC_lib.c: 35:     ADCON0bits.CHS = channel;
  1105     005F  0876               	movf	adc_init@channel,w
  1106     0060  00A0               	movwf	??_adc_init
  1107     0061  0DA0               	rlf	??_adc_init,f
  1108     0062  0DA0               	rlf	??_adc_init,f
  1109     0063  081F               	movf	31,w	;volatile
  1110     0064  0620               	xorwf	??_adc_init,w
  1111     0065  39C3               	andlw	-61
  1112     0066  0620               	xorwf	??_adc_init,w
  1113     0067  009F               	movwf	31	;volatile
  1114     0068                     l1002:
  1115                           
  1116                           ;../../../LibreriasPIC/ADC_lib.c: 38:     ADON = 1;
  1117     0068  141F               	bsf	31,0	;volatile
  1118     0069                     l23:
  1119     0069  0008               	return
  1120     006A                     __end_of_adc_init:
  1121                           
  1122                           	psect	text5
  1123     0129                     __ptext5:	
  1124 ;; *************** function _adc_read *****************
  1125 ;; Defined at:
  1126 ;;		line 42 in file "../../../LibreriasPIC/ADC_lib.c"
  1127 ;; Parameters:    Size  Location     Type
  1128 ;;		None
  1129 ;; Auto vars:     Size  Location     Type
  1130 ;;		None
  1131 ;; Return value:  Size  Location     Type
  1132 ;;                  2    4[COMMON] unsigned int 
  1133 ;; Registers used:
  1134 ;;		wreg
  1135 ;; Tracked objects:
  1136 ;;		On entry : 0/0
  1137 ;;		On exit  : 0/0
  1138 ;;		Unchanged: 0/0
  1139 ;; Data sizes:     COMMON   BANK0   BANK1   BANK3   BANK2
  1140 ;;      Params:         2       0       0       0       0
  1141 ;;      Locals:         0       0       0       0       0
  1142 ;;      Temps:          0       0       0       0       0
  1143 ;;      Totals:         2       0       0       0       0
  1144 ;;Total ram usage:        2 bytes
  1145 ;; Hardware stack levels used: 1
  1146 ;; Hardware stack levels required when called: 2
  1147 ;; This function calls:
  1148 ;;		Nothing
  1149 ;; This function is called by:
  1150 ;;		_main
  1151 ;; This function uses a non-reentrant model
  1152 ;;
  1153                           
  1154     0129                     _adc_read:	
  1155                           ;psect for function _adc_read
  1156                           
  1157     0129                     l928:	
  1158                           ;incstack = 0
  1159                           ; Regs used in _adc_read: [wreg]
  1160                           
  1161                           
  1162                           ;../../../LibreriasPIC/ADC_lib.c: 43:     ADCON0bits.GO = 1;
  1163     0129  1283               	bcf	3,5	;RP0=0, select bank0
  1164     012A  1303               	bcf	3,6	;RP1=0, select bank0
  1165     012B  149F               	bsf	31,1	;volatile
  1166     012C                     l26:	
  1167                           ;../../../LibreriasPIC/ADC_lib.c: 44:     while(ADCON0bits.GO);
  1168                           
  1169     012C  189F               	btfsc	31,1	;volatile
  1170     012D  292F               	goto	u231
  1171     012E  2930               	goto	u230
  1172     012F                     u231:
  1173     012F  292C               	goto	l26
  1174     0130                     u230:
  1175     0130                     l930:
  1176                           
  1177                           ;../../../LibreriasPIC/ADC_lib.c: 45:     return (ADRESH<<8) | ADRESL;
  1178     0130  081E               	movf	30,w	;volatile
  1179     0131  00F5               	movwf	?_adc_read+1
  1180     0132  1683               	bsf	3,5	;RP0=1, select bank1
  1181     0133  1303               	bcf	3,6	;RP1=0, select bank1
  1182     0134  081E               	movf	30,w	;volatile
  1183     0135  00F4               	movwf	?_adc_read
  1184     0136                     l29:
  1185     0136  0008               	return
  1186     0137                     __end_of_adc_read:
  1187                           
  1188                           	psect	text6
  1189     006A                     __ptext6:	
  1190 ;; *************** function _isr *****************
  1191 ;; Defined at:
  1192 ;;		line 46 in file "Prelab3_Slave1.c"
  1193 ;; Parameters:    Size  Location     Type
  1194 ;;		None
  1195 ;; Auto vars:     Size  Location     Type
  1196 ;;		None
  1197 ;; Return value:  Size  Location     Type
  1198 ;;                  1    wreg      void 
  1199 ;; Registers used:
  1200 ;;		wreg, status,2, status,0, btemp+1, pclath, cstack
  1201 ;; Tracked objects:
  1202 ;;		On entry : 0/0
  1203 ;;		On exit  : 0/0
  1204 ;;		Unchanged: 0/0
  1205 ;; Data sizes:     COMMON   BANK0   BANK1   BANK3   BANK2
  1206 ;;      Params:         0       0       0       0       0
  1207 ;;      Locals:         0       0       0       0       0
  1208 ;;      Temps:          3       0       0       0       0
  1209 ;;      Totals:         3       0       0       0       0
  1210 ;;Total ram usage:        3 bytes
  1211 ;; Hardware stack levels used: 1
  1212 ;; Hardware stack levels required when called: 1
  1213 ;; This function calls:
  1214 ;;		_spiWrite
  1215 ;; This function is called by:
  1216 ;;		Interrupt level 1
  1217 ;; This function uses a non-reentrant model
  1218 ;;
  1219                           
  1220     006A                     _isr:	
  1221                           ;psect for function _isr
  1222                           
  1223     006A                     i1l844:
  1224                           
  1225                           ;Prelab3_Slave1.c: 47:     ANSELH= 0;
  1226     006A  1283               	bcf	3,5	;RP0=0, select bank0
  1227     006B  1303               	bcf	3,6	;RP1=0, select bank0
  1228     006C  1D8C               	btfss	12,3	;volatile
  1229     006D  286F               	goto	u10_21
  1230     006E  2870               	goto	u10_20
  1231     006F                     u10_21:
  1232     006F  288F               	goto	i1l858
  1233     0070                     u10_20:
  1234     0070                     i1l846:
  1235                           
  1236                           ;Prelab3_Slave1.c: 49:     TRISD = 0;
  1237     0070  0813               	movf	19,w	;volatile
  1238     0071  00F8               	movwf	_request
  1239     0072                     i1l848:
  1240                           
  1241                           ;Prelab3_Slave1.c: 50:     PORTD = 0;
  1242     0072  3050               	movlw	80
  1243     0073  0678               	xorwf	_request,w
  1244     0074  1D03               	btfss	3,2
  1245     0075  2877               	goto	u11_21
  1246     0076  2878               	goto	u11_20
  1247     0077                     u11_21:
  1248     0077  287E               	goto	i1l852
  1249     0078                     u11_20:
  1250     0078                     i1l850:
  1251                           
  1252                           ;Prelab3_Slave1.c: 51: 
  1253     0078  0879               	movf	_potval,w
  1254     0079  120A  118A  2137  120A  118A  	fcall	_spiWrite
  1255     007E                     i1l852:
  1256                           
  1257                           ;Prelab3_Slave1.c: 52:     TRISB = 255;
  1258     007E  3043               	movlw	67
  1259     007F  0678               	xorwf	_request,w
  1260     0080  1D03               	btfss	3,2
  1261     0081  2883               	goto	u12_21
  1262     0082  2884               	goto	u12_20
  1263     0083                     u12_21:
  1264     0083  288C               	goto	i1l856
  1265     0084                     u12_20:
  1266     0084                     i1l854:
  1267                           
  1268                           ;Prelab3_Slave1.c: 53: 
  1269     0084  1283               	bcf	3,5	;RP0=0, select bank0
  1270     0085  1303               	bcf	3,6	;RP1=0, select bank0
  1271     0086  0808               	movf	8,w	;volatile
  1272     0087  120A  118A  2137  120A  118A  	fcall	_spiWrite
  1273     008C                     i1l856:
  1274                           
  1275                           ;Prelab3_Slave1.c: 54: 
  1276     008C  1283               	bcf	3,5	;RP0=0, select bank0
  1277     008D  1303               	bcf	3,6	;RP1=0, select bank0
  1278     008E  118C               	bcf	12,3	;volatile
  1279     008F                     i1l858:
  1280                           
  1281                           ;Prelab3_Slave1.c: 56:     SCS = 1;
  1282     008F  1C0B               	btfss	11,0	;volatile
  1283     0090  2892               	goto	u13_21
  1284     0091  2893               	goto	u13_20
  1285     0092                     u13_21:
  1286     0092  28A2               	goto	i1l132
  1287     0093                     u13_20:
  1288     0093                     i1l860:
  1289                           
  1290                           ;Prelab3_Slave1.c: 57: 
  1291     0093  1806               	btfsc	6,0	;volatile
  1292     0094  2896               	goto	u14_21
  1293     0095  2897               	goto	u14_20
  1294     0096                     u14_21:
  1295     0096  289B               	goto	i1l864
  1296     0097                     u14_20:
  1297     0097                     i1l862:
  1298                           
  1299                           ;Prelab3_Slave1.c: 58: 
  1300     0097  3001               	movlw	1
  1301     0098  00FF               	movwf	btemp+1
  1302     0099  087F               	movf	btemp+1,w
  1303     009A  0788               	addwf	8,f	;volatile
  1304     009B                     i1l864:
  1305                           
  1306                           ;Prelab3_Slave1.c: 59:     adc_init(0, 0, 8, 0);
  1307     009B  1886               	btfsc	6,1	;volatile
  1308     009C  289E               	goto	u15_21
  1309     009D  289F               	goto	u15_20
  1310     009E                     u15_21:
  1311     009E  28A1               	goto	i1l868
  1312     009F                     u15_20:
  1313     009F                     i1l866:
  1314                           
  1315                           ;Prelab3_Slave1.c: 60: 
  1316     009F  3001               	movlw	1
  1317     00A0  0288               	subwf	8,f	;volatile
  1318     00A1                     i1l868:
  1319                           
  1320                           ;Prelab3_Slave1.c: 61: 
  1321     00A1  100B               	bcf	11,0	;volatile
  1322     00A2                     i1l132:
  1323     00A2  0873               	movf	??_isr+2,w
  1324     00A3  00FF               	movwf	btemp+1
  1325     00A4  0872               	movf	??_isr+1,w
  1326     00A5  008A               	movwf	10
  1327     00A6  0E71               	swapf	??_isr,w
  1328     00A7  0083               	movwf	3
  1329     00A8  0EFE               	swapf	btemp,f
  1330     00A9  0E7E               	swapf	btemp,w
  1331     00AA  0009               	retfie
  1332     00AB                     __end_of_isr:
  1333                           
  1334                           	psect	intentry
  1335     0004                     __pintentry:	
  1336                           ;incstack = 0
  1337                           ; Regs used in _isr: [wreg+status,2+status,0+btemp+1+pclath+cstack]
  1338                           
  1339     0004                     interrupt_function:
  1340     007E                     saved_w	set	btemp
  1341     0004  00FE               	movwf	btemp
  1342     0005  0E03               	swapf	3,w
  1343     0006  00F1               	movwf	??_isr
  1344     0007  080A               	movf	10,w
  1345     0008  00F2               	movwf	??_isr+1
  1346     0009  087F               	movf	btemp+1,w
  1347     000A  00F3               	movwf	??_isr+2
  1348     000B  120A  118A  286A   	ljmp	_isr
  1349                           
  1350                           	psect	text7
  1351     0137                     __ptext7:	
  1352 ;; *************** function _spiWrite *****************
  1353 ;; Defined at:
  1354 ;;		line 34 in file "../../../LibreriasPIC/SPI.c"
  1355 ;; Parameters:    Size  Location     Type
  1356 ;;  dat             1    wreg     unsigned char 
  1357 ;; Auto vars:     Size  Location     Type
  1358 ;;  dat             1    0[COMMON] unsigned char 
  1359 ;; Return value:  Size  Location     Type
  1360 ;;                  1    wreg      void 
  1361 ;; Registers used:
  1362 ;;		wreg
  1363 ;; Tracked objects:
  1364 ;;		On entry : 0/0
  1365 ;;		On exit  : 0/0
  1366 ;;		Unchanged: 0/0
  1367 ;; Data sizes:     COMMON   BANK0   BANK1   BANK3   BANK2
  1368 ;;      Params:         0       0       0       0       0
  1369 ;;      Locals:         1       0       0       0       0
  1370 ;;      Temps:          0       0       0       0       0
  1371 ;;      Totals:         1       0       0       0       0
  1372 ;;Total ram usage:        1 bytes
  1373 ;; Hardware stack levels used: 1
  1374 ;; This function calls:
  1375 ;;		Nothing
  1376 ;; This function is called by:
  1377 ;;		_isr
  1378 ;; This function uses a non-reentrant model
  1379 ;;
  1380                           
  1381     0137                     _spiWrite:	
  1382                           ;psect for function _spiWrite
  1383                           
  1384                           
  1385                           ;incstack = 0
  1386                           ; Regs used in _spiWrite: [wreg]
  1387                           ;spiWrite@dat stored from wreg
  1388     0137  00F0               	movwf	spiWrite@dat
  1389     0138                     i1l798:
  1390                           
  1391                           ;../../../LibreriasPIC/SPI.c: 34: void spiWrite(char dat);../../../LibreriasPIC/SPI.c: 3
      +                          5: {;../../../LibreriasPIC/SPI.c: 36:     SSPBUF = dat;
  1392     0138  0870               	movf	spiWrite@dat,w
  1393     0139  1283               	bcf	3,5	;RP0=0, select bank0
  1394     013A  1303               	bcf	3,6	;RP1=0, select bank0
  1395     013B  0093               	movwf	19	;volatile
  1396     013C                     i1l61:
  1397     013C  0008               	return
  1398     013D                     __end_of_spiWrite:
  1399     007E                     btemp	set	126	;btemp
  1400     007E                     wtemp0	set	126
  1401                           
  1402                           	psect	config
  1403                           
  1404                           ;Config register CONFIG1 @ 0x2007
  1405                           ;	Oscillator Selection bits
  1406                           ;	FOSC = INTRC_NOCLKOUT, INTOSCIO oscillator: I/O function on RA6/OSC2/CLKOUT pin, I/O f
      +                          unction on RA7/OSC1/CLKIN
  1407                           ;	Watchdog Timer Enable bit
  1408                           ;	WDTE = OFF, WDT disabled and can be enabled by SWDTEN bit of the WDTCON register
  1409                           ;	Power-up Timer Enable bit
  1410                           ;	PWRTE = OFF, PWRT disabled
  1411                           ;	RE3/MCLR pin function select bit
  1412                           ;	MCLRE = OFF, RE3/MCLR pin function is digital input, MCLR internally tied to VDD
  1413                           ;	Code Protection bit
  1414                           ;	CP = OFF, Program memory code protection is disabled
  1415                           ;	Data Code Protection bit
  1416                           ;	CPD = OFF, Data memory code protection is disabled
  1417                           ;	Brown Out Reset Selection bits
  1418                           ;	BOREN = OFF, BOR disabled
  1419                           ;	Internal External Switchover bit
  1420                           ;	IESO = OFF, Internal/External Switchover mode is disabled
  1421                           ;	Fail-Safe Clock Monitor Enabled bit
  1422                           ;	FCMEN = OFF, Fail-Safe Clock Monitor is disabled
  1423                           ;	Low Voltage Programming Enable bit
  1424                           ;	LVP = OFF, RB3 pin has digital I/O, HV on MCLR must be used for programming
  1425                           ;	In-Circuit Debugger Mode bit
  1426                           ;	DEBUG = 0x1, unprogrammed default
  1427     2007                     	org	8199
  1428     2007  20D4               	dw	8404
  1429                           
  1430                           ;Config register CONFIG2 @ 0x2008
  1431                           ;	Brown-out Reset Selection bit
  1432                           ;	BOR4V = BOR40V, Brown-out Reset set to 4.0V
  1433                           ;	Flash Program Memory Self Write Enable bits
  1434                           ;	WRT = OFF, Write protection off
  1435     2008                     	org	8200
  1436     2008  3FFF               	dw	16383

Data Sizes:
    Strings     0
    Constant    0
    Data        0
    BSS         2
    Persistent  0
    Stack       0

Auto Spaces:
    Space          Size  Autos    Used
    COMMON           14      8      10
    BANK0            80      4       4
    BANK1            80      0       0
    BANK3            96      0       0
    BANK2            96      0       0

Pointer List with Targets:

    None.

Critical Paths under _main in COMMON

    _setup->_adc_init
    _setup->_spiInit

Critical Paths under _isr in COMMON

    _isr->_spiWrite

Critical Paths under _main in BANK0

    _setup->_adc_init

Critical Paths under _isr in BANK0

    None.

Critical Paths under _main in BANK1

    None.

Critical Paths under _isr in BANK1

    None.

Critical Paths under _main in BANK3

    None.

Critical Paths under _isr in BANK3

    None.

Critical Paths under _main in BANK2

    None.

Critical Paths under _isr in BANK2

    None.

Call Graph Tables:

 ---------------------------------------------------------------------------------
 (Depth) Function   	        Calls       Base Space   Used Autos Params    Refs
 ---------------------------------------------------------------------------------
 (0) _main                                                 2     2      0     830
                                              2 BANK0      2     2      0
                           _adc_read
                              _setup
 ---------------------------------------------------------------------------------
 (1) _setup                                                0     0      0     830
                           _adc_init
                          _iocb_init
                            _spiInit
 ---------------------------------------------------------------------------------
 (2) _spiInit                                              4     1      3     360
                                              4 COMMON     4     1      3
 ---------------------------------------------------------------------------------
 (2) _iocb_init                                            1     1      0      45
                                              4 COMMON     1     1      0
 ---------------------------------------------------------------------------------
 (2) _adc_init                                             6     3      3     425
                                              4 COMMON     4     1      3
                                              0 BANK0      2     2      0
 ---------------------------------------------------------------------------------
 (1) _adc_read                                             2     0      2       0
                                              4 COMMON     2     0      2
 ---------------------------------------------------------------------------------
 Estimated maximum stack depth 2
 ---------------------------------------------------------------------------------
 (Depth) Function   	        Calls       Base Space   Used Autos Params    Refs
 ---------------------------------------------------------------------------------
 (3) _isr                                                  3     3      0      15
                                              1 COMMON     3     3      0
                           _spiWrite
 ---------------------------------------------------------------------------------
 (4) _spiWrite                                             1     1      0      15
                                              0 COMMON     1     1      0
 ---------------------------------------------------------------------------------
 Estimated maximum stack depth 4
 ---------------------------------------------------------------------------------

 Call Graph Graphs:

 _main (ROOT)
   _adc_read
   _setup
     _adc_init
     _iocb_init
     _spiInit

 _isr (ROOT)
   _spiWrite

 Address spaces:
Name               Size   Autos  Total    Cost      Usage
BITCOMMON            E      0       0       0        0.0%
EEDATA             100      0       0       0        0.0%
NULL                 0      0       0       0        0.0%
CODE                 0      0       0       0        0.0%
COMMON               E      8       A       1       71.4%
BITSFR0              0      0       0       1        0.0%
SFR0                 0      0       0       1        0.0%
BITSFR1              0      0       0       2        0.0%
SFR1                 0      0       0       2        0.0%
STACK                0      0       0       2        0.0%
ABS                  0      0       E       3        0.0%
BITBANK0            50      0       0       4        0.0%
BITSFR3              0      0       0       4        0.0%
SFR3                 0      0       0       4        0.0%
BANK0               50      4       4       5        5.0%
BITSFR2              0      0       0       5        0.0%
SFR2                 0      0       0       5        0.0%
BITBANK1            50      0       0       6        0.0%
BANK1               50      0       0       7        0.0%
BITBANK3            60      0       0       8        0.0%
BANK3               60      0       0       9        0.0%
BITBANK2            60      0       0      10        0.0%
BANK2               60      0       0      11        0.0%
DATA                 0      0       E      12        0.0%


Microchip Technology PIC Macro Assembler V2.41 build 20230208172133 
Symbol Table                                                                                   Wed Aug 02 23:59:29 2023

            _SSPSTATbits 0094                       l23 0069                       l26 012C  
                     l51 0110                       l52 0115                       l29 0136  
                    l143 00E5                      l158 0128                      l920 0108  
                    l930 0130                      l922 010A                      l924 010C  
                    l782 0117                      l926 010F                      l918 0101  
                    l928 0129                      l784 011D                      l786 0122  
                    l788 0127                      l990 003A                      l992 003F  
                    l994 0044                      l986 0018                      _GIE 005F  
                    l988 0037                      l998 0047                      _RB0 0030  
                    _RB1 0031                      u220 0108                      u221 0107  
                    u230 0130                      u231 012F                      u240 001F  
                    u241 001B                      u307 00F1                      u260 0029  
                    u261 0025                      u254 0022                      u280 0033  
                    u281 002F                      u274 002C                      u294 0036  
                    _SCS 0478                      _isr 006A                     l1000 005F  
                   l1002 0068                     l1010 00AF                     l1020 00C4  
                   l1012 00B2                     l1030 00D9                     l1022 00CE  
                   l1014 00BD                     l1032 00DC                     l1024 00D4  
                   l1016 00C1                     l1008 00AB                     l1026 00D5  
                   l1018 00C3                     l1034 00E6                     l1060 0051  
                   l1028 00D6                     l1036 00EB                     l1038 00F5  
                   _ADFM 04FF                     ?_isr 0070                     _ADON 00F8  
                   _IOCB 0096                     _PEIE 005E                     _RBIE 005B  
                   _RBIF 0058                     i1l61 013C                     _WPUB 0095  
                   _main 00E6                     btemp 007E                     start 000E  
                  ??_isr 0071                    ?_main 0070                    _ANSEL 0188  
                  i1l132 00A2                    i1l850 0078                    i1l860 0093  
                  i1l852 007E                    i1l844 006A                    i1l862 0097  
                  i1l854 0084                    i1l846 0070                    i1l864 009B  
                  i1l856 008C                    i1l848 0072                    i1l866 009F  
                  i1l858 008F                    i1l868 00A1                    i1l798 0138  
                  _VCFG0 04FC                    _VCFG1 04FD                    u10_20 0070  
                  u10_21 006F                    u11_20 0078                    u11_21 0077  
                  u12_20 0084                    u12_21 0083                    u13_20 0093  
                  u13_21 0092                    u14_20 0097                    u14_21 0096  
                  u15_20 009F                    u15_21 009E                    _PORTA 0005  
                  _PORTD 0008                    _TRISA 0085                    _TRISB 0086  
                  _TRISD 0088                    _SSPIE 0463                    _SSPIF 0063  
                  _nRBPU 040F                    _setup 00AB                    pclath 000A  
        __end_of_spiInit 0116                    status 0003                    wtemp0 007E  
        __initialization 0011             __end_of_main 0100                   ??_main 0022  
                 _ADRESH 001E                   _ADRESL 009E                   ?_setup 0070  
                 _ANSELH 0189         __end_of_adc_init 006A         __end_of_adc_read 0137  
                 _TRISC3 043B                   _TRISC5 043D                   _SSPCON 0014  
                 _SSPBUF 0013                   _potval 0079                   saved_w 007E  
       __end_of_spiWrite 013D                ??_spiInit 0077  __end_of__initialization 0013  
         __pcstackCOMMON 0070            __end_of_setup 00E6                  ??_setup 0078  
             __pmaintext 00E6               __pintentry 0004                ?_adc_init 0074  
              ?_adc_read 0074                  _SSPSTAT 0094                ?_spiWrite 0070  
      __end_of_iocb_init 0129               ??_adc_init 0020               ??_adc_read 0076  
                __ptext1 00AB                  __ptext2 0100                  __ptext3 0116  
                __ptext4 0017                  __ptext5 0129                  __ptext6 006A  
                __ptext7 0137                  _spiInit 0100                  _request 0078  
   end_of_initialization 0013               ??_spiWrite 0070              spiWrite@dat 0070  
    start_initialization 0011              __end_of_isr 00AB          adc_init@channel 0076  
            __pbssCOMMON 0078                ___latbits 0002            __pcstackBANK0 0020  
          adc_init@clock 0075                adc_init@J 0077                adc_init@R 0074  
              _iocb_init 0116                 ?_spiInit 0074     spiInit@sTransmitEdge 0076  
      interrupt_function 0004       spiInit@sDataSample 0074               _ADCON0bits 001F  
             ?_iocb_init 0070          iocb_init@pinesB 0074                 _adc_init 0017  
               _adc_read 0129                 _spiWrite 0137             spiInit@sType 0077  
      spiInit@sClockIdle 0075              ??_iocb_init 0074                 intlevel1 0000  
             _OSCCONbits 008F  
