

Microchip MPLAB XC8 Assembler V2.41 build 20230208172133 
                                                                                               Wed Aug 02 19:31:55 2023

Microchip MPLAB XC8 C Compiler v2.41 (Free license) build 20230208172133 Og1 
     1                           	processor	16F887
     2                           	pagewidth 120
     3                           	opt	flic
     4                           	psect	cinit,global,class=CODE,merge=1,delta=2
     5                           	psect	cstackCOMMON,global,class=COMMON,space=1,delta=1,noexec
     6                           	psect	maintext,global,class=CODE,split=1,delta=2
     7                           	psect	text1,local,class=CODE,merge=1,delta=2
     8                           	psect	text2,local,class=CODE,merge=1,delta=2
     9                           	psect	text3,local,class=CODE,merge=1,delta=2
    10                           	psect	text4,local,class=CODE,merge=1,delta=2
    11                           	psect	text5,local,class=CODE,merge=1,delta=2
    12                           	psect	text6,local,class=CODE,merge=1,delta=2
    13                           	psect	intentry,global,class=CODE,delta=2
    14                           	psect	config,global,abs,ovrld,class=CONFIG,space=4,delta=2,noexec
    15                           	dabs	1,0x7E,2
    16     0000                     
    17                           ; Generated 22/03/2023 GMT
    18                           ; 
    19                           ; Copyright © 2023, Microchip Technology Inc. and its subsidiaries ("Microchip")
    20                           ; All rights reserved.
    21                           ; 
    22                           ; This software is developed by Microchip Technology Inc. and its subsidiaries ("Microch
      +                          ip").
    23                           ; 
    24                           ; Redistribution and use in source and binary forms, with or without modification, are
    25                           ; permitted provided that the following conditions are met:
    26                           ; 
    27                           ;     1. Redistributions of source code must retain the above copyright notice, this lis
      +                          t of
    28                           ;        conditions and the following disclaimer.
    29                           ; 
    30                           ;     2. Redistributions in binary form must reproduce the above copyright notice, this 
      +                          list
    31                           ;        of conditions and the following disclaimer in the documentation and/or other
    32                           ;        materials provided with the distribution. Publication is not required when
    33                           ;        this file is used in an embedded application.
    34                           ; 
    35                           ;     3. Microchip's name may not be used to endorse or promote products derived from th
      +                          is
    36                           ;        software without specific prior written permission.
    37                           ; 
    38                           ; THIS SOFTWARE IS PROVIDED BY MICROCHIP "AS IS" AND ANY EXPRESS OR IMPLIED WARRANTIES,
    39                           ; INCLUDING, BUT NOT LIMITED TO, THE IMPLIED WARRANTIES OF MERCHANTABILITY AND FITNESS F
      +                          OR
    40                           ; PURPOSE ARE DISCLAIMED.  IN NO EVENT SHALL MICROCHIP BE LIABLE FOR ANY DIRECT, INDIREC
      +                          T,
    41                           ; INCIDENTAL, SPECIAL, EXEMPLARY, OR CONSEQUENTIAL DAMAGES (INCLUDING BUT NOT LIMITED TO
    42                           ; PROCUREMENT OF SUBSTITUTE GOODS OR SERVICES; LOSS OF USE, DATA OR PROFITS; OR BUSINESS
    43                           ; INTERRUPTION) HOWSOEVER CAUSED AND ON ANY THEORY OF LIABILITY, WHETHER IN CONTRACT, ST
      +                          RICT
    44                           ; LIABILITY, OR TORT (INCLUDING NEGLIGENCE OR OTHERWISE) ARISING IN ANY WAY OUT OF THE U
      +                          SE OF
    45                           ; THIS SOFTWARE, EVEN IF ADVISED OF THE POSSIBILITY OF SUCH DAMAGE.
    46                           ; 
    47                           ; 
    48                           ; Code-generator required, PIC16F887 Definitions
    49                           ; 
    50                           ; SFR Addresses
    51     0000                     	;# 
    52     0001                     	;# 
    53     0002                     	;# 
    54     0003                     	;# 
    55     0004                     	;# 
    56     0005                     	;# 
    57     0006                     	;# 
    58     0007                     	;# 
    59     0008                     	;# 
    60     0009                     	;# 
    61     000A                     	;# 
    62     000B                     	;# 
    63     000C                     	;# 
    64     000D                     	;# 
    65     000E                     	;# 
    66     000E                     	;# 
    67     000F                     	;# 
    68     0010                     	;# 
    69     0011                     	;# 
    70     0012                     	;# 
    71     0013                     	;# 
    72     0014                     	;# 
    73     0015                     	;# 
    74     0015                     	;# 
    75     0016                     	;# 
    76     0017                     	;# 
    77     0018                     	;# 
    78     0019                     	;# 
    79     001A                     	;# 
    80     001B                     	;# 
    81     001B                     	;# 
    82     001C                     	;# 
    83     001D                     	;# 
    84     001E                     	;# 
    85     001F                     	;# 
    86     0081                     	;# 
    87     0085                     	;# 
    88     0086                     	;# 
    89     0087                     	;# 
    90     0088                     	;# 
    91     0089                     	;# 
    92     008C                     	;# 
    93     008D                     	;# 
    94     008E                     	;# 
    95     008F                     	;# 
    96     0090                     	;# 
    97     0091                     	;# 
    98     0092                     	;# 
    99     0093                     	;# 
   100     0093                     	;# 
   101     0093                     	;# 
   102     0094                     	;# 
   103     0095                     	;# 
   104     0096                     	;# 
   105     0097                     	;# 
   106     0098                     	;# 
   107     0099                     	;# 
   108     009A                     	;# 
   109     009B                     	;# 
   110     009C                     	;# 
   111     009D                     	;# 
   112     009E                     	;# 
   113     009F                     	;# 
   114     0105                     	;# 
   115     0107                     	;# 
   116     0108                     	;# 
   117     0109                     	;# 
   118     010C                     	;# 
   119     010C                     	;# 
   120     010D                     	;# 
   121     010E                     	;# 
   122     010F                     	;# 
   123     0185                     	;# 
   124     0187                     	;# 
   125     0188                     	;# 
   126     0189                     	;# 
   127     018C                     	;# 
   128     018D                     	;# 
   129     0000                     	;# 
   130     0001                     	;# 
   131     0002                     	;# 
   132     0003                     	;# 
   133     0004                     	;# 
   134     0005                     	;# 
   135     0006                     	;# 
   136     0007                     	;# 
   137     0008                     	;# 
   138     0009                     	;# 
   139     000A                     	;# 
   140     000B                     	;# 
   141     000C                     	;# 
   142     000D                     	;# 
   143     000E                     	;# 
   144     000E                     	;# 
   145     000F                     	;# 
   146     0010                     	;# 
   147     0011                     	;# 
   148     0012                     	;# 
   149     0013                     	;# 
   150     0014                     	;# 
   151     0015                     	;# 
   152     0015                     	;# 
   153     0016                     	;# 
   154     0017                     	;# 
   155     0018                     	;# 
   156     0019                     	;# 
   157     001A                     	;# 
   158     001B                     	;# 
   159     001B                     	;# 
   160     001C                     	;# 
   161     001D                     	;# 
   162     001E                     	;# 
   163     001F                     	;# 
   164     0081                     	;# 
   165     0085                     	;# 
   166     0086                     	;# 
   167     0087                     	;# 
   168     0088                     	;# 
   169     0089                     	;# 
   170     008C                     	;# 
   171     008D                     	;# 
   172     008E                     	;# 
   173     008F                     	;# 
   174     0090                     	;# 
   175     0091                     	;# 
   176     0092                     	;# 
   177     0093                     	;# 
   178     0093                     	;# 
   179     0093                     	;# 
   180     0094                     	;# 
   181     0095                     	;# 
   182     0096                     	;# 
   183     0097                     	;# 
   184     0098                     	;# 
   185     0099                     	;# 
   186     009A                     	;# 
   187     009B                     	;# 
   188     009C                     	;# 
   189     009D                     	;# 
   190     009E                     	;# 
   191     009F                     	;# 
   192     0105                     	;# 
   193     0107                     	;# 
   194     0108                     	;# 
   195     0109                     	;# 
   196     010C                     	;# 
   197     010C                     	;# 
   198     010D                     	;# 
   199     010E                     	;# 
   200     010F                     	;# 
   201     0185                     	;# 
   202     0187                     	;# 
   203     0188                     	;# 
   204     0189                     	;# 
   205     018C                     	;# 
   206     018D                     	;# 
   207     0000                     	;# 
   208     0001                     	;# 
   209     0002                     	;# 
   210     0003                     	;# 
   211     0004                     	;# 
   212     0005                     	;# 
   213     0006                     	;# 
   214     0007                     	;# 
   215     0008                     	;# 
   216     0009                     	;# 
   217     000A                     	;# 
   218     000B                     	;# 
   219     000C                     	;# 
   220     000D                     	;# 
   221     000E                     	;# 
   222     000E                     	;# 
   223     000F                     	;# 
   224     0010                     	;# 
   225     0011                     	;# 
   226     0012                     	;# 
   227     0013                     	;# 
   228     0014                     	;# 
   229     0015                     	;# 
   230     0015                     	;# 
   231     0016                     	;# 
   232     0017                     	;# 
   233     0018                     	;# 
   234     0019                     	;# 
   235     001A                     	;# 
   236     001B                     	;# 
   237     001B                     	;# 
   238     001C                     	;# 
   239     001D                     	;# 
   240     001E                     	;# 
   241     001F                     	;# 
   242     0081                     	;# 
   243     0085                     	;# 
   244     0086                     	;# 
   245     0087                     	;# 
   246     0088                     	;# 
   247     0089                     	;# 
   248     008C                     	;# 
   249     008D                     	;# 
   250     008E                     	;# 
   251     008F                     	;# 
   252     0090                     	;# 
   253     0091                     	;# 
   254     0092                     	;# 
   255     0093                     	;# 
   256     0093                     	;# 
   257     0093                     	;# 
   258     0094                     	;# 
   259     0095                     	;# 
   260     0096                     	;# 
   261     0097                     	;# 
   262     0098                     	;# 
   263     0099                     	;# 
   264     009A                     	;# 
   265     009B                     	;# 
   266     009C                     	;# 
   267     009D                     	;# 
   268     009E                     	;# 
   269     009F                     	;# 
   270     0105                     	;# 
   271     0107                     	;# 
   272     0108                     	;# 
   273     0109                     	;# 
   274     010C                     	;# 
   275     010C                     	;# 
   276     010D                     	;# 
   277     010E                     	;# 
   278     010F                     	;# 
   279     0185                     	;# 
   280     0187                     	;# 
   281     0188                     	;# 
   282     0189                     	;# 
   283     018C                     	;# 
   284     018D                     	;# 
   285     0006                     _PORTB	set	6
   286     0005                     _PORTA	set	5
   287     0013                     _SSPBUF	set	19
   288     0014                     _SSPCON	set	20
   289     0038                     _RC0	set	56
   290     0039                     _RC1	set	57
   291     0063                     _SSPIF	set	99
   292     0087                     _TRISC	set	135
   293     008F                     _OSCCONbits	set	143
   294     0086                     _TRISB	set	134
   295     0085                     _TRISA	set	133
   296     0094                     _SSPSTATbits	set	148
   297     0094                     _SSPSTAT	set	148
   298     0478                     _SCS	set	1144
   299     043B                     _TRISC3	set	1083
   300     043D                     _TRISC5	set	1085
   301     0189                     _ANSELH	set	393
   302     0188                     _ANSEL	set	392
   303                           
   304                           	psect	cinit
   305     000F                     start_initialization:	
   306                           ; #config settings
   307                           
   308     000F                     __initialization:
   309     000F                     end_of_initialization:	
   310                           ;End of C runtime variable initialization code
   311                           
   312     000F                     __end_of__initialization:
   313     000F  0183               	clrf	3
   314     0010  120A  118A  2813   	ljmp	_main	;jump to C main() function
   315                           
   316                           	psect	cstackCOMMON
   317     0070                     __pcstackCOMMON:
   318     0070                     ?_setup:
   319     0070                     ?_spiReceiveWait:	
   320                           ; 1 bytes @ 0x0
   321                           
   322     0070                     ?_spiWrite:	
   323                           ; 1 bytes @ 0x0
   324                           
   325     0070                     ?_spiRead:	
   326                           ; 1 bytes @ 0x0
   327                           
   328     0070                     ?_isr:	
   329                           ; 1 bytes @ 0x0
   330                           
   331     0070                     ??_isr:	
   332                           ; 1 bytes @ 0x0
   333                           
   334     0070                     ?_main:	
   335                           ; 1 bytes @ 0x0
   336                           
   337                           
   338                           ; 2 bytes @ 0x0
   339     0070                     	ds	2
   340     0072                     ?_spiInit:
   341     0072                     ??_spiReceiveWait:	
   342                           ; 1 bytes @ 0x2
   343                           
   344     0072                     ??_spiWrite:	
   345                           ; 1 bytes @ 0x2
   346                           
   347     0072                     ??_spiRead:	
   348                           ; 1 bytes @ 0x2
   349                           
   350     0072                     spiInit@sDataSample:	
   351                           ; 1 bytes @ 0x2
   352                           
   353     0072                     spiWrite@dat:	
   354                           ; 1 bytes @ 0x2
   355                           
   356                           
   357                           ; 1 bytes @ 0x2
   358     0072                     	ds	1
   359     0073                     spiInit@sClockIdle:
   360                           
   361                           ; 1 bytes @ 0x3
   362     0073                     	ds	1
   363     0074                     spiInit@sTransmitEdge:
   364                           
   365                           ; 1 bytes @ 0x4
   366     0074                     	ds	1
   367     0075                     ??_spiInit:
   368     0075                     spiInit@sType:	
   369                           ; 1 bytes @ 0x5
   370                           
   371                           
   372                           ; 1 bytes @ 0x5
   373     0075                     	ds	1
   374     0076                     ??_setup:
   375     0076                     ??_main:	
   376                           ; 1 bytes @ 0x6
   377                           
   378                           
   379                           ; 1 bytes @ 0x6
   380     0076                     	ds	2
   381                           
   382                           	psect	maintext
   383     0013                     __pmaintext:	
   384 ;;
   385 ;;Main: autosize = 0, tempsize = 2, incstack = 0, save=0
   386 ;;
   387 ;; *************** function _main *****************
   388 ;; Defined at:
   389 ;;		line 53 in file "Prelab3_Master.c"
   390 ;; Parameters:    Size  Location     Type
   391 ;;		None
   392 ;; Auto vars:     Size  Location     Type
   393 ;;		None
   394 ;; Return value:  Size  Location     Type
   395 ;;                  2   78[None  ] int 
   396 ;; Registers used:
   397 ;;		wreg, status,2, status,0, pclath, cstack
   398 ;; Tracked objects:
   399 ;;		On entry : B00/0
   400 ;;		On exit  : 0/0
   401 ;;		Unchanged: 0/0
   402 ;; Data sizes:     COMMON   BANK0   BANK1   BANK3   BANK2
   403 ;;      Params:         0       0       0       0       0
   404 ;;      Locals:         0       0       0       0       0
   405 ;;      Temps:          2       0       0       0       0
   406 ;;      Totals:         2       0       0       0       0
   407 ;;Total ram usage:        2 bytes
   408 ;; Hardware stack levels required when called: 3
   409 ;; This function calls:
   410 ;;		_setup
   411 ;;		_spiRead
   412 ;;		_spiWrite
   413 ;; This function is called by:
   414 ;;		Startup code after reset
   415 ;; This function uses a non-reentrant model
   416 ;;
   417                           
   418     0013                     _main:	
   419                           ;psect for function _main
   420                           
   421     0013                     l755:	
   422                           ;incstack = 0
   423                           ; Regs used in _main: [wreg+status,2+status,0+pclath+cstack]
   424                           
   425                           
   426                           ;Prelab3_Master.c: 54: }
   427     0013  120A  118A  2052  120A  118A  	fcall	_setup
   428     0018                     l757:
   429     0018  3003               	movlw	3
   430     0019  00F7               	movwf	??_main+1
   431     001A  3097               	movlw	151
   432     001B  00F6               	movwf	??_main
   433     001C                     u57:
   434     001C  0BF6               	decfsz	??_main,f
   435     001D  281C               	goto	u57
   436     001E  0BF7               	decfsz	??_main+1,f
   437     001F  281C               	goto	u57
   438     0020  2821               	nop2
   439     0021                     l759:
   440     0021  1283               	bcf	3,5	;RP0=0, select bank0
   441     0022  1303               	bcf	3,6	;RP1=0, select bank0
   442     0023  1487               	bsf	7,1	;volatile
   443     0024                     l761:
   444     0024  1007               	bcf	7,0	;volatile
   445     0025                     l763:
   446     0025  3061               	movlw	97
   447     0026  120A  118A  20A7  120A  118A  	fcall	_spiWrite
   448     002B                     l765:
   449     002B  120A  118A  2097  120A  118A  	fcall	_spiRead
   450     0030  1283               	bcf	3,5	;RP0=0, select bank0
   451     0031  1303               	bcf	3,6	;RP1=0, select bank0
   452     0032  0085               	movwf	5	;volatile
   453     0033                     l767:
   454     0033  3003               	movlw	3
   455     0034  00F7               	movwf	??_main+1
   456     0035  3097               	movlw	151
   457     0036  00F6               	movwf	??_main
   458     0037                     u67:
   459     0037  0BF6               	decfsz	??_main,f
   460     0038  2837               	goto	u67
   461     0039  0BF7               	decfsz	??_main+1,f
   462     003A  2837               	goto	u67
   463     003B  283C               	nop2
   464     003C                     l769:
   465     003C  1283               	bcf	3,5	;RP0=0, select bank0
   466     003D  1303               	bcf	3,6	;RP1=0, select bank0
   467     003E  1407               	bsf	7,0	;volatile
   468     003F                     l771:
   469     003F  1087               	bcf	7,1	;volatile
   470     0040  3061               	movlw	97
   471     0041  120A  118A  20A7  120A  118A  	fcall	_spiWrite
   472     0046  120A  118A  2097  120A  118A  	fcall	_spiRead
   473     004B  1283               	bcf	3,5	;RP0=0, select bank0
   474     004C  1303               	bcf	3,6	;RP1=0, select bank0
   475     004D  0086               	movwf	6	;volatile
   476     004E  2818               	goto	l757
   477     004F  120A  118A  280C   	ljmp	start
   478     0052                     __end_of_main:
   479                           
   480                           	psect	text1
   481     00A7                     __ptext1:	
   482 ;; *************** function _spiWrite *****************
   483 ;; Defined at:
   484 ;;		line 34 in file "../../../LibreriasPIC/SPI.c"
   485 ;; Parameters:    Size  Location     Type
   486 ;;  dat             1    wreg     unsigned char 
   487 ;; Auto vars:     Size  Location     Type
   488 ;;  dat             1    2[COMMON] unsigned char 
   489 ;; Return value:  Size  Location     Type
   490 ;;                  1    wreg      void 
   491 ;; Registers used:
   492 ;;		wreg
   493 ;; Tracked objects:
   494 ;;		On entry : 0/0
   495 ;;		On exit  : 0/0
   496 ;;		Unchanged: 0/0
   497 ;; Data sizes:     COMMON   BANK0   BANK1   BANK3   BANK2
   498 ;;      Params:         0       0       0       0       0
   499 ;;      Locals:         1       0       0       0       0
   500 ;;      Temps:          0       0       0       0       0
   501 ;;      Totals:         1       0       0       0       0
   502 ;;Total ram usage:        1 bytes
   503 ;; Hardware stack levels used: 1
   504 ;; Hardware stack levels required when called: 1
   505 ;; This function calls:
   506 ;;		Nothing
   507 ;; This function is called by:
   508 ;;		_main
   509 ;; This function uses a non-reentrant model
   510 ;;
   511                           
   512     00A7                     _spiWrite:	
   513                           ;psect for function _spiWrite
   514                           
   515                           
   516                           ;incstack = 0
   517                           ; Regs used in _spiWrite: [wreg]
   518                           ;spiWrite@dat stored from wreg
   519     00A7  00F2               	movwf	spiWrite@dat
   520     00A8                     l689:
   521                           
   522                           ;../../../LibreriasPIC/SPI.c: 34: void spiWrite(char dat);../../../LibreriasPIC/SPI.c: 3
      +                          5: {;../../../LibreriasPIC/SPI.c: 36:     SSPBUF = dat;
   523     00A8  0872               	movf	spiWrite@dat,w
   524     00A9  1283               	bcf	3,5	;RP0=0, select bank0
   525     00AA  1303               	bcf	3,6	;RP1=0, select bank0
   526     00AB  0093               	movwf	19	;volatile
   527     00AC                     l26:
   528     00AC  0008               	return
   529     00AD                     __end_of_spiWrite:
   530                           
   531                           	psect	text2
   532     0097                     __ptext2:	
   533 ;; *************** function _spiRead *****************
   534 ;; Defined at:
   535 ;;		line 47 in file "../../../LibreriasPIC/SPI.c"
   536 ;; Parameters:    Size  Location     Type
   537 ;;		None
   538 ;; Auto vars:     Size  Location     Type
   539 ;;		None
   540 ;; Return value:  Size  Location     Type
   541 ;;                  1    wreg      unsigned char 
   542 ;; Registers used:
   543 ;;		wreg, status,2, status,0, pclath, cstack
   544 ;; Tracked objects:
   545 ;;		On entry : 0/0
   546 ;;		On exit  : 0/0
   547 ;;		Unchanged: 0/0
   548 ;; Data sizes:     COMMON   BANK0   BANK1   BANK3   BANK2
   549 ;;      Params:         0       0       0       0       0
   550 ;;      Locals:         0       0       0       0       0
   551 ;;      Temps:          0       0       0       0       0
   552 ;;      Totals:         0       0       0       0       0
   553 ;;Total ram usage:        0 bytes
   554 ;; Hardware stack levels used: 1
   555 ;; Hardware stack levels required when called: 2
   556 ;; This function calls:
   557 ;;		_spiReceiveWait
   558 ;; This function is called by:
   559 ;;		_main
   560 ;; This function uses a non-reentrant model
   561 ;;
   562                           
   563     0097                     _spiRead:	
   564                           ;psect for function _spiRead
   565                           
   566     0097                     l691:	
   567                           ;incstack = 0
   568                           ; Regs used in _spiRead: [wreg+status,2+status,0+pclath+cstack]
   569                           
   570                           
   571                           ;../../../LibreriasPIC/SPI.c: 49:     spiReceiveWait();
   572     0097  120A  118A  20A0  120A  118A  	fcall	_spiReceiveWait
   573     009C                     l693:
   574                           
   575                           ;../../../LibreriasPIC/SPI.c: 50:     return(SSPBUF);
   576     009C  1283               	bcf	3,5	;RP0=0, select bank0
   577     009D  1303               	bcf	3,6	;RP1=0, select bank0
   578     009E  0813               	movf	19,w	;volatile
   579     009F                     l34:
   580     009F  0008               	return
   581     00A0                     __end_of_spiRead:
   582                           
   583                           	psect	text3
   584     00A0                     __ptext3:	
   585 ;; *************** function _spiReceiveWait *****************
   586 ;; Defined at:
   587 ;;		line 29 in file "../../../LibreriasPIC/SPI.c"
   588 ;; Parameters:    Size  Location     Type
   589 ;;		None
   590 ;; Auto vars:     Size  Location     Type
   591 ;;		None
   592 ;; Return value:  Size  Location     Type
   593 ;;                  1    wreg      void 
   594 ;; Registers used:
   595 ;;		None
   596 ;; Tracked objects:
   597 ;;		On entry : 0/0
   598 ;;		On exit  : 0/0
   599 ;;		Unchanged: 0/0
   600 ;; Data sizes:     COMMON   BANK0   BANK1   BANK3   BANK2
   601 ;;      Params:         0       0       0       0       0
   602 ;;      Locals:         0       0       0       0       0
   603 ;;      Temps:          0       0       0       0       0
   604 ;;      Totals:         0       0       0       0       0
   605 ;;Total ram usage:        0 bytes
   606 ;; Hardware stack levels used: 1
   607 ;; Hardware stack levels required when called: 1
   608 ;; This function calls:
   609 ;;		Nothing
   610 ;; This function is called by:
   611 ;;		_spiRead
   612 ;; This function uses a non-reentrant model
   613 ;;
   614                           
   615     00A0                     _spiReceiveWait:	
   616                           ;psect for function _spiReceiveWait
   617                           
   618     00A0                     l687:	
   619                           ;incstack = 0
   620                           ; Regs used in _spiReceiveWait: []
   621                           
   622     00A0                     l20:	
   623                           ;../../../LibreriasPIC/SPI.c: 31:     while ( !SSPSTATbits.BF );
   624                           
   625     00A0  1683               	bsf	3,5	;RP0=1, select bank1
   626     00A1  1303               	bcf	3,6	;RP1=0, select bank1
   627     00A2  1C14               	btfss	20,0	;volatile
   628     00A3  28A5               	goto	u21
   629     00A4  28A6               	goto	u20
   630     00A5                     u21:
   631     00A5  28A0               	goto	l20
   632     00A6                     u20:
   633     00A6                     l23:
   634     00A6  0008               	return
   635     00A7                     __end_of_spiReceiveWait:
   636                           
   637                           	psect	text4
   638     0052                     __ptext4:	
   639 ;; *************** function _setup *****************
   640 ;; Defined at:
   641 ;;		line 72 in file "Prelab3_Master.c"
   642 ;; Parameters:    Size  Location     Type
   643 ;;		None
   644 ;; Auto vars:     Size  Location     Type
   645 ;;		None
   646 ;; Return value:  Size  Location     Type
   647 ;;                  1    wreg      void 
   648 ;; Registers used:
   649 ;;		wreg, status,2, status,0, pclath, cstack
   650 ;; Tracked objects:
   651 ;;		On entry : 0/0
   652 ;;		On exit  : 0/0
   653 ;;		Unchanged: 0/0
   654 ;; Data sizes:     COMMON   BANK0   BANK1   BANK3   BANK2
   655 ;;      Params:         0       0       0       0       0
   656 ;;      Locals:         0       0       0       0       0
   657 ;;      Temps:          0       0       0       0       0
   658 ;;      Totals:         0       0       0       0       0
   659 ;;Total ram usage:        0 bytes
   660 ;; Hardware stack levels used: 1
   661 ;; Hardware stack levels required when called: 2
   662 ;; This function calls:
   663 ;;		_spiInit
   664 ;; This function is called by:
   665 ;;		_main
   666 ;; This function uses a non-reentrant model
   667 ;;
   668                           
   669     0052                     _setup:	
   670                           ;psect for function _setup
   671                           
   672     0052                     l745:	
   673                           ;incstack = 0
   674                           ; Regs used in _setup: [wreg+status,2+status,0+pclath+cstack]
   675                           
   676     0052  1683               	bsf	3,5	;RP0=1, select bank3
   677     0053  1703               	bsf	3,6	;RP1=1, select bank3
   678     0054  0188               	clrf	8	;volatile
   679     0055  0189               	clrf	9	;volatile
   680     0056  1683               	bsf	3,5	;RP0=1, select bank1
   681     0057  1303               	bcf	3,6	;RP1=0, select bank1
   682     0058  0185               	clrf	5	;volatile
   683     0059  1283               	bcf	3,5	;RP0=0, select bank0
   684     005A  1303               	bcf	3,6	;RP1=0, select bank0
   685     005B  0185               	clrf	5	;volatile
   686     005C  1683               	bsf	3,5	;RP0=1, select bank1
   687     005D  1303               	bcf	3,6	;RP1=0, select bank1
   688     005E  0186               	clrf	6	;volatile
   689     005F  1283               	bcf	3,5	;RP0=0, select bank0
   690     0060  1303               	bcf	3,6	;RP1=0, select bank0
   691     0061  0186               	clrf	6	;volatile
   692     0062                     l747:
   693     0062  3070               	movlw	112
   694     0063  1683               	bsf	3,5	;RP0=1, select bank1
   695     0064  1303               	bcf	3,6	;RP1=0, select bank1
   696     0065  048F               	iorwf	15,f	;volatile
   697     0066                     l749:
   698     0066  140F               	bsf	15,0	;volatile
   699     0067                     l751:
   700     0067  3010               	movlw	16
   701     0068  0087               	movwf	7	;volatile
   702     0069                     l753:
   703     0069  01F2               	clrf	spiInit@sDataSample
   704     006A  01F3               	clrf	spiInit@sClockIdle
   705     006B  01F4               	clrf	spiInit@sTransmitEdge
   706     006C  3020               	movlw	32
   707     006D  120A  118A  2073  120A  118A  	fcall	_spiInit
   708     0072                     l85:
   709     0072  0008               	return
   710     0073                     __end_of_setup:
   711                           
   712                           	psect	text5
   713     0073                     __ptext5:	
   714 ;; *************** function _spiInit *****************
   715 ;; Defined at:
   716 ;;		line 12 in file "../../../LibreriasPIC/SPI.c"
   717 ;; Parameters:    Size  Location     Type
   718 ;;  sType           1    wreg     enum E1292
   719 ;;  sDataSample     1    2[COMMON] enum E1300
   720 ;;  sClockIdle      1    3[COMMON] enum E1304
   721 ;;  sTransmitEdg    1    4[COMMON] enum E1308
   722 ;; Auto vars:     Size  Location     Type
   723 ;;  sType           1    5[COMMON] enum E1292
   724 ;; Return value:  Size  Location     Type
   725 ;;                  1    wreg      void 
   726 ;; Registers used:
   727 ;;		wreg, status,2, status,0
   728 ;; Tracked objects:
   729 ;;		On entry : 0/0
   730 ;;		On exit  : 0/0
   731 ;;		Unchanged: 0/0
   732 ;; Data sizes:     COMMON   BANK0   BANK1   BANK3   BANK2
   733 ;;      Params:         3       0       0       0       0
   734 ;;      Locals:         1       0       0       0       0
   735 ;;      Temps:          0       0       0       0       0
   736 ;;      Totals:         4       0       0       0       0
   737 ;;Total ram usage:        4 bytes
   738 ;; Hardware stack levels used: 1
   739 ;; Hardware stack levels required when called: 1
   740 ;; This function calls:
   741 ;;		Nothing
   742 ;; This function is called by:
   743 ;;		_setup
   744 ;; This function uses a non-reentrant model
   745 ;;
   746                           
   747     0073                     _spiInit:	
   748                           ;psect for function _spiInit
   749                           
   750                           
   751                           ;incstack = 0
   752                           ; Regs used in _spiInit: [wreg+status,2+status,0]
   753                           ;spiInit@sType stored from wreg
   754     0073  00F5               	movwf	spiInit@sType
   755     0074                     l735:
   756                           
   757                           ;../../../LibreriasPIC/SPI.c: 12: void spiInit(Spi_Type sType, Spi_Data_Sample sDataSamp
      +                          le, Spi_Clock_Idle sClockIdle, Spi_Transmit_Edge sTransmitEdge);../../../LibreriasPIC/SP
      +                          I.c: 13: {;../../../LibreriasPIC/SPI.c: 14:     TRISC5 = 0;
   758     0074  1683               	bsf	3,5	;RP0=1, select bank1
   759     0075  1303               	bcf	3,6	;RP1=0, select bank1
   760     0076  1287               	bcf	7,5	;volatile
   761                           
   762                           ;../../../LibreriasPIC/SPI.c: 15:     if(sType & 0b00000100)
   763     0077  1D75               	btfss	spiInit@sType,2
   764     0078  287A               	goto	u41
   765     0079  287B               	goto	u40
   766     007A                     u41:
   767     007A  287F               	goto	l741
   768     007B                     u40:
   769     007B                     l737:
   770                           
   771                           ;../../../LibreriasPIC/SPI.c: 16:     {;../../../LibreriasPIC/SPI.c: 17:         SSPSTAT
      +                           = sTransmitEdge;
   772     007B  0874               	movf	spiInit@sTransmitEdge,w
   773     007C  0094               	movwf	20	;volatile
   774     007D                     l739:
   775                           
   776                           ;../../../LibreriasPIC/SPI.c: 18:         TRISC3 = 1;
   777     007D  1587               	bsf	7,3	;volatile
   778                           
   779                           ;../../../LibreriasPIC/SPI.c: 19:     }
   780     007E  2883               	goto	l16
   781     007F                     l741:
   782                           
   783                           ;../../../LibreriasPIC/SPI.c: 21:     {;../../../LibreriasPIC/SPI.c: 22:         SSPSTAT
      +                           = sDataSample | sTransmitEdge;
   784     007F  0872               	movf	spiInit@sDataSample,w
   785     0080  0474               	iorwf	spiInit@sTransmitEdge,w
   786     0081  0094               	movwf	20	;volatile
   787     0082                     l743:
   788                           
   789                           ;../../../LibreriasPIC/SPI.c: 23:         TRISC3 = 0;
   790     0082  1187               	bcf	7,3	;volatile
   791     0083                     l16:	
   792                           ;../../../LibreriasPIC/SPI.c: 24:     }
   793                           
   794                           
   795                           ;../../../LibreriasPIC/SPI.c: 26:     SSPCON = sType | sClockIdle;
   796     0083  0875               	movf	spiInit@sType,w
   797     0084  0473               	iorwf	spiInit@sClockIdle,w
   798     0085  1283               	bcf	3,5	;RP0=0, select bank0
   799     0086  1303               	bcf	3,6	;RP1=0, select bank0
   800     0087  0094               	movwf	20	;volatile
   801     0088                     l17:
   802     0088  0008               	return
   803     0089                     __end_of_spiInit:
   804                           
   805                           	psect	text6
   806     0089                     __ptext6:	
   807 ;; *************** function _isr *****************
   808 ;; Defined at:
   809 ;;		line 42 in file "Prelab3_Master.c"
   810 ;; Parameters:    Size  Location     Type
   811 ;;		None
   812 ;; Auto vars:     Size  Location     Type
   813 ;;		None
   814 ;; Return value:  Size  Location     Type
   815 ;;                  1    wreg      void 
   816 ;; Registers used:
   817 ;;		None
   818 ;; Tracked objects:
   819 ;;		On entry : 0/0
   820 ;;		On exit  : 0/0
   821 ;;		Unchanged: 0/0
   822 ;; Data sizes:     COMMON   BANK0   BANK1   BANK3   BANK2
   823 ;;      Params:         0       0       0       0       0
   824 ;;      Locals:         0       0       0       0       0
   825 ;;      Temps:          2       0       0       0       0
   826 ;;      Totals:         2       0       0       0       0
   827 ;;Total ram usage:        2 bytes
   828 ;; Hardware stack levels used: 1
   829 ;; This function calls:
   830 ;;		Nothing
   831 ;; This function is called by:
   832 ;;		Interrupt level 1
   833 ;; This function uses a non-reentrant model
   834 ;;
   835                           
   836     0089                     _isr:	
   837                           ;psect for function _isr
   838                           
   839     0089                     i1l713:
   840                           
   841                           ;Prelab3_Master.c: 43: 
   842     0089  1283               	bcf	3,5	;RP0=0, select bank0
   843     008A  1303               	bcf	3,6	;RP1=0, select bank0
   844     008B  1D8C               	btfss	12,3	;volatile
   845     008C  288E               	goto	u3_21
   846     008D  288F               	goto	u3_20
   847     008E                     u3_21:
   848     008E  2890               	goto	i1l74
   849     008F                     u3_20:
   850     008F                     i1l715:
   851                           
   852                           ;Prelab3_Master.c: 44:     TRISB = 0;
   853     008F  118C               	bcf	12,3	;volatile
   854     0090                     i1l74:
   855     0090  0871               	movf	??_isr+1,w
   856     0091  008A               	movwf	10
   857     0092  0E70               	swapf	??_isr,w
   858     0093  0083               	movwf	3
   859     0094  0EFE               	swapf	btemp,f
   860     0095  0E7E               	swapf	btemp,w
   861     0096  0009               	retfie
   862     0097                     __end_of_isr:
   863     007E                     btemp	set	126	;btemp
   864     007E                     wtemp0	set	126
   865                           
   866                           	psect	intentry
   867     0004                     __pintentry:	
   868                           ;incstack = 0
   869                           ; Regs used in _isr: []
   870                           
   871     0004                     interrupt_function:
   872     007E                     saved_w	set	btemp
   873     0004  00FE               	movwf	btemp
   874     0005  0E03               	swapf	3,w
   875     0006  00F0               	movwf	??_isr
   876     0007  080A               	movf	10,w
   877     0008  00F1               	movwf	??_isr+1
   878     0009  120A  118A  2889   	ljmp	_isr
   879                           
   880                           	psect	config
   881                           
   882                           ;Config register CONFIG1 @ 0x2007
   883                           ;	Oscillator Selection bits
   884                           ;	FOSC = INTRC_NOCLKOUT, INTOSCIO oscillator: I/O function on RA6/OSC2/CLKOUT pin, I/O f
      +                          unction on RA7/OSC1/CLKIN
   885                           ;	Watchdog Timer Enable bit
   886                           ;	WDTE = OFF, WDT disabled and can be enabled by SWDTEN bit of the WDTCON register
   887                           ;	Power-up Timer Enable bit
   888                           ;	PWRTE = OFF, PWRT disabled
   889                           ;	RE3/MCLR pin function select bit
   890                           ;	MCLRE = OFF, RE3/MCLR pin function is digital input, MCLR internally tied to VDD
   891                           ;	Code Protection bit
   892                           ;	CP = OFF, Program memory code protection is disabled
   893                           ;	Data Code Protection bit
   894                           ;	CPD = OFF, Data memory code protection is disabled
   895                           ;	Brown Out Reset Selection bits
   896                           ;	BOREN = OFF, BOR disabled
   897                           ;	Internal External Switchover bit
   898                           ;	IESO = OFF, Internal/External Switchover mode is disabled
   899                           ;	Fail-Safe Clock Monitor Enabled bit
   900                           ;	FCMEN = OFF, Fail-Safe Clock Monitor is disabled
   901                           ;	Low Voltage Programming Enable bit
   902                           ;	LVP = OFF, RB3 pin has digital I/O, HV on MCLR must be used for programming
   903                           ;	In-Circuit Debugger Mode bit
   904                           ;	DEBUG = 0x1, unprogrammed default
   905     2007                     	org	8199
   906     2007  20D4               	dw	8404
   907                           
   908                           ;Config register CONFIG2 @ 0x2008
   909                           ;	Brown-out Reset Selection bit
   910                           ;	BOR4V = BOR40V, Brown-out Reset set to 4.0V
   911                           ;	Flash Program Memory Self Write Enable bits
   912                           ;	WRT = OFF, Write protection off
   913     2008                     	org	8200
   914     2008  3FFF               	dw	16383

Data Sizes:
    Strings     0
    Constant    0
    Data        0
    BSS         0
    Persistent  0
    Stack       0

Auto Spaces:
    Space          Size  Autos    Used
    COMMON           14      8       8
    BANK0            80      0       0
    BANK1            80      0       0
    BANK3            96      0       0
    BANK2            96      0       0

Pointer List with Targets:

    None.

Critical Paths under _main in COMMON

    _setup->_spiInit

Critical Paths under _isr in COMMON

    None.

Critical Paths under _main in BANK0

    None.

Critical Paths under _isr in BANK0

    None.

Critical Paths under _main in BANK1

    None.

Critical Paths under _isr in BANK1

    None.

Critical Paths under _main in BANK3

    None.

Critical Paths under _isr in BANK3

    None.

Critical Paths under _main in BANK2

    None.

Critical Paths under _isr in BANK2

    None.

Call Graph Tables:

 ---------------------------------------------------------------------------------
 (Depth) Function   	        Calls       Base Space   Used Autos Params    Refs
 ---------------------------------------------------------------------------------
 (0) _main                                                 2     2      0     375
                                              6 COMMON     2     2      0
                              _setup
                            _spiRead
                           _spiWrite
 ---------------------------------------------------------------------------------
 (1) _spiWrite                                             1     1      0      15
                                              2 COMMON     1     1      0
 ---------------------------------------------------------------------------------
 (1) _spiRead                                              0     0      0       0
                     _spiReceiveWait
 ---------------------------------------------------------------------------------
 (2) _spiReceiveWait                                       0     0      0       0
 ---------------------------------------------------------------------------------
 (1) _setup                                                0     0      0     360
                            _spiInit
 ---------------------------------------------------------------------------------
 (2) _spiInit                                              4     1      3     360
                                              2 COMMON     4     1      3
 ---------------------------------------------------------------------------------
 Estimated maximum stack depth 2
 ---------------------------------------------------------------------------------
 (Depth) Function   	        Calls       Base Space   Used Autos Params    Refs
 ---------------------------------------------------------------------------------
 (3) _isr                                                  2     2      0       0
                                              0 COMMON     2     2      0
 ---------------------------------------------------------------------------------
 Estimated maximum stack depth 3
 ---------------------------------------------------------------------------------

 Call Graph Graphs:

 _main (ROOT)
   _setup
     _spiInit
   _spiRead
     _spiReceiveWait
   _spiWrite

 _isr (ROOT)

 Address spaces:
Name               Size   Autos  Total    Cost      Usage
BITCOMMON            E      0       0       0        0.0%
EEDATA             100      0       0       0        0.0%
NULL                 0      0       0       0        0.0%
CODE                 0      0       0       0        0.0%
COMMON               E      8       8       1       57.1%
BITSFR0              0      0       0       1        0.0%
SFR0                 0      0       0       1        0.0%
BITSFR1              0      0       0       2        0.0%
SFR1                 0      0       0       2        0.0%
STACK                0      0       0       2        0.0%
ABS                  0      0       0       3        0.0%
BITBANK0            50      0       0       4        0.0%
BITSFR3              0      0       0       4        0.0%
SFR3                 0      0       0       4        0.0%
BANK0               50      0       0       5        0.0%
BITSFR2              0      0       0       5        0.0%
SFR2                 0      0       0       5        0.0%
BITBANK1            50      0       0       6        0.0%
BANK1               50      0       0       7        0.0%
BITBANK3            60      0       0       8        0.0%
BANK3               60      0       0       9        0.0%
BITBANK2            60      0       0      10        0.0%
BANK2               60      0       0      11        0.0%
DATA                 0      0       0      12        0.0%


Microchip Technology PIC Macro Assembler V2.41 build 20230208172133 
Symbol Table                                                                                   Wed Aug 02 19:31:55 2023

            _SSPSTATbits 0094                       l20 00A0                       l23 00A6  
                     l16 0083                       l17 0088                       l34 009F  
                     l26 00AC                       l85 0072                       u20 00A6  
                     u21 00A5                       u40 007B                       u41 007A  
                     u57 001C                       u67 0037                      l741 007F  
                    l743 0082                      l735 0074                      l751 0067  
                    l737 007B                      l753 0069                      l745 0052  
                    l761 0024                      l739 007D                      l747 0062  
                    l691 0097                      l771 003F                      l763 0025  
                    l755 0013                      l749 0066                      l693 009C  
                    l765 002B                      l757 0018                      l687 00A0  
                    l767 0033                      l759 0021                      l689 00A8  
                    l769 003C                      _RC0 0038                      _RC1 0039  
                    _SCS 0478                      _isr 0089                     ?_isr 0070  
                   i1l74 0090                     u3_20 008F                     u3_21 008E  
                   _main 0013                     btemp 007E                     start 000C  
                  ??_isr 0070                    ?_main 0070                    _ANSEL 0188  
                  i1l713 0089                    i1l715 008F                    _PORTA 0005  
                  _PORTB 0006                    _TRISA 0085                    _TRISB 0086  
                  _TRISC 0087                    _SSPIF 0063                    _setup 0052  
                  pclath 000A          __end_of_spiInit 0089          __end_of_spiRead 00A0  
                  status 0003                    wtemp0 007E          __initialization 000F  
           __end_of_main 0052                   ??_main 0076                   ?_setup 0070  
                 _ANSELH 0189                   _TRISC3 043B                   _TRISC5 043D  
                 _SSPCON 0014                   _SSPBUF 0013                   saved_w 007E  
       __end_of_spiWrite 00AD                ??_spiInit 0075                ??_spiRead 0072  
__end_of__initialization 000F           __pcstackCOMMON 0070            __end_of_setup 0073  
                ??_setup 0076               __pmaintext 0013               __pintentry 0004  
                _SSPSTAT 0094                ?_spiWrite 0070                  __ptext1 00A7  
                __ptext2 0097                  __ptext3 00A0                  __ptext4 0052  
                __ptext5 0073                  __ptext6 0089                  _spiInit 0073  
                _spiRead 0097     end_of_initialization 000F               ??_spiWrite 0072  
            spiWrite@dat 0072           _spiReceiveWait 00A0      start_initialization 000F  
            __end_of_isr 0097   __end_of_spiReceiveWait 00A7                ___latbits 0002  
        ?_spiReceiveWait 0070                 ?_spiInit 0072                 ?_spiRead 0070  
   spiInit@sTransmitEdge 0074        interrupt_function 0004       spiInit@sDataSample 0072  
               _spiWrite 00A7             spiInit@sType 0075        spiInit@sClockIdle 0073  
               intlevel1 0000         ??_spiReceiveWait 0072               _OSCCONbits 008F  
